2024-09-13 11:09:15,965 WARN [restartedMain] o.a.c.c.C.[.[.[/community] [DirectJDKLog.java:173] Cannot deserialize session attribute [SPRING_SECURITY_CONTEXT] for session [FAF43C4A3D763C726FB4F92076455B71]
2024-09-13 11:09:16,107 WARN [restartedMain] o.s.b.w.s.c.AnnotationConfigServletWebServerApplicationContext [AbstractApplicationContext.java:557] Exception encountered during context initialization - cancelling refresh attempt: org.springframework.beans.factory.UnsatisfiedDependencyException: Error creating bean with name 'alphaController': Unsatisfied dependency expressed through field 'alphaService'; nested exception is org.springframework.beans.factory.BeanCreationException: Error creating bean with name 'alphaService' defined in file [/home/aug/software/java/projects_work/community/target/classes/com/nowcoder/community/service/AlphaService.class]: Post-processing of merged bean definition failed; nested exception is java.lang.IllegalStateException: Failed to introspect Class [com.nowcoder.community.service.AlphaService] from ClassLoader [org.springframework.boot.devtools.restart.classloader.RestartClassLoader@e9f1e54]
2024-09-13 11:09:16,110 WARN [restartedMain] o.a.c.l.WebappClassLoaderBase [DirectJDKLog.java:173] The web application [community] appears to have started a thread named [logback-2] but has failed to stop it. This is very likely to create a memory leak. Stack trace of thread:
 java.base@11.0.24/jdk.internal.misc.Unsafe.park(Native Method)
 java.base@11.0.24/java.util.concurrent.locks.LockSupport.park(LockSupport.java:194)
 java.base@11.0.24/java.util.concurrent.locks.AbstractQueuedSynchronizer$ConditionObject.await(AbstractQueuedSynchronizer.java:2081)
 java.base@11.0.24/java.util.concurrent.ScheduledThreadPoolExecutor$DelayedWorkQueue.take(ScheduledThreadPoolExecutor.java:1170)
 java.base@11.0.24/java.util.concurrent.ScheduledThreadPoolExecutor$DelayedWorkQueue.take(ScheduledThreadPoolExecutor.java:899)
 java.base@11.0.24/java.util.concurrent.ThreadPoolExecutor.getTask(ThreadPoolExecutor.java:1054)
 java.base@11.0.24/java.util.concurrent.ThreadPoolExecutor.runWorker(ThreadPoolExecutor.java:1114)
 java.base@11.0.24/java.util.concurrent.ThreadPoolExecutor$Worker.run(ThreadPoolExecutor.java:628)
 java.base@11.0.24/java.lang.Thread.run(Thread.java:829)
2024-09-13 11:09:16,110 WARN [restartedMain] o.a.c.l.WebappClassLoaderBase [DirectJDKLog.java:173] The web application [community] appears to have started a thread named [logback-3] but has failed to stop it. This is very likely to create a memory leak. Stack trace of thread:
 java.base@11.0.24/jdk.internal.misc.Unsafe.park(Native Method)
 java.base@11.0.24/java.util.concurrent.locks.LockSupport.park(LockSupport.java:194)
 java.base@11.0.24/java.util.concurrent.locks.AbstractQueuedSynchronizer$ConditionObject.await(AbstractQueuedSynchronizer.java:2081)
 java.base@11.0.24/java.util.concurrent.ScheduledThreadPoolExecutor$DelayedWorkQueue.take(ScheduledThreadPoolExecutor.java:1170)
 java.base@11.0.24/java.util.concurrent.ScheduledThreadPoolExecutor$DelayedWorkQueue.take(ScheduledThreadPoolExecutor.java:899)
 java.base@11.0.24/java.util.concurrent.ThreadPoolExecutor.getTask(ThreadPoolExecutor.java:1054)
 java.base@11.0.24/java.util.concurrent.ThreadPoolExecutor.runWorker(ThreadPoolExecutor.java:1114)
 java.base@11.0.24/java.util.concurrent.ThreadPoolExecutor$Worker.run(ThreadPoolExecutor.java:628)
 java.base@11.0.24/java.lang.Thread.run(Thread.java:829)
2024-09-13 11:11:02,035 WARN [restartedMain] o.s.b.w.s.c.AnnotationConfigServletWebServerApplicationContext [AbstractApplicationContext.java:557] Exception encountered during context initialization - cancelling refresh attempt: org.springframework.beans.factory.BeanCreationException: Error creating bean with name 'commentController' defined in file [/home/aug/software/java/projects_work/community/target/classes/com/nowcoder/community/controller/CommentController.class]: Post-processing of merged bean definition failed; nested exception is java.lang.IllegalStateException: Failed to introspect Class [com.nowcoder.community.controller.CommentController] from ClassLoader [org.springframework.boot.devtools.restart.classloader.RestartClassLoader@16f3b511]
