2024-09-10 20:52:01,898 INFO [restartedMain] c.n.c.CommunityApplication [StartupInfoLogger.java:50] Starting CommunityApplication on aug-CVN-Z690-GAMING-PRO with PID 1758343 (/home/aug/software/java/projects_work/community/target/classes started by aug in /home/aug/software/java/projects_work/community)
2024-09-10 20:52:01,901 INFO [restartedMain] c.n.c.CommunityApplication [SpringApplication.java:675] No active profile set, falling back to default profiles: default
2024-09-10 20:52:01,920 INFO [restartedMain] o.s.b.d.e.DevToolsPropertyDefaultsPostProcessor [DeferredLog.java:227] Devtools property defaults active! Set 'spring.devtools.add-properties' to 'false' to disable
2024-09-10 20:52:01,920 INFO [restartedMain] o.s.b.d.e.DevToolsPropertyDefaultsPostProcessor [DeferredLog.java:227] For additional web related logging consider setting the 'logging.level.web' property to 'DEBUG'
2024-09-10 20:52:02,282 INFO [restartedMain] o.s.d.r.c.RepositoryConfigurationDelegate [RepositoryConfigurationDelegate.java:244] Multiple Spring Data modules found, entering strict repository configuration mode!
2024-09-10 20:52:02,283 INFO [restartedMain] o.s.d.r.c.RepositoryConfigurationDelegate [RepositoryConfigurationDelegate.java:126] Bootstrapping Spring Data repositories in DEFAULT mode.
2024-09-10 20:52:02,314 INFO [restartedMain] o.s.d.r.c.RepositoryConfigurationDelegate [RepositoryConfigurationDelegate.java:182] Finished Spring Data repository scanning in 29ms. Found 1 repository interfaces.
2024-09-10 20:52:02,319 INFO [restartedMain] o.s.d.r.c.RepositoryConfigurationDelegate [RepositoryConfigurationDelegate.java:244] Multiple Spring Data modules found, entering strict repository configuration mode!
2024-09-10 20:52:02,320 INFO [restartedMain] o.s.d.r.c.RepositoryConfigurationDelegate [RepositoryConfigurationDelegate.java:126] Bootstrapping Spring Data repositories in DEFAULT mode.
2024-09-10 20:52:02,326 INFO [restartedMain] o.s.d.r.c.RepositoryConfigurationExtensionSupport [RepositoryConfigurationExtensionSupport.java:363] Spring Data Redis - Could not safely identify store assignment for repository candidate interface com.nowcoder.community.dao.elasticsearch.DiscussPostRepository.
2024-09-10 20:52:02,327 INFO [restartedMain] o.s.d.r.c.RepositoryConfigurationDelegate [RepositoryConfigurationDelegate.java:182] Finished Spring Data repository scanning in 3ms. Found 0 repository interfaces.
2024-09-10 20:52:02,488 INFO [restartedMain] o.s.c.s.PostProcessorRegistrationDelegate$BeanPostProcessorChecker [PostProcessorRegistrationDelegate.java:330] Bean 'org.springframework.kafka.annotation.KafkaBootstrapConfiguration' of type [org.springframework.kafka.annotation.KafkaBootstrapConfiguration$$EnhancerBySpringCGLIB$$db9f9491] is not eligible for getting processed by all BeanPostProcessors (for example: not eligible for auto-proxying)
2024-09-10 20:52:02,514 INFO [restartedMain] o.s.c.s.PostProcessorRegistrationDelegate$BeanPostProcessorChecker [PostProcessorRegistrationDelegate.java:330] Bean 'org.springframework.transaction.annotation.ProxyTransactionManagementConfiguration' of type [org.springframework.transaction.annotation.ProxyTransactionManagementConfiguration$$EnhancerBySpringCGLIB$$7ed830e] is not eligible for getting processed by all BeanPostProcessors (for example: not eligible for auto-proxying)
2024-09-10 20:52:02,707 INFO [restartedMain] o.s.b.w.e.t.TomcatWebServer [TomcatWebServer.java:90] Tomcat initialized with port(s): 8080 (http)
2024-09-10 20:52:02,714 INFO [restartedMain] o.a.c.h.Http11NioProtocol [DirectJDKLog.java:173] Initializing ProtocolHandler ["http-nio-8080"]
2024-09-10 20:52:02,719 INFO [restartedMain] o.a.c.c.StandardService [DirectJDKLog.java:173] Starting service [Tomcat]
2024-09-10 20:52:02,720 INFO [restartedMain] o.a.c.c.StandardEngine [DirectJDKLog.java:173] Starting Servlet engine: [Apache Tomcat/9.0.19]
2024-09-10 20:52:02,757 INFO [restartedMain] o.a.c.c.C.[.[.[/community] [DirectJDKLog.java:173] Initializing Spring embedded WebApplicationContext
2024-09-10 20:52:02,757 INFO [restartedMain] o.s.w.c.ContextLoader [ServletWebServerApplicationContext.java:296] Root WebApplicationContext: initialization completed in 837 ms
2024-09-10 20:52:03,239 INFO [restartedMain] o.e.p.PluginsService [PluginsService.java:190] no modules loaded
2024-09-10 20:52:03,240 INFO [restartedMain] o.e.p.PluginsService [PluginsService.java:193] loaded plugin [org.elasticsearch.index.reindex.ReindexPlugin]
2024-09-10 20:52:03,240 INFO [restartedMain] o.e.p.PluginsService [PluginsService.java:193] loaded plugin [org.elasticsearch.join.ParentJoinPlugin]
2024-09-10 20:52:03,240 INFO [restartedMain] o.e.p.PluginsService [PluginsService.java:193] loaded plugin [org.elasticsearch.percolator.PercolatorPlugin]
2024-09-10 20:52:03,240 INFO [restartedMain] o.e.p.PluginsService [PluginsService.java:193] loaded plugin [org.elasticsearch.script.mustache.MustachePlugin]
2024-09-10 20:52:03,240 INFO [restartedMain] o.e.p.PluginsService [PluginsService.java:193] loaded plugin [org.elasticsearch.transport.Netty4Plugin]
2024-09-10 20:52:03,535 INFO [restartedMain] o.s.d.e.c.TransportClientFactoryBean [TransportClientFactoryBean.java:88] Adding transport node : 127.0.0.1:9300
2024-09-10 20:52:03,673 INFO [restartedMain] o.s.b.d.a.OptionalLiveReloadServer [OptionalLiveReloadServer.java:57] LiveReload server is running on port 35729
2024-09-10 20:52:03,830 INFO [restartedMain] o.s.s.c.ThreadPoolTaskExecutor [ExecutorConfigurationSupport.java:171] Initializing ExecutorService 'applicationTaskExecutor'
2024-09-10 20:52:03,885 INFO [restartedMain] o.s.b.a.w.s.WelcomePageHandlerMapping [WelcomePageHandlerMapping.java:61] Adding welcome page template: index
2024-09-10 20:52:04,112 INFO [restartedMain] o.s.b.a.s.s.UserDetailsServiceAutoConfiguration [UserDetailsServiceAutoConfiguration.java:87] 

Using generated security password: 39c3e222-2f02-43dd-b7a5-82ab5cb657d0

2024-09-10 20:52:04,136 INFO [restartedMain] o.s.s.w.DefaultSecurityFilterChain [DefaultSecurityFilterChain.java:43] Creating filter chain: Ant [pattern='/resources/**'], []
2024-09-10 20:52:04,155 INFO [restartedMain] o.s.s.w.DefaultSecurityFilterChain [DefaultSecurityFilterChain.java:43] Creating filter chain: any request, [org.springframework.security.web.context.request.async.WebAsyncManagerIntegrationFilter@4a73d9be, org.springframework.security.web.context.SecurityContextPersistenceFilter@613d6f2c, org.springframework.security.web.header.HeaderWriterFilter@76c32022, org.springframework.security.web.authentication.logout.LogoutFilter@1c9af8d6, org.springframework.security.web.savedrequest.RequestCacheAwareFilter@f3d519c, org.springframework.security.web.servletapi.SecurityContextHolderAwareRequestFilter@172d2988, org.springframework.security.web.authentication.AnonymousAuthenticationFilter@1980771c, org.springframework.security.web.session.SessionManagementFilter@c0c966f, org.springframework.security.web.access.ExceptionTranslationFilter@4ef1d624, org.springframework.security.web.access.intercept.FilterSecurityInterceptor@47e210ec]
2024-09-10 20:52:04,203 INFO [restartedMain] o.a.k.c.c.ConsumerConfig [AbstractConfig.java:279] ConsumerConfig values: 
	auto.commit.interval.ms = 3000
	auto.offset.reset = latest
	bootstrap.servers = [192.168.6.216:9092]
	check.crcs = true
	client.id = 
	connections.max.idle.ms = 540000
	default.api.timeout.ms = 60000
	enable.auto.commit = true
	exclude.internal.topics = true
	fetch.max.bytes = 52428800
	fetch.max.wait.ms = 500
	fetch.min.bytes = 1
	group.id = community-consumer-group
	heartbeat.interval.ms = 3000
	interceptor.classes = []
	internal.leave.group.on.close = true
	isolation.level = read_uncommitted
	key.deserializer = class org.apache.kafka.common.serialization.StringDeserializer
	max.partition.fetch.bytes = 1048576
	max.poll.interval.ms = 300000
	max.poll.records = 500
	metadata.max.age.ms = 300000
	metric.reporters = []
	metrics.num.samples = 2
	metrics.recording.level = INFO
	metrics.sample.window.ms = 30000
	partition.assignment.strategy = [class org.apache.kafka.clients.consumer.RangeAssignor]
	receive.buffer.bytes = 65536
	reconnect.backoff.max.ms = 1000
	reconnect.backoff.ms = 50
	request.timeout.ms = 30000
	retry.backoff.ms = 100
	sasl.client.callback.handler.class = null
	sasl.jaas.config = null
	sasl.kerberos.kinit.cmd = /usr/bin/kinit
	sasl.kerberos.min.time.before.relogin = 60000
	sasl.kerberos.service.name = null
	sasl.kerberos.ticket.renew.jitter = 0.05
	sasl.kerberos.ticket.renew.window.factor = 0.8
	sasl.login.callback.handler.class = null
	sasl.login.class = null
	sasl.login.refresh.buffer.seconds = 300
	sasl.login.refresh.min.period.seconds = 60
	sasl.login.refresh.window.factor = 0.8
	sasl.login.refresh.window.jitter = 0.05
	sasl.mechanism = GSSAPI
	security.protocol = PLAINTEXT
	send.buffer.bytes = 131072
	session.timeout.ms = 10000
	ssl.cipher.suites = null
	ssl.enabled.protocols = [TLSv1.2, TLSv1.1, TLSv1]
	ssl.endpoint.identification.algorithm = https
	ssl.key.password = null
	ssl.keymanager.algorithm = SunX509
	ssl.keystore.location = null
	ssl.keystore.password = null
	ssl.keystore.type = JKS
	ssl.protocol = TLS
	ssl.provider = null
	ssl.secure.random.implementation = null
	ssl.trustmanager.algorithm = PKIX
	ssl.truststore.location = null
	ssl.truststore.password = null
	ssl.truststore.type = JKS
	value.deserializer = class org.apache.kafka.common.serialization.StringDeserializer

2024-09-10 20:52:04,222 INFO [restartedMain] o.a.k.c.u.AppInfoParser [AppInfoParser.java:109] Kafka version : 2.0.1
2024-09-10 20:52:04,223 INFO [restartedMain] o.a.k.c.u.AppInfoParser [AppInfoParser.java:110] Kafka commitId : fa14705e51bd2ce5
2024-09-10 20:52:04,261 INFO [restartedMain] o.a.k.c.Metadata [Metadata.java:285] Cluster ID: ZVBvtguYSf6oEa_eHeuqbg
2024-09-10 20:52:04,268 INFO [restartedMain] o.a.k.c.c.ConsumerConfig [AbstractConfig.java:279] ConsumerConfig values: 
	auto.commit.interval.ms = 3000
	auto.offset.reset = latest
	bootstrap.servers = [192.168.6.216:9092]
	check.crcs = true
	client.id = 
	connections.max.idle.ms = 540000
	default.api.timeout.ms = 60000
	enable.auto.commit = true
	exclude.internal.topics = true
	fetch.max.bytes = 52428800
	fetch.max.wait.ms = 500
	fetch.min.bytes = 1
	group.id = community-consumer-group
	heartbeat.interval.ms = 3000
	interceptor.classes = []
	internal.leave.group.on.close = true
	isolation.level = read_uncommitted
	key.deserializer = class org.apache.kafka.common.serialization.StringDeserializer
	max.partition.fetch.bytes = 1048576
	max.poll.interval.ms = 300000
	max.poll.records = 500
	metadata.max.age.ms = 300000
	metric.reporters = []
	metrics.num.samples = 2
	metrics.recording.level = INFO
	metrics.sample.window.ms = 30000
	partition.assignment.strategy = [class org.apache.kafka.clients.consumer.RangeAssignor]
	receive.buffer.bytes = 65536
	reconnect.backoff.max.ms = 1000
	reconnect.backoff.ms = 50
	request.timeout.ms = 30000
	retry.backoff.ms = 100
	sasl.client.callback.handler.class = null
	sasl.jaas.config = null
	sasl.kerberos.kinit.cmd = /usr/bin/kinit
	sasl.kerberos.min.time.before.relogin = 60000
	sasl.kerberos.service.name = null
	sasl.kerberos.ticket.renew.jitter = 0.05
	sasl.kerberos.ticket.renew.window.factor = 0.8
	sasl.login.callback.handler.class = null
	sasl.login.class = null
	sasl.login.refresh.buffer.seconds = 300
	sasl.login.refresh.min.period.seconds = 60
	sasl.login.refresh.window.factor = 0.8
	sasl.login.refresh.window.jitter = 0.05
	sasl.mechanism = GSSAPI
	security.protocol = PLAINTEXT
	send.buffer.bytes = 131072
	session.timeout.ms = 10000
	ssl.cipher.suites = null
	ssl.enabled.protocols = [TLSv1.2, TLSv1.1, TLSv1]
	ssl.endpoint.identification.algorithm = https
	ssl.key.password = null
	ssl.keymanager.algorithm = SunX509
	ssl.keystore.location = null
	ssl.keystore.password = null
	ssl.keystore.type = JKS
	ssl.protocol = TLS
	ssl.provider = null
	ssl.secure.random.implementation = null
	ssl.trustmanager.algorithm = PKIX
	ssl.truststore.location = null
	ssl.truststore.password = null
	ssl.truststore.type = JKS
	value.deserializer = class org.apache.kafka.common.serialization.StringDeserializer

2024-09-10 20:52:04,270 INFO [restartedMain] o.a.k.c.u.AppInfoParser [AppInfoParser.java:109] Kafka version : 2.0.1
2024-09-10 20:52:04,270 INFO [restartedMain] o.a.k.c.u.AppInfoParser [AppInfoParser.java:110] Kafka commitId : fa14705e51bd2ce5
2024-09-10 20:52:04,271 INFO [restartedMain] o.s.s.c.ThreadPoolTaskScheduler [ExecutorConfigurationSupport.java:171] Initializing ExecutorService
2024-09-10 20:52:04,273 INFO [restartedMain] o.a.k.c.c.ConsumerConfig [AbstractConfig.java:279] ConsumerConfig values: 
	auto.commit.interval.ms = 3000
	auto.offset.reset = latest
	bootstrap.servers = [192.168.6.216:9092]
	check.crcs = true
	client.id = 
	connections.max.idle.ms = 540000
	default.api.timeout.ms = 60000
	enable.auto.commit = true
	exclude.internal.topics = true
	fetch.max.bytes = 52428800
	fetch.max.wait.ms = 500
	fetch.min.bytes = 1
	group.id = community-consumer-group
	heartbeat.interval.ms = 3000
	interceptor.classes = []
	internal.leave.group.on.close = true
	isolation.level = read_uncommitted
	key.deserializer = class org.apache.kafka.common.serialization.StringDeserializer
	max.partition.fetch.bytes = 1048576
	max.poll.interval.ms = 300000
	max.poll.records = 500
	metadata.max.age.ms = 300000
	metric.reporters = []
	metrics.num.samples = 2
	metrics.recording.level = INFO
	metrics.sample.window.ms = 30000
	partition.assignment.strategy = [class org.apache.kafka.clients.consumer.RangeAssignor]
	receive.buffer.bytes = 65536
	reconnect.backoff.max.ms = 1000
	reconnect.backoff.ms = 50
	request.timeout.ms = 30000
	retry.backoff.ms = 100
	sasl.client.callback.handler.class = null
	sasl.jaas.config = null
	sasl.kerberos.kinit.cmd = /usr/bin/kinit
	sasl.kerberos.min.time.before.relogin = 60000
	sasl.kerberos.service.name = null
	sasl.kerberos.ticket.renew.jitter = 0.05
	sasl.kerberos.ticket.renew.window.factor = 0.8
	sasl.login.callback.handler.class = null
	sasl.login.class = null
	sasl.login.refresh.buffer.seconds = 300
	sasl.login.refresh.min.period.seconds = 60
	sasl.login.refresh.window.factor = 0.8
	sasl.login.refresh.window.jitter = 0.05
	sasl.mechanism = GSSAPI
	security.protocol = PLAINTEXT
	send.buffer.bytes = 131072
	session.timeout.ms = 10000
	ssl.cipher.suites = null
	ssl.enabled.protocols = [TLSv1.2, TLSv1.1, TLSv1]
	ssl.endpoint.identification.algorithm = https
	ssl.key.password = null
	ssl.keymanager.algorithm = SunX509
	ssl.keystore.location = null
	ssl.keystore.password = null
	ssl.keystore.type = JKS
	ssl.protocol = TLS
	ssl.provider = null
	ssl.secure.random.implementation = null
	ssl.trustmanager.algorithm = PKIX
	ssl.truststore.location = null
	ssl.truststore.password = null
	ssl.truststore.type = JKS
	value.deserializer = class org.apache.kafka.common.serialization.StringDeserializer

2024-09-10 20:52:04,276 INFO [restartedMain] o.a.k.c.u.AppInfoParser [AppInfoParser.java:109] Kafka version : 2.0.1
2024-09-10 20:52:04,276 INFO [restartedMain] o.a.k.c.u.AppInfoParser [AppInfoParser.java:110] Kafka commitId : fa14705e51bd2ce5
2024-09-10 20:52:04,276 INFO [org.springframework.kafka.KafkaListenerEndpointContainer#0-0-C-1] o.a.k.c.Metadata [Metadata.java:285] Cluster ID: ZVBvtguYSf6oEa_eHeuqbg
2024-09-10 20:52:04,276 INFO [org.springframework.kafka.KafkaListenerEndpointContainer#0-0-C-1] o.a.k.c.c.i.AbstractCoordinator [AbstractCoordinator.java:677] [Consumer clientId=consumer-2, groupId=community-consumer-group] Discovered group coordinator aug-CVN-Z690-GAMING-PRO:9092 (id: 2147483647 rack: null)
2024-09-10 20:52:04,277 INFO [org.springframework.kafka.KafkaListenerEndpointContainer#0-0-C-1] o.a.k.c.c.i.ConsumerCoordinator [ConsumerCoordinator.java:472] [Consumer clientId=consumer-2, groupId=community-consumer-group] Revoking previously assigned partitions []
2024-09-10 20:52:04,278 INFO [org.springframework.kafka.KafkaListenerEndpointContainer#0-0-C-1] o.s.k.l.KafkaMessageListenerContainer [AbstractMessageListenerContainer.java:375] partitions revoked: []
2024-09-10 20:52:04,278 INFO [restartedMain] o.a.k.c.Metadata [Metadata.java:285] Cluster ID: ZVBvtguYSf6oEa_eHeuqbg
2024-09-10 20:52:04,278 INFO [org.springframework.kafka.KafkaListenerEndpointContainer#0-0-C-1] o.a.k.c.c.i.AbstractCoordinator [AbstractCoordinator.java:509] [Consumer clientId=consumer-2, groupId=community-consumer-group] (Re-)joining group
2024-09-10 20:52:04,279 INFO [restartedMain] o.a.k.c.c.ConsumerConfig [AbstractConfig.java:279] ConsumerConfig values: 
	auto.commit.interval.ms = 3000
	auto.offset.reset = latest
	bootstrap.servers = [192.168.6.216:9092]
	check.crcs = true
	client.id = 
	connections.max.idle.ms = 540000
	default.api.timeout.ms = 60000
	enable.auto.commit = true
	exclude.internal.topics = true
	fetch.max.bytes = 52428800
	fetch.max.wait.ms = 500
	fetch.min.bytes = 1
	group.id = community-consumer-group
	heartbeat.interval.ms = 3000
	interceptor.classes = []
	internal.leave.group.on.close = true
	isolation.level = read_uncommitted
	key.deserializer = class org.apache.kafka.common.serialization.StringDeserializer
	max.partition.fetch.bytes = 1048576
	max.poll.interval.ms = 300000
	max.poll.records = 500
	metadata.max.age.ms = 300000
	metric.reporters = []
	metrics.num.samples = 2
	metrics.recording.level = INFO
	metrics.sample.window.ms = 30000
	partition.assignment.strategy = [class org.apache.kafka.clients.consumer.RangeAssignor]
	receive.buffer.bytes = 65536
	reconnect.backoff.max.ms = 1000
	reconnect.backoff.ms = 50
	request.timeout.ms = 30000
	retry.backoff.ms = 100
	sasl.client.callback.handler.class = null
	sasl.jaas.config = null
	sasl.kerberos.kinit.cmd = /usr/bin/kinit
	sasl.kerberos.min.time.before.relogin = 60000
	sasl.kerberos.service.name = null
	sasl.kerberos.ticket.renew.jitter = 0.05
	sasl.kerberos.ticket.renew.window.factor = 0.8
	sasl.login.callback.handler.class = null
	sasl.login.class = null
	sasl.login.refresh.buffer.seconds = 300
	sasl.login.refresh.min.period.seconds = 60
	sasl.login.refresh.window.factor = 0.8
	sasl.login.refresh.window.jitter = 0.05
	sasl.mechanism = GSSAPI
	security.protocol = PLAINTEXT
	send.buffer.bytes = 131072
	session.timeout.ms = 10000
	ssl.cipher.suites = null
	ssl.enabled.protocols = [TLSv1.2, TLSv1.1, TLSv1]
	ssl.endpoint.identification.algorithm = https
	ssl.key.password = null
	ssl.keymanager.algorithm = SunX509
	ssl.keystore.location = null
	ssl.keystore.password = null
	ssl.keystore.type = JKS
	ssl.protocol = TLS
	ssl.provider = null
	ssl.secure.random.implementation = null
	ssl.trustmanager.algorithm = PKIX
	ssl.truststore.location = null
	ssl.truststore.password = null
	ssl.truststore.type = JKS
	value.deserializer = class org.apache.kafka.common.serialization.StringDeserializer

2024-09-10 20:52:04,280 INFO [restartedMain] o.a.k.c.u.AppInfoParser [AppInfoParser.java:109] Kafka version : 2.0.1
2024-09-10 20:52:04,280 INFO [restartedMain] o.a.k.c.u.AppInfoParser [AppInfoParser.java:110] Kafka commitId : fa14705e51bd2ce5
2024-09-10 20:52:04,280 INFO [restartedMain] o.s.s.c.ThreadPoolTaskScheduler [ExecutorConfigurationSupport.java:171] Initializing ExecutorService
2024-09-10 20:52:04,283 INFO [org.springframework.kafka.KafkaListenerEndpointContainer#1-0-C-1] o.a.k.c.Metadata [Metadata.java:285] Cluster ID: ZVBvtguYSf6oEa_eHeuqbg
2024-09-10 20:52:04,283 INFO [org.springframework.kafka.KafkaListenerEndpointContainer#1-0-C-1] o.a.k.c.c.i.AbstractCoordinator [AbstractCoordinator.java:677] [Consumer clientId=consumer-4, groupId=community-consumer-group] Discovered group coordinator aug-CVN-Z690-GAMING-PRO:9092 (id: 2147483647 rack: null)
2024-09-10 20:52:04,283 INFO [org.springframework.kafka.KafkaListenerEndpointContainer#1-0-C-1] o.a.k.c.c.i.ConsumerCoordinator [ConsumerCoordinator.java:472] [Consumer clientId=consumer-4, groupId=community-consumer-group] Revoking previously assigned partitions []
2024-09-10 20:52:04,283 INFO [org.springframework.kafka.KafkaListenerEndpointContainer#1-0-C-1] o.s.k.l.KafkaMessageListenerContainer [AbstractMessageListenerContainer.java:375] partitions revoked: []
2024-09-10 20:52:04,283 INFO [org.springframework.kafka.KafkaListenerEndpointContainer#1-0-C-1] o.a.k.c.c.i.AbstractCoordinator [AbstractCoordinator.java:509] [Consumer clientId=consumer-4, groupId=community-consumer-group] (Re-)joining group
2024-09-10 20:52:04,284 INFO [org.springframework.kafka.KafkaListenerEndpointContainer#0-0-C-1] o.a.k.c.c.i.AbstractCoordinator [AbstractCoordinator.java:473] [Consumer clientId=consumer-2, groupId=community-consumer-group] Successfully joined group with generation 42
2024-09-10 20:52:04,285 INFO [org.springframework.kafka.KafkaListenerEndpointContainer#0-0-C-1] o.a.k.c.c.i.ConsumerCoordinator [ConsumerCoordinator.java:280] [Consumer clientId=consumer-2, groupId=community-consumer-group] Setting newly assigned partitions [comment-0, like-0, follow-0]
2024-09-10 20:52:04,287 INFO [org.springframework.kafka.KafkaListenerEndpointContainer#0-0-C-1] o.s.k.l.KafkaMessageListenerContainer [AbstractMessageListenerContainer.java:380] partitions assigned: [comment-0, like-0, follow-0]
2024-09-10 20:52:04,287 INFO [restartedMain] o.a.c.h.Http11NioProtocol [DirectJDKLog.java:173] Starting ProtocolHandler ["http-nio-8080"]
2024-09-10 20:52:04,303 INFO [restartedMain] o.s.b.w.e.t.TomcatWebServer [TomcatWebServer.java:204] Tomcat started on port(s): 8080 (http) with context path '/community'
2024-09-10 20:52:04,305 INFO [restartedMain] c.n.c.CommunityApplication [StartupInfoLogger.java:59] Started CommunityApplication in 2.615 seconds (JVM running for 2.977)
2024-09-10 20:52:07,287 INFO [org.springframework.kafka.KafkaListenerEndpointContainer#0-0-C-1] o.a.k.c.c.i.AbstractCoordinator [AbstractCoordinator.java:855] [Consumer clientId=consumer-2, groupId=community-consumer-group] Attempt to heartbeat failed since group is rebalancing
2024-09-10 20:52:07,289 INFO [org.springframework.kafka.KafkaListenerEndpointContainer#0-0-C-1] o.a.k.c.c.i.ConsumerCoordinator [ConsumerCoordinator.java:472] [Consumer clientId=consumer-2, groupId=community-consumer-group] Revoking previously assigned partitions [comment-0, like-0, follow-0]
2024-09-10 20:52:07,289 INFO [org.springframework.kafka.KafkaListenerEndpointContainer#0-0-C-1] o.s.k.l.KafkaMessageListenerContainer [AbstractMessageListenerContainer.java:375] partitions revoked: [comment-0, like-0, follow-0]
2024-09-10 20:52:07,289 INFO [org.springframework.kafka.KafkaListenerEndpointContainer#0-0-C-1] o.a.k.c.c.i.AbstractCoordinator [AbstractCoordinator.java:509] [Consumer clientId=consumer-2, groupId=community-consumer-group] (Re-)joining group
2024-09-10 20:52:07,303 INFO [org.springframework.kafka.KafkaListenerEndpointContainer#1-0-C-1] o.a.k.c.c.i.AbstractCoordinator [AbstractCoordinator.java:473] [Consumer clientId=consumer-4, groupId=community-consumer-group] Successfully joined group with generation 43
2024-09-10 20:52:07,303 INFO [org.springframework.kafka.KafkaListenerEndpointContainer#0-0-C-1] o.a.k.c.c.i.AbstractCoordinator [AbstractCoordinator.java:473] [Consumer clientId=consumer-2, groupId=community-consumer-group] Successfully joined group with generation 43
2024-09-10 20:52:07,303 INFO [org.springframework.kafka.KafkaListenerEndpointContainer#1-0-C-1] o.a.k.c.c.i.ConsumerCoordinator [ConsumerCoordinator.java:280] [Consumer clientId=consumer-4, groupId=community-consumer-group] Setting newly assigned partitions [publish-0]
2024-09-10 20:52:07,303 INFO [org.springframework.kafka.KafkaListenerEndpointContainer#0-0-C-1] o.a.k.c.c.i.ConsumerCoordinator [ConsumerCoordinator.java:280] [Consumer clientId=consumer-2, groupId=community-consumer-group] Setting newly assigned partitions [comment-0, like-0, follow-0]
2024-09-10 20:52:07,304 INFO [org.springframework.kafka.KafkaListenerEndpointContainer#1-0-C-1] o.s.k.l.KafkaMessageListenerContainer [AbstractMessageListenerContainer.java:380] partitions assigned: [publish-0]
2024-09-10 20:52:07,304 INFO [org.springframework.kafka.KafkaListenerEndpointContainer#0-0-C-1] o.s.k.l.KafkaMessageListenerContainer [AbstractMessageListenerContainer.java:380] partitions assigned: [comment-0, like-0, follow-0]
2024-09-10 20:52:12,063 INFO [http-nio-8080-exec-1] o.a.c.c.C.[.[.[/community] [DirectJDKLog.java:173] Initializing Spring DispatcherServlet 'dispatcherServlet'
2024-09-10 20:52:12,063 INFO [http-nio-8080-exec-1] o.s.w.s.DispatcherServlet [FrameworkServlet.java:524] Initializing Servlet 'dispatcherServlet'
2024-09-10 20:52:12,068 INFO [http-nio-8080-exec-1] o.s.w.s.DispatcherServlet [FrameworkServlet.java:546] Completed initialization in 5 ms
2024-09-10 20:52:12,096 INFO [http-nio-8080-exec-2] c.n.c.a.ServiceLogAspect [ServiceLogAspect.java:44] 用户[0:0:0:0:0:0:0:1],在[2024-09-10 20:52:12],访问了[com.nowcoder.community.service.DiscussPostService.findDiscussPostRows].
2024-09-10 20:52:12,107 INFO [http-nio-8080-exec-2] c.z.h.HikariDataSource [HikariDataSource.java:110] HikariPool-1 - Starting...
2024-09-10 20:52:12,155 INFO [http-nio-8080-exec-2] c.z.h.HikariDataSource [HikariDataSource.java:123] HikariPool-1 - Start completed.
2024-09-10 20:52:12,177 INFO [http-nio-8080-exec-2] c.n.c.a.ServiceLogAspect [ServiceLogAspect.java:44] 用户[0:0:0:0:0:0:0:1],在[2024-09-10 20:52:12],访问了[com.nowcoder.community.service.DiscussPostService.findDiscussPosts].
2024-09-10 20:52:12,181 INFO [http-nio-8080-exec-2] c.n.c.a.ServiceLogAspect [ServiceLogAspect.java:44] 用户[0:0:0:0:0:0:0:1],在[2024-09-10 20:52:12],访问了[com.nowcoder.community.service.UserService.findUserById].
2024-09-10 20:52:12,224 INFO [http-nio-8080-exec-2] i.l.c.EpollProvider [Netty4InternalESLogger.java:104] Starting without optional epoll library
2024-09-10 20:52:12,225 INFO [http-nio-8080-exec-2] i.l.c.KqueueProvider [Netty4InternalESLogger.java:104] Starting without optional kqueue library
2024-09-10 20:52:12,282 INFO [http-nio-8080-exec-2] c.n.c.a.ServiceLogAspect [ServiceLogAspect.java:44] 用户[0:0:0:0:0:0:0:1],在[2024-09-10 20:52:12],访问了[com.nowcoder.community.service.LikeService.findEntityLikeCount].
2024-09-10 20:52:12,286 INFO [http-nio-8080-exec-2] c.n.c.a.ServiceLogAspect [ServiceLogAspect.java:44] 用户[0:0:0:0:0:0:0:1],在[2024-09-10 20:52:12],访问了[com.nowcoder.community.service.UserService.findUserById].
2024-09-10 20:52:12,290 INFO [http-nio-8080-exec-2] c.n.c.a.ServiceLogAspect [ServiceLogAspect.java:44] 用户[0:0:0:0:0:0:0:1],在[2024-09-10 20:52:12],访问了[com.nowcoder.community.service.LikeService.findEntityLikeCount].
2024-09-10 20:52:12,290 INFO [http-nio-8080-exec-2] c.n.c.a.ServiceLogAspect [ServiceLogAspect.java:44] 用户[0:0:0:0:0:0:0:1],在[2024-09-10 20:52:12],访问了[com.nowcoder.community.service.UserService.findUserById].
2024-09-10 20:52:12,293 INFO [http-nio-8080-exec-2] c.n.c.a.ServiceLogAspect [ServiceLogAspect.java:44] 用户[0:0:0:0:0:0:0:1],在[2024-09-10 20:52:12],访问了[com.nowcoder.community.service.LikeService.findEntityLikeCount].
2024-09-10 20:52:12,293 INFO [http-nio-8080-exec-2] c.n.c.a.ServiceLogAspect [ServiceLogAspect.java:44] 用户[0:0:0:0:0:0:0:1],在[2024-09-10 20:52:12],访问了[com.nowcoder.community.service.UserService.findUserById].
2024-09-10 20:52:12,297 INFO [http-nio-8080-exec-2] c.n.c.a.ServiceLogAspect [ServiceLogAspect.java:44] 用户[0:0:0:0:0:0:0:1],在[2024-09-10 20:52:12],访问了[com.nowcoder.community.service.LikeService.findEntityLikeCount].
2024-09-10 20:52:12,297 INFO [http-nio-8080-exec-2] c.n.c.a.ServiceLogAspect [ServiceLogAspect.java:44] 用户[0:0:0:0:0:0:0:1],在[2024-09-10 20:52:12],访问了[com.nowcoder.community.service.UserService.findUserById].
2024-09-10 20:52:12,297 INFO [http-nio-8080-exec-2] c.n.c.a.ServiceLogAspect [ServiceLogAspect.java:44] 用户[0:0:0:0:0:0:0:1],在[2024-09-10 20:52:12],访问了[com.nowcoder.community.service.LikeService.findEntityLikeCount].
2024-09-10 20:52:12,298 INFO [http-nio-8080-exec-2] c.n.c.a.ServiceLogAspect [ServiceLogAspect.java:44] 用户[0:0:0:0:0:0:0:1],在[2024-09-10 20:52:12],访问了[com.nowcoder.community.service.UserService.findUserById].
2024-09-10 20:52:12,298 INFO [http-nio-8080-exec-2] c.n.c.a.ServiceLogAspect [ServiceLogAspect.java:44] 用户[0:0:0:0:0:0:0:1],在[2024-09-10 20:52:12],访问了[com.nowcoder.community.service.LikeService.findEntityLikeCount].
2024-09-10 20:52:12,299 INFO [http-nio-8080-exec-2] c.n.c.a.ServiceLogAspect [ServiceLogAspect.java:44] 用户[0:0:0:0:0:0:0:1],在[2024-09-10 20:52:12],访问了[com.nowcoder.community.service.UserService.findUserById].
2024-09-10 20:52:12,301 INFO [http-nio-8080-exec-2] c.n.c.a.ServiceLogAspect [ServiceLogAspect.java:44] 用户[0:0:0:0:0:0:0:1],在[2024-09-10 20:52:12],访问了[com.nowcoder.community.service.LikeService.findEntityLikeCount].
2024-09-10 20:52:12,301 INFO [http-nio-8080-exec-2] c.n.c.a.ServiceLogAspect [ServiceLogAspect.java:44] 用户[0:0:0:0:0:0:0:1],在[2024-09-10 20:52:12],访问了[com.nowcoder.community.service.UserService.findUserById].
2024-09-10 20:52:12,302 INFO [http-nio-8080-exec-2] c.n.c.a.ServiceLogAspect [ServiceLogAspect.java:44] 用户[0:0:0:0:0:0:0:1],在[2024-09-10 20:52:12],访问了[com.nowcoder.community.service.LikeService.findEntityLikeCount].
2024-09-10 20:52:12,302 INFO [http-nio-8080-exec-2] c.n.c.a.ServiceLogAspect [ServiceLogAspect.java:44] 用户[0:0:0:0:0:0:0:1],在[2024-09-10 20:52:12],访问了[com.nowcoder.community.service.UserService.findUserById].
2024-09-10 20:52:12,303 INFO [http-nio-8080-exec-2] c.n.c.a.ServiceLogAspect [ServiceLogAspect.java:44] 用户[0:0:0:0:0:0:0:1],在[2024-09-10 20:52:12],访问了[com.nowcoder.community.service.LikeService.findEntityLikeCount].
2024-09-10 20:52:12,303 INFO [http-nio-8080-exec-2] c.n.c.a.ServiceLogAspect [ServiceLogAspect.java:44] 用户[0:0:0:0:0:0:0:1],在[2024-09-10 20:52:12],访问了[com.nowcoder.community.service.UserService.findUserById].
2024-09-10 20:52:12,306 INFO [http-nio-8080-exec-2] c.n.c.a.ServiceLogAspect [ServiceLogAspect.java:44] 用户[0:0:0:0:0:0:0:1],在[2024-09-10 20:52:12],访问了[com.nowcoder.community.service.LikeService.findEntityLikeCount].
2024-09-10 20:53:00,705 INFO [http-nio-8080-exec-1] c.n.c.a.ServiceLogAspect [ServiceLogAspect.java:44] 用户[0:0:0:0:0:0:0:1],在[2024-09-10 20:53:00],访问了[com.nowcoder.community.service.UserService.findUserById].
2024-09-10 20:53:00,706 INFO [http-nio-8080-exec-1] c.n.c.a.ServiceLogAspect [ServiceLogAspect.java:44] 用户[0:0:0:0:0:0:0:1],在[2024-09-10 20:53:00],访问了[com.nowcoder.community.service.LikeService.findUserLikeCount].
2024-09-10 20:53:00,707 INFO [http-nio-8080-exec-1] c.n.c.a.ServiceLogAspect [ServiceLogAspect.java:44] 用户[0:0:0:0:0:0:0:1],在[2024-09-10 20:53:00],访问了[com.nowcoder.community.service.FollowService.findFolloweeCount].
2024-09-10 20:53:00,710 INFO [http-nio-8080-exec-1] c.n.c.a.ServiceLogAspect [ServiceLogAspect.java:44] 用户[0:0:0:0:0:0:0:1],在[2024-09-10 20:53:00],访问了[com.nowcoder.community.service.FollowService.findFollowerCount].
2024-09-10 20:53:12,434 INFO [http-nio-8080-exec-1] c.n.c.a.ServiceLogAspect [ServiceLogAspect.java:44] 用户[0:0:0:0:0:0:0:1],在[2024-09-10 20:53:12],访问了[com.nowcoder.community.service.UserService.login].
2024-09-10 20:53:12,443 INFO [http-nio-8080-exec-10] c.n.c.a.ServiceLogAspect [ServiceLogAspect.java:44] 用户[0:0:0:0:0:0:0:1],在[2024-09-10 20:53:12],访问了[com.nowcoder.community.service.UserService.findLoginTicket].
2024-09-10 20:53:12,444 INFO [http-nio-8080-exec-10] c.n.c.a.ServiceLogAspect [ServiceLogAspect.java:44] 用户[0:0:0:0:0:0:0:1],在[2024-09-10 20:53:12],访问了[com.nowcoder.community.service.UserService.findUserById].
2024-09-10 20:53:12,445 INFO [http-nio-8080-exec-10] c.n.c.a.ServiceLogAspect [ServiceLogAspect.java:44] 用户[0:0:0:0:0:0:0:1],在[2024-09-10 20:53:12],访问了[com.nowcoder.community.service.UserService.getAuthorities].
2024-09-10 20:53:12,446 INFO [http-nio-8080-exec-10] c.n.c.a.ServiceLogAspect [ServiceLogAspect.java:44] 用户[0:0:0:0:0:0:0:1],在[2024-09-10 20:53:12],访问了[com.nowcoder.community.service.DiscussPostService.findDiscussPostRows].
2024-09-10 20:53:12,448 INFO [http-nio-8080-exec-10] c.n.c.a.ServiceLogAspect [ServiceLogAspect.java:44] 用户[0:0:0:0:0:0:0:1],在[2024-09-10 20:53:12],访问了[com.nowcoder.community.service.DiscussPostService.findDiscussPosts].
2024-09-10 20:53:12,452 INFO [http-nio-8080-exec-10] c.n.c.a.ServiceLogAspect [ServiceLogAspect.java:44] 用户[0:0:0:0:0:0:0:1],在[2024-09-10 20:53:12],访问了[com.nowcoder.community.service.UserService.findUserById].
2024-09-10 20:53:12,452 INFO [http-nio-8080-exec-10] c.n.c.a.ServiceLogAspect [ServiceLogAspect.java:44] 用户[0:0:0:0:0:0:0:1],在[2024-09-10 20:53:12],访问了[com.nowcoder.community.service.LikeService.findEntityLikeCount].
2024-09-10 20:53:12,453 INFO [http-nio-8080-exec-10] c.n.c.a.ServiceLogAspect [ServiceLogAspect.java:44] 用户[0:0:0:0:0:0:0:1],在[2024-09-10 20:53:12],访问了[com.nowcoder.community.service.UserService.findUserById].
2024-09-10 20:53:12,453 INFO [http-nio-8080-exec-10] c.n.c.a.ServiceLogAspect [ServiceLogAspect.java:44] 用户[0:0:0:0:0:0:0:1],在[2024-09-10 20:53:12],访问了[com.nowcoder.community.service.LikeService.findEntityLikeCount].
2024-09-10 20:53:12,453 INFO [http-nio-8080-exec-10] c.n.c.a.ServiceLogAspect [ServiceLogAspect.java:44] 用户[0:0:0:0:0:0:0:1],在[2024-09-10 20:53:12],访问了[com.nowcoder.community.service.UserService.findUserById].
2024-09-10 20:53:12,454 INFO [http-nio-8080-exec-10] c.n.c.a.ServiceLogAspect [ServiceLogAspect.java:44] 用户[0:0:0:0:0:0:0:1],在[2024-09-10 20:53:12],访问了[com.nowcoder.community.service.LikeService.findEntityLikeCount].
2024-09-10 20:53:12,454 INFO [http-nio-8080-exec-10] c.n.c.a.ServiceLogAspect [ServiceLogAspect.java:44] 用户[0:0:0:0:0:0:0:1],在[2024-09-10 20:53:12],访问了[com.nowcoder.community.service.UserService.findUserById].
2024-09-10 20:53:12,454 INFO [http-nio-8080-exec-10] c.n.c.a.ServiceLogAspect [ServiceLogAspect.java:44] 用户[0:0:0:0:0:0:0:1],在[2024-09-10 20:53:12],访问了[com.nowcoder.community.service.LikeService.findEntityLikeCount].
2024-09-10 20:53:12,455 INFO [http-nio-8080-exec-10] c.n.c.a.ServiceLogAspect [ServiceLogAspect.java:44] 用户[0:0:0:0:0:0:0:1],在[2024-09-10 20:53:12],访问了[com.nowcoder.community.service.UserService.findUserById].
2024-09-10 20:53:12,455 INFO [http-nio-8080-exec-10] c.n.c.a.ServiceLogAspect [ServiceLogAspect.java:44] 用户[0:0:0:0:0:0:0:1],在[2024-09-10 20:53:12],访问了[com.nowcoder.community.service.LikeService.findEntityLikeCount].
2024-09-10 20:53:12,456 INFO [http-nio-8080-exec-10] c.n.c.a.ServiceLogAspect [ServiceLogAspect.java:44] 用户[0:0:0:0:0:0:0:1],在[2024-09-10 20:53:12],访问了[com.nowcoder.community.service.UserService.findUserById].
2024-09-10 20:53:12,456 INFO [http-nio-8080-exec-10] c.n.c.a.ServiceLogAspect [ServiceLogAspect.java:44] 用户[0:0:0:0:0:0:0:1],在[2024-09-10 20:53:12],访问了[com.nowcoder.community.service.LikeService.findEntityLikeCount].
2024-09-10 20:53:12,456 INFO [http-nio-8080-exec-10] c.n.c.a.ServiceLogAspect [ServiceLogAspect.java:44] 用户[0:0:0:0:0:0:0:1],在[2024-09-10 20:53:12],访问了[com.nowcoder.community.service.UserService.findUserById].
2024-09-10 20:53:12,457 INFO [http-nio-8080-exec-10] c.n.c.a.ServiceLogAspect [ServiceLogAspect.java:44] 用户[0:0:0:0:0:0:0:1],在[2024-09-10 20:53:12],访问了[com.nowcoder.community.service.LikeService.findEntityLikeCount].
2024-09-10 20:53:12,457 INFO [http-nio-8080-exec-10] c.n.c.a.ServiceLogAspect [ServiceLogAspect.java:44] 用户[0:0:0:0:0:0:0:1],在[2024-09-10 20:53:12],访问了[com.nowcoder.community.service.UserService.findUserById].
2024-09-10 20:53:12,458 INFO [http-nio-8080-exec-10] c.n.c.a.ServiceLogAspect [ServiceLogAspect.java:44] 用户[0:0:0:0:0:0:0:1],在[2024-09-10 20:53:12],访问了[com.nowcoder.community.service.LikeService.findEntityLikeCount].
2024-09-10 20:53:12,458 INFO [http-nio-8080-exec-10] c.n.c.a.ServiceLogAspect [ServiceLogAspect.java:44] 用户[0:0:0:0:0:0:0:1],在[2024-09-10 20:53:12],访问了[com.nowcoder.community.service.UserService.findUserById].
2024-09-10 20:53:12,458 INFO [http-nio-8080-exec-10] c.n.c.a.ServiceLogAspect [ServiceLogAspect.java:44] 用户[0:0:0:0:0:0:0:1],在[2024-09-10 20:53:12],访问了[com.nowcoder.community.service.LikeService.findEntityLikeCount].
2024-09-10 20:53:12,459 INFO [http-nio-8080-exec-10] c.n.c.a.ServiceLogAspect [ServiceLogAspect.java:44] 用户[0:0:0:0:0:0:0:1],在[2024-09-10 20:53:12],访问了[com.nowcoder.community.service.UserService.findUserById].
2024-09-10 20:53:12,459 INFO [http-nio-8080-exec-10] c.n.c.a.ServiceLogAspect [ServiceLogAspect.java:44] 用户[0:0:0:0:0:0:0:1],在[2024-09-10 20:53:12],访问了[com.nowcoder.community.service.LikeService.findEntityLikeCount].
2024-09-10 20:53:12,459 INFO [http-nio-8080-exec-10] c.n.c.a.ServiceLogAspect [ServiceLogAspect.java:44] 用户[0:0:0:0:0:0:0:1],在[2024-09-10 20:53:12],访问了[com.nowcoder.community.service.MessageService.findLetterUnreadCount].
2024-09-10 20:53:12,463 INFO [http-nio-8080-exec-10] c.n.c.a.ServiceLogAspect [ServiceLogAspect.java:44] 用户[0:0:0:0:0:0:0:1],在[2024-09-10 20:53:12],访问了[com.nowcoder.community.service.MessageService.findNoticeUnreadCount].
2024-09-10 20:53:28,175 INFO [http-nio-8080-exec-7] c.n.c.a.ServiceLogAspect [ServiceLogAspect.java:44] 用户[0:0:0:0:0:0:0:1],在[2024-09-10 20:53:28],访问了[com.nowcoder.community.service.UserService.findLoginTicket].
2024-09-10 20:53:28,176 INFO [http-nio-8080-exec-7] c.n.c.a.ServiceLogAspect [ServiceLogAspect.java:44] 用户[0:0:0:0:0:0:0:1],在[2024-09-10 20:53:28],访问了[com.nowcoder.community.service.UserService.findUserById].
2024-09-10 20:53:28,177 INFO [http-nio-8080-exec-7] c.n.c.a.ServiceLogAspect [ServiceLogAspect.java:44] 用户[0:0:0:0:0:0:0:1],在[2024-09-10 20:53:28],访问了[com.nowcoder.community.service.UserService.getAuthorities].
2024-09-10 20:53:28,178 INFO [http-nio-8080-exec-7] c.n.c.a.ServiceLogAspect [ServiceLogAspect.java:44] 用户[0:0:0:0:0:0:0:1],在[2024-09-10 20:53:28],访问了[com.nowcoder.community.service.MessageService.findConversationCount].
2024-09-10 20:53:28,180 INFO [http-nio-8080-exec-7] c.n.c.a.ServiceLogAspect [ServiceLogAspect.java:44] 用户[0:0:0:0:0:0:0:1],在[2024-09-10 20:53:28],访问了[com.nowcoder.community.service.MessageService.findConversations].
2024-09-10 20:53:28,184 INFO [http-nio-8080-exec-7] c.n.c.a.ServiceLogAspect [ServiceLogAspect.java:44] 用户[0:0:0:0:0:0:0:1],在[2024-09-10 20:53:28],访问了[com.nowcoder.community.service.MessageService.findLetterCount].
2024-09-10 20:53:28,186 INFO [http-nio-8080-exec-7] c.n.c.a.ServiceLogAspect [ServiceLogAspect.java:44] 用户[0:0:0:0:0:0:0:1],在[2024-09-10 20:53:28],访问了[com.nowcoder.community.service.MessageService.findLetterUnreadCount].
2024-09-10 20:53:28,187 INFO [http-nio-8080-exec-7] c.n.c.a.ServiceLogAspect [ServiceLogAspect.java:44] 用户[0:0:0:0:0:0:0:1],在[2024-09-10 20:53:28],访问了[com.nowcoder.community.service.UserService.findUserById].
2024-09-10 20:53:28,188 INFO [http-nio-8080-exec-7] c.n.c.a.ServiceLogAspect [ServiceLogAspect.java:44] 用户[0:0:0:0:0:0:0:1],在[2024-09-10 20:53:28],访问了[com.nowcoder.community.service.MessageService.findLetterCount].
2024-09-10 20:53:28,188 INFO [http-nio-8080-exec-7] c.n.c.a.ServiceLogAspect [ServiceLogAspect.java:44] 用户[0:0:0:0:0:0:0:1],在[2024-09-10 20:53:28],访问了[com.nowcoder.community.service.MessageService.findLetterUnreadCount].
2024-09-10 20:53:28,190 INFO [http-nio-8080-exec-7] c.n.c.a.ServiceLogAspect [ServiceLogAspect.java:44] 用户[0:0:0:0:0:0:0:1],在[2024-09-10 20:53:28],访问了[com.nowcoder.community.service.UserService.findUserById].
2024-09-10 20:53:28,190 INFO [http-nio-8080-exec-7] c.n.c.a.ServiceLogAspect [ServiceLogAspect.java:44] 用户[0:0:0:0:0:0:0:1],在[2024-09-10 20:53:28],访问了[com.nowcoder.community.service.MessageService.findLetterUnreadCount].
2024-09-10 20:53:28,192 INFO [http-nio-8080-exec-7] c.n.c.a.ServiceLogAspect [ServiceLogAspect.java:44] 用户[0:0:0:0:0:0:0:1],在[2024-09-10 20:53:28],访问了[com.nowcoder.community.service.MessageService.findNoticeUnreadCount].
2024-09-10 20:53:28,193 INFO [http-nio-8080-exec-7] c.n.c.a.ServiceLogAspect [ServiceLogAspect.java:44] 用户[0:0:0:0:0:0:0:1],在[2024-09-10 20:53:28],访问了[com.nowcoder.community.service.MessageService.findLetterUnreadCount].
2024-09-10 20:53:28,194 INFO [http-nio-8080-exec-7] c.n.c.a.ServiceLogAspect [ServiceLogAspect.java:44] 用户[0:0:0:0:0:0:0:1],在[2024-09-10 20:53:28],访问了[com.nowcoder.community.service.MessageService.findNoticeUnreadCount].
2024-09-10 20:53:39,965 INFO [http-nio-8080-exec-2] c.n.c.a.ServiceLogAspect [ServiceLogAspect.java:44] 用户[0:0:0:0:0:0:0:1],在[2024-09-10 20:53:39],访问了[com.nowcoder.community.service.UserService.findLoginTicket].
2024-09-10 20:53:39,966 INFO [http-nio-8080-exec-2] c.n.c.a.ServiceLogAspect [ServiceLogAspect.java:44] 用户[0:0:0:0:0:0:0:1],在[2024-09-10 20:53:39],访问了[com.nowcoder.community.service.UserService.findUserById].
2024-09-10 20:53:39,966 INFO [http-nio-8080-exec-2] c.n.c.a.ServiceLogAspect [ServiceLogAspect.java:44] 用户[0:0:0:0:0:0:0:1],在[2024-09-10 20:53:39],访问了[com.nowcoder.community.service.UserService.getAuthorities].
2024-09-10 20:53:39,967 INFO [http-nio-8080-exec-2] c.n.c.a.ServiceLogAspect [ServiceLogAspect.java:44] 用户[0:0:0:0:0:0:0:1],在[2024-09-10 20:53:39],访问了[com.nowcoder.community.service.MessageService.findConversationCount].
2024-09-10 20:53:39,969 INFO [http-nio-8080-exec-2] c.n.c.a.ServiceLogAspect [ServiceLogAspect.java:44] 用户[0:0:0:0:0:0:0:1],在[2024-09-10 20:53:39],访问了[com.nowcoder.community.service.MessageService.findConversations].
2024-09-10 20:53:39,971 INFO [http-nio-8080-exec-2] c.n.c.a.ServiceLogAspect [ServiceLogAspect.java:44] 用户[0:0:0:0:0:0:0:1],在[2024-09-10 20:53:39],访问了[com.nowcoder.community.service.MessageService.findLetterCount].
2024-09-10 20:53:39,972 INFO [http-nio-8080-exec-2] c.n.c.a.ServiceLogAspect [ServiceLogAspect.java:44] 用户[0:0:0:0:0:0:0:1],在[2024-09-10 20:53:39],访问了[com.nowcoder.community.service.MessageService.findLetterUnreadCount].
2024-09-10 20:53:39,973 INFO [http-nio-8080-exec-2] c.n.c.a.ServiceLogAspect [ServiceLogAspect.java:44] 用户[0:0:0:0:0:0:0:1],在[2024-09-10 20:53:39],访问了[com.nowcoder.community.service.UserService.findUserById].
2024-09-10 20:53:39,974 INFO [http-nio-8080-exec-2] c.n.c.a.ServiceLogAspect [ServiceLogAspect.java:44] 用户[0:0:0:0:0:0:0:1],在[2024-09-10 20:53:39],访问了[com.nowcoder.community.service.MessageService.findLetterCount].
2024-09-10 20:53:39,975 INFO [http-nio-8080-exec-2] c.n.c.a.ServiceLogAspect [ServiceLogAspect.java:44] 用户[0:0:0:0:0:0:0:1],在[2024-09-10 20:53:39],访问了[com.nowcoder.community.service.MessageService.findLetterUnreadCount].
2024-09-10 20:53:39,976 INFO [http-nio-8080-exec-2] c.n.c.a.ServiceLogAspect [ServiceLogAspect.java:44] 用户[0:0:0:0:0:0:0:1],在[2024-09-10 20:53:39],访问了[com.nowcoder.community.service.UserService.findUserById].
2024-09-10 20:53:39,976 INFO [http-nio-8080-exec-2] c.n.c.a.ServiceLogAspect [ServiceLogAspect.java:44] 用户[0:0:0:0:0:0:0:1],在[2024-09-10 20:53:39],访问了[com.nowcoder.community.service.MessageService.findLetterUnreadCount].
2024-09-10 20:53:39,977 INFO [http-nio-8080-exec-2] c.n.c.a.ServiceLogAspect [ServiceLogAspect.java:44] 用户[0:0:0:0:0:0:0:1],在[2024-09-10 20:53:39],访问了[com.nowcoder.community.service.MessageService.findNoticeUnreadCount].
2024-09-10 20:53:39,979 INFO [http-nio-8080-exec-2] c.n.c.a.ServiceLogAspect [ServiceLogAspect.java:44] 用户[0:0:0:0:0:0:0:1],在[2024-09-10 20:53:39],访问了[com.nowcoder.community.service.MessageService.findLetterUnreadCount].
2024-09-10 20:53:39,979 INFO [http-nio-8080-exec-2] c.n.c.a.ServiceLogAspect [ServiceLogAspect.java:44] 用户[0:0:0:0:0:0:0:1],在[2024-09-10 20:53:39],访问了[com.nowcoder.community.service.MessageService.findNoticeUnreadCount].
2024-09-10 20:53:42,173 INFO [http-nio-8080-exec-7] c.n.c.a.ServiceLogAspect [ServiceLogAspect.java:44] 用户[0:0:0:0:0:0:0:1],在[2024-09-10 20:53:42],访问了[com.nowcoder.community.service.UserService.findLoginTicket].
2024-09-10 20:53:42,174 INFO [http-nio-8080-exec-7] c.n.c.a.ServiceLogAspect [ServiceLogAspect.java:44] 用户[0:0:0:0:0:0:0:1],在[2024-09-10 20:53:42],访问了[com.nowcoder.community.service.UserService.findUserById].
2024-09-10 20:53:42,174 INFO [http-nio-8080-exec-7] c.n.c.a.ServiceLogAspect [ServiceLogAspect.java:44] 用户[0:0:0:0:0:0:0:1],在[2024-09-10 20:53:42],访问了[com.nowcoder.community.service.UserService.getAuthorities].
2024-09-10 20:53:42,175 INFO [http-nio-8080-exec-7] c.n.c.a.ServiceLogAspect [ServiceLogAspect.java:44] 用户[0:0:0:0:0:0:0:1],在[2024-09-10 20:53:42],访问了[com.nowcoder.community.service.MessageService.findLatestNotice].
2024-09-10 20:53:42,199 INFO [http-nio-8080-exec-7] c.n.c.a.ServiceLogAspect [ServiceLogAspect.java:44] 用户[0:0:0:0:0:0:0:1],在[2024-09-10 20:53:42],访问了[com.nowcoder.community.service.UserService.findUserById].
2024-09-10 20:53:42,200 INFO [http-nio-8080-exec-7] c.n.c.a.ServiceLogAspect [ServiceLogAspect.java:44] 用户[0:0:0:0:0:0:0:1],在[2024-09-10 20:53:42],访问了[com.nowcoder.community.service.MessageService.findNoticeCount].
2024-09-10 20:53:42,201 INFO [http-nio-8080-exec-7] c.n.c.a.ServiceLogAspect [ServiceLogAspect.java:44] 用户[0:0:0:0:0:0:0:1],在[2024-09-10 20:53:42],访问了[com.nowcoder.community.service.MessageService.findNoticeUnreadCount].
2024-09-10 20:53:42,203 INFO [http-nio-8080-exec-7] c.n.c.a.ServiceLogAspect [ServiceLogAspect.java:44] 用户[0:0:0:0:0:0:0:1],在[2024-09-10 20:53:42],访问了[com.nowcoder.community.service.MessageService.findLatestNotice].
2024-09-10 20:53:42,204 INFO [http-nio-8080-exec-7] c.n.c.a.ServiceLogAspect [ServiceLogAspect.java:44] 用户[0:0:0:0:0:0:0:1],在[2024-09-10 20:53:42],访问了[com.nowcoder.community.service.UserService.findUserById].
2024-09-10 20:53:42,205 INFO [http-nio-8080-exec-7] c.n.c.a.ServiceLogAspect [ServiceLogAspect.java:44] 用户[0:0:0:0:0:0:0:1],在[2024-09-10 20:53:42],访问了[com.nowcoder.community.service.MessageService.findNoticeCount].
2024-09-10 20:53:42,206 INFO [http-nio-8080-exec-7] c.n.c.a.ServiceLogAspect [ServiceLogAspect.java:44] 用户[0:0:0:0:0:0:0:1],在[2024-09-10 20:53:42],访问了[com.nowcoder.community.service.MessageService.findNoticeUnreadCount].
2024-09-10 20:53:42,207 INFO [http-nio-8080-exec-7] c.n.c.a.ServiceLogAspect [ServiceLogAspect.java:44] 用户[0:0:0:0:0:0:0:1],在[2024-09-10 20:53:42],访问了[com.nowcoder.community.service.MessageService.findLatestNotice].
2024-09-10 20:53:42,209 INFO [http-nio-8080-exec-7] c.n.c.a.ServiceLogAspect [ServiceLogAspect.java:44] 用户[0:0:0:0:0:0:0:1],在[2024-09-10 20:53:42],访问了[com.nowcoder.community.service.UserService.findUserById].
2024-09-10 20:53:42,210 INFO [http-nio-8080-exec-7] c.n.c.a.ServiceLogAspect [ServiceLogAspect.java:44] 用户[0:0:0:0:0:0:0:1],在[2024-09-10 20:53:42],访问了[com.nowcoder.community.service.MessageService.findNoticeCount].
2024-09-10 20:53:42,211 INFO [http-nio-8080-exec-7] c.n.c.a.ServiceLogAspect [ServiceLogAspect.java:44] 用户[0:0:0:0:0:0:0:1],在[2024-09-10 20:53:42],访问了[com.nowcoder.community.service.MessageService.findNoticeUnreadCount].
2024-09-10 20:53:42,213 INFO [http-nio-8080-exec-7] c.n.c.a.ServiceLogAspect [ServiceLogAspect.java:44] 用户[0:0:0:0:0:0:0:1],在[2024-09-10 20:53:42],访问了[com.nowcoder.community.service.MessageService.findLetterUnreadCount].
2024-09-10 20:53:42,214 INFO [http-nio-8080-exec-7] c.n.c.a.ServiceLogAspect [ServiceLogAspect.java:44] 用户[0:0:0:0:0:0:0:1],在[2024-09-10 20:53:42],访问了[com.nowcoder.community.service.MessageService.findNoticeUnreadCount].
2024-09-10 20:53:42,215 INFO [http-nio-8080-exec-7] c.n.c.a.ServiceLogAspect [ServiceLogAspect.java:44] 用户[0:0:0:0:0:0:0:1],在[2024-09-10 20:53:42],访问了[com.nowcoder.community.service.MessageService.findLetterUnreadCount].
2024-09-10 20:53:42,216 INFO [http-nio-8080-exec-7] c.n.c.a.ServiceLogAspect [ServiceLogAspect.java:44] 用户[0:0:0:0:0:0:0:1],在[2024-09-10 20:53:42],访问了[com.nowcoder.community.service.MessageService.findNoticeUnreadCount].
2024-09-10 20:53:53,218 INFO [http-nio-8080-exec-10] c.n.c.a.ServiceLogAspect [ServiceLogAspect.java:44] 用户[0:0:0:0:0:0:0:1],在[2024-09-10 20:53:53],访问了[com.nowcoder.community.service.UserService.findLoginTicket].
2024-09-10 20:53:53,219 INFO [http-nio-8080-exec-10] c.n.c.a.ServiceLogAspect [ServiceLogAspect.java:44] 用户[0:0:0:0:0:0:0:1],在[2024-09-10 20:53:53],访问了[com.nowcoder.community.service.UserService.findUserById].
2024-09-10 20:53:53,220 INFO [http-nio-8080-exec-10] c.n.c.a.ServiceLogAspect [ServiceLogAspect.java:44] 用户[0:0:0:0:0:0:0:1],在[2024-09-10 20:53:53],访问了[com.nowcoder.community.service.UserService.getAuthorities].
2024-09-10 20:53:53,221 INFO [http-nio-8080-exec-10] c.n.c.a.ServiceLogAspect [ServiceLogAspect.java:44] 用户[0:0:0:0:0:0:0:1],在[2024-09-10 20:53:53],访问了[com.nowcoder.community.service.MessageService.findConversationCount].
2024-09-10 20:53:53,224 INFO [http-nio-8080-exec-10] c.n.c.a.ServiceLogAspect [ServiceLogAspect.java:44] 用户[0:0:0:0:0:0:0:1],在[2024-09-10 20:53:53],访问了[com.nowcoder.community.service.MessageService.findConversations].
2024-09-10 20:53:53,227 INFO [http-nio-8080-exec-10] c.n.c.a.ServiceLogAspect [ServiceLogAspect.java:44] 用户[0:0:0:0:0:0:0:1],在[2024-09-10 20:53:53],访问了[com.nowcoder.community.service.MessageService.findLetterCount].
2024-09-10 20:53:53,228 INFO [http-nio-8080-exec-10] c.n.c.a.ServiceLogAspect [ServiceLogAspect.java:44] 用户[0:0:0:0:0:0:0:1],在[2024-09-10 20:53:53],访问了[com.nowcoder.community.service.MessageService.findLetterUnreadCount].
2024-09-10 20:53:53,230 INFO [http-nio-8080-exec-10] c.n.c.a.ServiceLogAspect [ServiceLogAspect.java:44] 用户[0:0:0:0:0:0:0:1],在[2024-09-10 20:53:53],访问了[com.nowcoder.community.service.UserService.findUserById].
2024-09-10 20:53:53,230 INFO [http-nio-8080-exec-10] c.n.c.a.ServiceLogAspect [ServiceLogAspect.java:44] 用户[0:0:0:0:0:0:0:1],在[2024-09-10 20:53:53],访问了[com.nowcoder.community.service.MessageService.findLetterCount].
2024-09-10 20:53:53,231 INFO [http-nio-8080-exec-10] c.n.c.a.ServiceLogAspect [ServiceLogAspect.java:44] 用户[0:0:0:0:0:0:0:1],在[2024-09-10 20:53:53],访问了[com.nowcoder.community.service.MessageService.findLetterUnreadCount].
2024-09-10 20:53:53,233 INFO [http-nio-8080-exec-10] c.n.c.a.ServiceLogAspect [ServiceLogAspect.java:44] 用户[0:0:0:0:0:0:0:1],在[2024-09-10 20:53:53],访问了[com.nowcoder.community.service.UserService.findUserById].
2024-09-10 20:53:53,233 INFO [http-nio-8080-exec-10] c.n.c.a.ServiceLogAspect [ServiceLogAspect.java:44] 用户[0:0:0:0:0:0:0:1],在[2024-09-10 20:53:53],访问了[com.nowcoder.community.service.MessageService.findLetterUnreadCount].
2024-09-10 20:53:53,234 INFO [http-nio-8080-exec-10] c.n.c.a.ServiceLogAspect [ServiceLogAspect.java:44] 用户[0:0:0:0:0:0:0:1],在[2024-09-10 20:53:53],访问了[com.nowcoder.community.service.MessageService.findNoticeUnreadCount].
2024-09-10 20:53:53,235 INFO [http-nio-8080-exec-10] c.n.c.a.ServiceLogAspect [ServiceLogAspect.java:44] 用户[0:0:0:0:0:0:0:1],在[2024-09-10 20:53:53],访问了[com.nowcoder.community.service.MessageService.findLetterUnreadCount].
2024-09-10 20:53:53,236 INFO [http-nio-8080-exec-10] c.n.c.a.ServiceLogAspect [ServiceLogAspect.java:44] 用户[0:0:0:0:0:0:0:1],在[2024-09-10 20:53:53],访问了[com.nowcoder.community.service.MessageService.findNoticeUnreadCount].
2024-09-10 20:53:54,286 INFO [http-nio-8080-exec-6] c.n.c.a.ServiceLogAspect [ServiceLogAspect.java:44] 用户[0:0:0:0:0:0:0:1],在[2024-09-10 20:53:54],访问了[com.nowcoder.community.service.UserService.findLoginTicket].
2024-09-10 20:53:54,286 INFO [http-nio-8080-exec-6] c.n.c.a.ServiceLogAspect [ServiceLogAspect.java:44] 用户[0:0:0:0:0:0:0:1],在[2024-09-10 20:53:54],访问了[com.nowcoder.community.service.UserService.findUserById].
2024-09-10 20:53:54,287 INFO [http-nio-8080-exec-6] c.n.c.a.ServiceLogAspect [ServiceLogAspect.java:44] 用户[0:0:0:0:0:0:0:1],在[2024-09-10 20:53:54],访问了[com.nowcoder.community.service.UserService.getAuthorities].
2024-09-10 20:53:54,287 INFO [http-nio-8080-exec-6] c.n.c.a.ServiceLogAspect [ServiceLogAspect.java:44] 用户[0:0:0:0:0:0:0:1],在[2024-09-10 20:53:54],访问了[com.nowcoder.community.service.MessageService.findLatestNotice].
2024-09-10 20:53:54,289 INFO [http-nio-8080-exec-6] c.n.c.a.ServiceLogAspect [ServiceLogAspect.java:44] 用户[0:0:0:0:0:0:0:1],在[2024-09-10 20:53:54],访问了[com.nowcoder.community.service.UserService.findUserById].
2024-09-10 20:53:54,290 INFO [http-nio-8080-exec-6] c.n.c.a.ServiceLogAspect [ServiceLogAspect.java:44] 用户[0:0:0:0:0:0:0:1],在[2024-09-10 20:53:54],访问了[com.nowcoder.community.service.MessageService.findNoticeCount].
2024-09-10 20:53:54,291 INFO [http-nio-8080-exec-6] c.n.c.a.ServiceLogAspect [ServiceLogAspect.java:44] 用户[0:0:0:0:0:0:0:1],在[2024-09-10 20:53:54],访问了[com.nowcoder.community.service.MessageService.findNoticeUnreadCount].
2024-09-10 20:53:54,291 INFO [http-nio-8080-exec-6] c.n.c.a.ServiceLogAspect [ServiceLogAspect.java:44] 用户[0:0:0:0:0:0:0:1],在[2024-09-10 20:53:54],访问了[com.nowcoder.community.service.MessageService.findLatestNotice].
2024-09-10 20:53:54,293 INFO [http-nio-8080-exec-6] c.n.c.a.ServiceLogAspect [ServiceLogAspect.java:44] 用户[0:0:0:0:0:0:0:1],在[2024-09-10 20:53:54],访问了[com.nowcoder.community.service.UserService.findUserById].
2024-09-10 20:53:54,294 INFO [http-nio-8080-exec-6] c.n.c.a.ServiceLogAspect [ServiceLogAspect.java:44] 用户[0:0:0:0:0:0:0:1],在[2024-09-10 20:53:54],访问了[com.nowcoder.community.service.MessageService.findNoticeCount].
2024-09-10 20:53:54,295 INFO [http-nio-8080-exec-6] c.n.c.a.ServiceLogAspect [ServiceLogAspect.java:44] 用户[0:0:0:0:0:0:0:1],在[2024-09-10 20:53:54],访问了[com.nowcoder.community.service.MessageService.findNoticeUnreadCount].
2024-09-10 20:53:54,295 INFO [http-nio-8080-exec-6] c.n.c.a.ServiceLogAspect [ServiceLogAspect.java:44] 用户[0:0:0:0:0:0:0:1],在[2024-09-10 20:53:54],访问了[com.nowcoder.community.service.MessageService.findLatestNotice].
2024-09-10 20:53:54,297 INFO [http-nio-8080-exec-6] c.n.c.a.ServiceLogAspect [ServiceLogAspect.java:44] 用户[0:0:0:0:0:0:0:1],在[2024-09-10 20:53:54],访问了[com.nowcoder.community.service.UserService.findUserById].
2024-09-10 20:53:54,297 INFO [http-nio-8080-exec-6] c.n.c.a.ServiceLogAspect [ServiceLogAspect.java:44] 用户[0:0:0:0:0:0:0:1],在[2024-09-10 20:53:54],访问了[com.nowcoder.community.service.MessageService.findNoticeCount].
2024-09-10 20:53:54,298 INFO [http-nio-8080-exec-6] c.n.c.a.ServiceLogAspect [ServiceLogAspect.java:44] 用户[0:0:0:0:0:0:0:1],在[2024-09-10 20:53:54],访问了[com.nowcoder.community.service.MessageService.findNoticeUnreadCount].
2024-09-10 20:53:54,299 INFO [http-nio-8080-exec-6] c.n.c.a.ServiceLogAspect [ServiceLogAspect.java:44] 用户[0:0:0:0:0:0:0:1],在[2024-09-10 20:53:54],访问了[com.nowcoder.community.service.MessageService.findLetterUnreadCount].
2024-09-10 20:53:54,299 INFO [http-nio-8080-exec-6] c.n.c.a.ServiceLogAspect [ServiceLogAspect.java:44] 用户[0:0:0:0:0:0:0:1],在[2024-09-10 20:53:54],访问了[com.nowcoder.community.service.MessageService.findNoticeUnreadCount].
2024-09-10 20:53:54,300 INFO [http-nio-8080-exec-6] c.n.c.a.ServiceLogAspect [ServiceLogAspect.java:44] 用户[0:0:0:0:0:0:0:1],在[2024-09-10 20:53:54],访问了[com.nowcoder.community.service.MessageService.findLetterUnreadCount].
2024-09-10 20:53:54,301 INFO [http-nio-8080-exec-6] c.n.c.a.ServiceLogAspect [ServiceLogAspect.java:44] 用户[0:0:0:0:0:0:0:1],在[2024-09-10 20:53:54],访问了[com.nowcoder.community.service.MessageService.findNoticeUnreadCount].
2024-09-10 20:54:02,919 INFO [http-nio-8080-exec-9] c.n.c.a.ServiceLogAspect [ServiceLogAspect.java:44] 用户[0:0:0:0:0:0:0:1],在[2024-09-10 20:54:02],访问了[com.nowcoder.community.service.UserService.findLoginTicket].
2024-09-10 20:54:02,919 INFO [http-nio-8080-exec-9] c.n.c.a.ServiceLogAspect [ServiceLogAspect.java:44] 用户[0:0:0:0:0:0:0:1],在[2024-09-10 20:54:02],访问了[com.nowcoder.community.service.UserService.findUserById].
2024-09-10 20:54:02,920 INFO [http-nio-8080-exec-9] c.n.c.a.ServiceLogAspect [ServiceLogAspect.java:44] 用户[0:0:0:0:0:0:0:1],在[2024-09-10 20:54:02],访问了[com.nowcoder.community.service.UserService.getAuthorities].
2024-09-10 20:54:02,920 INFO [http-nio-8080-exec-9] c.n.c.a.ServiceLogAspect [ServiceLogAspect.java:44] 用户[0:0:0:0:0:0:0:1],在[2024-09-10 20:54:02],访问了[com.nowcoder.community.service.MessageService.findConversationCount].
2024-09-10 20:54:02,922 INFO [http-nio-8080-exec-9] c.n.c.a.ServiceLogAspect [ServiceLogAspect.java:44] 用户[0:0:0:0:0:0:0:1],在[2024-09-10 20:54:02],访问了[com.nowcoder.community.service.MessageService.findConversations].
2024-09-10 20:54:02,924 INFO [http-nio-8080-exec-9] c.n.c.a.ServiceLogAspect [ServiceLogAspect.java:44] 用户[0:0:0:0:0:0:0:1],在[2024-09-10 20:54:02],访问了[com.nowcoder.community.service.MessageService.findLetterCount].
2024-09-10 20:54:02,925 INFO [http-nio-8080-exec-9] c.n.c.a.ServiceLogAspect [ServiceLogAspect.java:44] 用户[0:0:0:0:0:0:0:1],在[2024-09-10 20:54:02],访问了[com.nowcoder.community.service.MessageService.findLetterUnreadCount].
2024-09-10 20:54:02,925 INFO [http-nio-8080-exec-9] c.n.c.a.ServiceLogAspect [ServiceLogAspect.java:44] 用户[0:0:0:0:0:0:0:1],在[2024-09-10 20:54:02],访问了[com.nowcoder.community.service.UserService.findUserById].
2024-09-10 20:54:02,926 INFO [http-nio-8080-exec-9] c.n.c.a.ServiceLogAspect [ServiceLogAspect.java:44] 用户[0:0:0:0:0:0:0:1],在[2024-09-10 20:54:02],访问了[com.nowcoder.community.service.MessageService.findLetterCount].
2024-09-10 20:54:02,927 INFO [http-nio-8080-exec-9] c.n.c.a.ServiceLogAspect [ServiceLogAspect.java:44] 用户[0:0:0:0:0:0:0:1],在[2024-09-10 20:54:02],访问了[com.nowcoder.community.service.MessageService.findLetterUnreadCount].
2024-09-10 20:54:02,927 INFO [http-nio-8080-exec-9] c.n.c.a.ServiceLogAspect [ServiceLogAspect.java:44] 用户[0:0:0:0:0:0:0:1],在[2024-09-10 20:54:02],访问了[com.nowcoder.community.service.UserService.findUserById].
2024-09-10 20:54:02,928 INFO [http-nio-8080-exec-9] c.n.c.a.ServiceLogAspect [ServiceLogAspect.java:44] 用户[0:0:0:0:0:0:0:1],在[2024-09-10 20:54:02],访问了[com.nowcoder.community.service.MessageService.findLetterUnreadCount].
2024-09-10 20:54:02,928 INFO [http-nio-8080-exec-9] c.n.c.a.ServiceLogAspect [ServiceLogAspect.java:44] 用户[0:0:0:0:0:0:0:1],在[2024-09-10 20:54:02],访问了[com.nowcoder.community.service.MessageService.findNoticeUnreadCount].
2024-09-10 20:54:02,929 INFO [http-nio-8080-exec-9] c.n.c.a.ServiceLogAspect [ServiceLogAspect.java:44] 用户[0:0:0:0:0:0:0:1],在[2024-09-10 20:54:02],访问了[com.nowcoder.community.service.MessageService.findLetterUnreadCount].
2024-09-10 20:54:02,930 INFO [http-nio-8080-exec-9] c.n.c.a.ServiceLogAspect [ServiceLogAspect.java:44] 用户[0:0:0:0:0:0:0:1],在[2024-09-10 20:54:02],访问了[com.nowcoder.community.service.MessageService.findNoticeUnreadCount].
2024-09-10 20:57:53,004 INFO [http-nio-8080-exec-8] c.n.c.a.ServiceLogAspect [ServiceLogAspect.java:44] 用户[0:0:0:0:0:0:0:1],在[2024-09-10 20:57:53],访问了[com.nowcoder.community.service.UserService.findLoginTicket].
2024-09-10 20:57:53,004 INFO [http-nio-8080-exec-8] c.n.c.a.ServiceLogAspect [ServiceLogAspect.java:44] 用户[0:0:0:0:0:0:0:1],在[2024-09-10 20:57:53],访问了[com.nowcoder.community.service.UserService.findUserById].
2024-09-10 20:57:53,005 INFO [http-nio-8080-exec-8] c.n.c.a.ServiceLogAspect [ServiceLogAspect.java:44] 用户[0:0:0:0:0:0:0:1],在[2024-09-10 20:57:53],访问了[com.nowcoder.community.service.UserService.getAuthorities].
2024-09-10 20:57:53,005 INFO [http-nio-8080-exec-8] c.n.c.a.ServiceLogAspect [ServiceLogAspect.java:44] 用户[0:0:0:0:0:0:0:1],在[2024-09-10 20:57:53],访问了[com.nowcoder.community.service.MessageService.findLetterUnreadCount].
2024-09-10 20:57:53,006 INFO [http-nio-8080-exec-8] c.n.c.a.ServiceLogAspect [ServiceLogAspect.java:44] 用户[0:0:0:0:0:0:0:1],在[2024-09-10 20:57:53],访问了[com.nowcoder.community.service.MessageService.findNoticeUnreadCount].
2024-09-10 20:57:54,840 INFO [http-nio-8080-exec-4] c.n.c.a.ServiceLogAspect [ServiceLogAspect.java:44] 用户[0:0:0:0:0:0:0:1],在[2024-09-10 20:57:54],访问了[com.nowcoder.community.service.UserService.findLoginTicket].
2024-09-10 20:57:54,840 INFO [http-nio-8080-exec-4] c.n.c.a.ServiceLogAspect [ServiceLogAspect.java:44] 用户[0:0:0:0:0:0:0:1],在[2024-09-10 20:57:54],访问了[com.nowcoder.community.service.UserService.findUserById].
2024-09-10 20:57:54,841 INFO [http-nio-8080-exec-4] c.n.c.a.ServiceLogAspect [ServiceLogAspect.java:44] 用户[0:0:0:0:0:0:0:1],在[2024-09-10 20:57:54],访问了[com.nowcoder.community.service.UserService.getAuthorities].
2024-09-10 20:57:54,841 INFO [http-nio-8080-exec-4] c.n.c.a.ServiceLogAspect [ServiceLogAspect.java:44] 用户[0:0:0:0:0:0:0:1],在[2024-09-10 20:57:54],访问了[com.nowcoder.community.service.UserService.findUserById].
2024-09-10 20:57:54,841 INFO [http-nio-8080-exec-4] c.n.c.a.ServiceLogAspect [ServiceLogAspect.java:44] 用户[0:0:0:0:0:0:0:1],在[2024-09-10 20:57:54],访问了[com.nowcoder.community.service.LikeService.findUserLikeCount].
2024-09-10 20:57:54,842 INFO [http-nio-8080-exec-4] c.n.c.a.ServiceLogAspect [ServiceLogAspect.java:44] 用户[0:0:0:0:0:0:0:1],在[2024-09-10 20:57:54],访问了[com.nowcoder.community.service.FollowService.findFolloweeCount].
2024-09-10 20:57:54,842 INFO [http-nio-8080-exec-4] c.n.c.a.ServiceLogAspect [ServiceLogAspect.java:44] 用户[0:0:0:0:0:0:0:1],在[2024-09-10 20:57:54],访问了[com.nowcoder.community.service.FollowService.findFollowerCount].
2024-09-10 20:57:54,842 INFO [http-nio-8080-exec-4] c.n.c.a.ServiceLogAspect [ServiceLogAspect.java:44] 用户[0:0:0:0:0:0:0:1],在[2024-09-10 20:57:54],访问了[com.nowcoder.community.service.FollowService.hasFollowed].
2024-09-10 20:57:54,844 INFO [http-nio-8080-exec-4] c.n.c.a.ServiceLogAspect [ServiceLogAspect.java:44] 用户[0:0:0:0:0:0:0:1],在[2024-09-10 20:57:54],访问了[com.nowcoder.community.service.MessageService.findLetterUnreadCount].
2024-09-10 20:57:54,845 INFO [http-nio-8080-exec-4] c.n.c.a.ServiceLogAspect [ServiceLogAspect.java:44] 用户[0:0:0:0:0:0:0:1],在[2024-09-10 20:57:54],访问了[com.nowcoder.community.service.MessageService.findNoticeUnreadCount].
2024-09-10 20:58:05,086 INFO [http-nio-8080-exec-1] c.n.c.a.ServiceLogAspect [ServiceLogAspect.java:44] 用户[0:0:0:0:0:0:0:1],在[2024-09-10 20:58:05],访问了[com.nowcoder.community.service.UserService.findLoginTicket].
2024-09-10 20:58:05,087 INFO [http-nio-8080-exec-1] c.n.c.a.ServiceLogAspect [ServiceLogAspect.java:44] 用户[0:0:0:0:0:0:0:1],在[2024-09-10 20:58:05],访问了[com.nowcoder.community.service.UserService.findUserById].
2024-09-10 20:58:05,087 INFO [http-nio-8080-exec-1] c.n.c.a.ServiceLogAspect [ServiceLogAspect.java:44] 用户[0:0:0:0:0:0:0:1],在[2024-09-10 20:58:05],访问了[com.nowcoder.community.service.UserService.getAuthorities].
2024-09-10 20:58:05,088 INFO [http-nio-8080-exec-1] c.n.c.a.ServiceLogAspect [ServiceLogAspect.java:44] 用户[0:0:0:0:0:0:0:1],在[2024-09-10 20:58:05],访问了[com.nowcoder.community.service.DiscussPostService.findDiscussPostRows].
2024-09-10 20:58:05,089 INFO [http-nio-8080-exec-1] c.n.c.a.ServiceLogAspect [ServiceLogAspect.java:44] 用户[0:0:0:0:0:0:0:1],在[2024-09-10 20:58:05],访问了[com.nowcoder.community.service.DiscussPostService.findDiscussPosts].
2024-09-10 20:58:05,091 INFO [http-nio-8080-exec-1] c.n.c.a.ServiceLogAspect [ServiceLogAspect.java:44] 用户[0:0:0:0:0:0:0:1],在[2024-09-10 20:58:05],访问了[com.nowcoder.community.service.UserService.findUserById].
2024-09-10 20:58:05,091 INFO [http-nio-8080-exec-1] c.n.c.a.ServiceLogAspect [ServiceLogAspect.java:44] 用户[0:0:0:0:0:0:0:1],在[2024-09-10 20:58:05],访问了[com.nowcoder.community.service.LikeService.findEntityLikeCount].
2024-09-10 20:58:05,091 INFO [http-nio-8080-exec-1] c.n.c.a.ServiceLogAspect [ServiceLogAspect.java:44] 用户[0:0:0:0:0:0:0:1],在[2024-09-10 20:58:05],访问了[com.nowcoder.community.service.UserService.findUserById].
2024-09-10 20:58:05,092 INFO [http-nio-8080-exec-1] c.n.c.a.ServiceLogAspect [ServiceLogAspect.java:44] 用户[0:0:0:0:0:0:0:1],在[2024-09-10 20:58:05],访问了[com.nowcoder.community.service.LikeService.findEntityLikeCount].
2024-09-10 20:58:05,092 INFO [http-nio-8080-exec-1] c.n.c.a.ServiceLogAspect [ServiceLogAspect.java:44] 用户[0:0:0:0:0:0:0:1],在[2024-09-10 20:58:05],访问了[com.nowcoder.community.service.UserService.findUserById].
2024-09-10 20:58:05,092 INFO [http-nio-8080-exec-1] c.n.c.a.ServiceLogAspect [ServiceLogAspect.java:44] 用户[0:0:0:0:0:0:0:1],在[2024-09-10 20:58:05],访问了[com.nowcoder.community.service.LikeService.findEntityLikeCount].
2024-09-10 20:58:05,092 INFO [http-nio-8080-exec-1] c.n.c.a.ServiceLogAspect [ServiceLogAspect.java:44] 用户[0:0:0:0:0:0:0:1],在[2024-09-10 20:58:05],访问了[com.nowcoder.community.service.UserService.findUserById].
2024-09-10 20:58:05,092 INFO [http-nio-8080-exec-1] c.n.c.a.ServiceLogAspect [ServiceLogAspect.java:44] 用户[0:0:0:0:0:0:0:1],在[2024-09-10 20:58:05],访问了[com.nowcoder.community.service.LikeService.findEntityLikeCount].
2024-09-10 20:58:05,093 INFO [http-nio-8080-exec-1] c.n.c.a.ServiceLogAspect [ServiceLogAspect.java:44] 用户[0:0:0:0:0:0:0:1],在[2024-09-10 20:58:05],访问了[com.nowcoder.community.service.UserService.findUserById].
2024-09-10 20:58:05,093 INFO [http-nio-8080-exec-1] c.n.c.a.ServiceLogAspect [ServiceLogAspect.java:44] 用户[0:0:0:0:0:0:0:1],在[2024-09-10 20:58:05],访问了[com.nowcoder.community.service.LikeService.findEntityLikeCount].
2024-09-10 20:58:05,093 INFO [http-nio-8080-exec-1] c.n.c.a.ServiceLogAspect [ServiceLogAspect.java:44] 用户[0:0:0:0:0:0:0:1],在[2024-09-10 20:58:05],访问了[com.nowcoder.community.service.UserService.findUserById].
2024-09-10 20:58:05,093 INFO [http-nio-8080-exec-1] c.n.c.a.ServiceLogAspect [ServiceLogAspect.java:44] 用户[0:0:0:0:0:0:0:1],在[2024-09-10 20:58:05],访问了[com.nowcoder.community.service.LikeService.findEntityLikeCount].
2024-09-10 20:58:05,093 INFO [http-nio-8080-exec-1] c.n.c.a.ServiceLogAspect [ServiceLogAspect.java:44] 用户[0:0:0:0:0:0:0:1],在[2024-09-10 20:58:05],访问了[com.nowcoder.community.service.UserService.findUserById].
2024-09-10 20:58:05,094 INFO [http-nio-8080-exec-1] c.n.c.a.ServiceLogAspect [ServiceLogAspect.java:44] 用户[0:0:0:0:0:0:0:1],在[2024-09-10 20:58:05],访问了[com.nowcoder.community.service.LikeService.findEntityLikeCount].
2024-09-10 20:58:05,094 INFO [http-nio-8080-exec-1] c.n.c.a.ServiceLogAspect [ServiceLogAspect.java:44] 用户[0:0:0:0:0:0:0:1],在[2024-09-10 20:58:05],访问了[com.nowcoder.community.service.UserService.findUserById].
2024-09-10 20:58:05,094 INFO [http-nio-8080-exec-1] c.n.c.a.ServiceLogAspect [ServiceLogAspect.java:44] 用户[0:0:0:0:0:0:0:1],在[2024-09-10 20:58:05],访问了[com.nowcoder.community.service.LikeService.findEntityLikeCount].
2024-09-10 20:58:05,094 INFO [http-nio-8080-exec-1] c.n.c.a.ServiceLogAspect [ServiceLogAspect.java:44] 用户[0:0:0:0:0:0:0:1],在[2024-09-10 20:58:05],访问了[com.nowcoder.community.service.UserService.findUserById].
2024-09-10 20:58:05,094 INFO [http-nio-8080-exec-1] c.n.c.a.ServiceLogAspect [ServiceLogAspect.java:44] 用户[0:0:0:0:0:0:0:1],在[2024-09-10 20:58:05],访问了[com.nowcoder.community.service.LikeService.findEntityLikeCount].
2024-09-10 20:58:05,095 INFO [http-nio-8080-exec-1] c.n.c.a.ServiceLogAspect [ServiceLogAspect.java:44] 用户[0:0:0:0:0:0:0:1],在[2024-09-10 20:58:05],访问了[com.nowcoder.community.service.UserService.findUserById].
2024-09-10 20:58:05,095 INFO [http-nio-8080-exec-1] c.n.c.a.ServiceLogAspect [ServiceLogAspect.java:44] 用户[0:0:0:0:0:0:0:1],在[2024-09-10 20:58:05],访问了[com.nowcoder.community.service.LikeService.findEntityLikeCount].
2024-09-10 20:58:05,095 INFO [http-nio-8080-exec-1] c.n.c.a.ServiceLogAspect [ServiceLogAspect.java:44] 用户[0:0:0:0:0:0:0:1],在[2024-09-10 20:58:05],访问了[com.nowcoder.community.service.MessageService.findLetterUnreadCount].
2024-09-10 20:58:05,096 INFO [http-nio-8080-exec-1] c.n.c.a.ServiceLogAspect [ServiceLogAspect.java:44] 用户[0:0:0:0:0:0:0:1],在[2024-09-10 20:58:05],访问了[com.nowcoder.community.service.MessageService.findNoticeUnreadCount].
2024-09-10 20:58:06,149 INFO [http-nio-8080-exec-10] c.n.c.a.ServiceLogAspect [ServiceLogAspect.java:44] 用户[0:0:0:0:0:0:0:1],在[2024-09-10 20:58:06],访问了[com.nowcoder.community.service.UserService.findLoginTicket].
2024-09-10 20:58:06,149 INFO [http-nio-8080-exec-10] c.n.c.a.ServiceLogAspect [ServiceLogAspect.java:44] 用户[0:0:0:0:0:0:0:1],在[2024-09-10 20:58:06],访问了[com.nowcoder.community.service.UserService.findUserById].
2024-09-10 20:58:06,150 INFO [http-nio-8080-exec-10] c.n.c.a.ServiceLogAspect [ServiceLogAspect.java:44] 用户[0:0:0:0:0:0:0:1],在[2024-09-10 20:58:06],访问了[com.nowcoder.community.service.UserService.getAuthorities].
2024-09-10 20:58:06,153 INFO [http-nio-8080-exec-10] c.n.c.a.ServiceLogAspect [ServiceLogAspect.java:44] 用户[0:0:0:0:0:0:0:1],在[2024-09-10 20:58:06],访问了[com.nowcoder.community.service.DiscussPostService.findDiscussPostById].
2024-09-10 20:58:06,155 INFO [http-nio-8080-exec-10] c.n.c.a.ServiceLogAspect [ServiceLogAspect.java:44] 用户[0:0:0:0:0:0:0:1],在[2024-09-10 20:58:06],访问了[com.nowcoder.community.service.UserService.findUserById].
2024-09-10 20:58:06,155 INFO [http-nio-8080-exec-10] c.n.c.a.ServiceLogAspect [ServiceLogAspect.java:44] 用户[0:0:0:0:0:0:0:1],在[2024-09-10 20:58:06],访问了[com.nowcoder.community.service.LikeService.findEntityLikeCount].
2024-09-10 20:58:06,156 INFO [http-nio-8080-exec-10] c.n.c.a.ServiceLogAspect [ServiceLogAspect.java:44] 用户[0:0:0:0:0:0:0:1],在[2024-09-10 20:58:06],访问了[com.nowcoder.community.service.LikeService.findEntityLikeStatus].
2024-09-10 20:58:06,156 INFO [http-nio-8080-exec-10] c.n.c.a.ServiceLogAspect [ServiceLogAspect.java:44] 用户[0:0:0:0:0:0:0:1],在[2024-09-10 20:58:06],访问了[com.nowcoder.community.service.CommentService.findCommentsByEntity].
2024-09-10 20:58:06,160 INFO [http-nio-8080-exec-10] c.n.c.a.ServiceLogAspect [ServiceLogAspect.java:44] 用户[0:0:0:0:0:0:0:1],在[2024-09-10 20:58:06],访问了[com.nowcoder.community.service.MessageService.findLetterUnreadCount].
2024-09-10 20:58:06,161 INFO [http-nio-8080-exec-10] c.n.c.a.ServiceLogAspect [ServiceLogAspect.java:44] 用户[0:0:0:0:0:0:0:1],在[2024-09-10 20:58:06],访问了[com.nowcoder.community.service.MessageService.findNoticeUnreadCount].
2024-09-10 20:58:07,624 INFO [http-nio-8080-exec-1] c.n.c.a.ServiceLogAspect [ServiceLogAspect.java:44] 用户[0:0:0:0:0:0:0:1],在[2024-09-10 20:58:07],访问了[com.nowcoder.community.service.UserService.findLoginTicket].
2024-09-10 20:58:07,625 INFO [http-nio-8080-exec-1] c.n.c.a.ServiceLogAspect [ServiceLogAspect.java:44] 用户[0:0:0:0:0:0:0:1],在[2024-09-10 20:58:07],访问了[com.nowcoder.community.service.UserService.findUserById].
2024-09-10 20:58:07,625 INFO [http-nio-8080-exec-1] c.n.c.a.ServiceLogAspect [ServiceLogAspect.java:44] 用户[0:0:0:0:0:0:0:1],在[2024-09-10 20:58:07],访问了[com.nowcoder.community.service.UserService.getAuthorities].
2024-09-10 20:58:07,626 INFO [http-nio-8080-exec-1] c.n.c.a.ServiceLogAspect [ServiceLogAspect.java:44] 用户[0:0:0:0:0:0:0:1],在[2024-09-10 20:58:07],访问了[com.nowcoder.community.service.LikeService.like].
2024-09-10 20:58:07,638 INFO [http-nio-8080-exec-1] c.n.c.a.ServiceLogAspect [ServiceLogAspect.java:44] 用户[0:0:0:0:0:0:0:1],在[2024-09-10 20:58:07],访问了[com.nowcoder.community.service.LikeService.findEntityLikeCount].
2024-09-10 20:58:07,639 INFO [http-nio-8080-exec-1] c.n.c.a.ServiceLogAspect [ServiceLogAspect.java:44] 用户[0:0:0:0:0:0:0:1],在[2024-09-10 20:58:07],访问了[com.nowcoder.community.service.LikeService.findEntityLikeStatus].
2024-09-10 20:58:07,647 INFO [http-nio-8080-exec-1] o.a.k.c.p.ProducerConfig [AbstractConfig.java:279] ProducerConfig values: 
	acks = 1
	batch.size = 16384
	bootstrap.servers = [192.168.6.216:9092]
	buffer.memory = 33554432
	client.id = 
	compression.type = none
	connections.max.idle.ms = 540000
	enable.idempotence = false
	interceptor.classes = []
	key.serializer = class org.apache.kafka.common.serialization.StringSerializer
	linger.ms = 0
	max.block.ms = 60000
	max.in.flight.requests.per.connection = 5
	max.request.size = 1048576
	metadata.max.age.ms = 300000
	metric.reporters = []
	metrics.num.samples = 2
	metrics.recording.level = INFO
	metrics.sample.window.ms = 30000
	partitioner.class = class org.apache.kafka.clients.producer.internals.DefaultPartitioner
	receive.buffer.bytes = 32768
	reconnect.backoff.max.ms = 1000
	reconnect.backoff.ms = 50
	request.timeout.ms = 30000
	retries = 0
	retry.backoff.ms = 100
	sasl.client.callback.handler.class = null
	sasl.jaas.config = null
	sasl.kerberos.kinit.cmd = /usr/bin/kinit
	sasl.kerberos.min.time.before.relogin = 60000
	sasl.kerberos.service.name = null
	sasl.kerberos.ticket.renew.jitter = 0.05
	sasl.kerberos.ticket.renew.window.factor = 0.8
	sasl.login.callback.handler.class = null
	sasl.login.class = null
	sasl.login.refresh.buffer.seconds = 300
	sasl.login.refresh.min.period.seconds = 60
	sasl.login.refresh.window.factor = 0.8
	sasl.login.refresh.window.jitter = 0.05
	sasl.mechanism = GSSAPI
	security.protocol = PLAINTEXT
	send.buffer.bytes = 131072
	ssl.cipher.suites = null
	ssl.enabled.protocols = [TLSv1.2, TLSv1.1, TLSv1]
	ssl.endpoint.identification.algorithm = https
	ssl.key.password = null
	ssl.keymanager.algorithm = SunX509
	ssl.keystore.location = null
	ssl.keystore.password = null
	ssl.keystore.type = JKS
	ssl.protocol = TLS
	ssl.provider = null
	ssl.secure.random.implementation = null
	ssl.trustmanager.algorithm = PKIX
	ssl.truststore.location = null
	ssl.truststore.password = null
	ssl.truststore.type = JKS
	transaction.timeout.ms = 60000
	transactional.id = null
	value.serializer = class org.apache.kafka.common.serialization.StringSerializer

2024-09-10 20:58:07,652 INFO [http-nio-8080-exec-1] o.a.k.c.u.AppInfoParser [AppInfoParser.java:109] Kafka version : 2.0.1
2024-09-10 20:58:07,652 INFO [http-nio-8080-exec-1] o.a.k.c.u.AppInfoParser [AppInfoParser.java:110] Kafka commitId : fa14705e51bd2ce5
2024-09-10 20:58:07,654 INFO [kafka-producer-network-thread | producer-1] o.a.k.c.Metadata [Metadata.java:285] Cluster ID: ZVBvtguYSf6oEa_eHeuqbg
2024-09-10 20:58:09,598 INFO [http-nio-8080-exec-8] c.n.c.a.ServiceLogAspect [ServiceLogAspect.java:44] 用户[0:0:0:0:0:0:0:1],在[2024-09-10 20:58:09],访问了[com.nowcoder.community.service.UserService.findLoginTicket].
2024-09-10 20:58:09,598 INFO [http-nio-8080-exec-8] c.n.c.a.ServiceLogAspect [ServiceLogAspect.java:44] 用户[0:0:0:0:0:0:0:1],在[2024-09-10 20:58:09],访问了[com.nowcoder.community.service.UserService.findUserById].
2024-09-10 20:58:09,599 INFO [http-nio-8080-exec-8] c.n.c.a.ServiceLogAspect [ServiceLogAspect.java:44] 用户[0:0:0:0:0:0:0:1],在[2024-09-10 20:58:09],访问了[com.nowcoder.community.service.UserService.getAuthorities].
2024-09-10 20:58:09,599 INFO [http-nio-8080-exec-8] c.n.c.a.ServiceLogAspect [ServiceLogAspect.java:44] 用户[0:0:0:0:0:0:0:1],在[2024-09-10 20:58:09],访问了[com.nowcoder.community.service.DiscussPostService.findDiscussPostRows].
2024-09-10 20:58:09,602 INFO [http-nio-8080-exec-8] c.n.c.a.ServiceLogAspect [ServiceLogAspect.java:44] 用户[0:0:0:0:0:0:0:1],在[2024-09-10 20:58:09],访问了[com.nowcoder.community.service.DiscussPostService.findDiscussPosts].
2024-09-10 20:58:09,604 INFO [http-nio-8080-exec-8] c.n.c.a.ServiceLogAspect [ServiceLogAspect.java:44] 用户[0:0:0:0:0:0:0:1],在[2024-09-10 20:58:09],访问了[com.nowcoder.community.service.UserService.findUserById].
2024-09-10 20:58:09,604 INFO [http-nio-8080-exec-8] c.n.c.a.ServiceLogAspect [ServiceLogAspect.java:44] 用户[0:0:0:0:0:0:0:1],在[2024-09-10 20:58:09],访问了[com.nowcoder.community.service.LikeService.findEntityLikeCount].
2024-09-10 20:58:09,604 INFO [http-nio-8080-exec-8] c.n.c.a.ServiceLogAspect [ServiceLogAspect.java:44] 用户[0:0:0:0:0:0:0:1],在[2024-09-10 20:58:09],访问了[com.nowcoder.community.service.UserService.findUserById].
2024-09-10 20:58:09,605 INFO [http-nio-8080-exec-8] c.n.c.a.ServiceLogAspect [ServiceLogAspect.java:44] 用户[0:0:0:0:0:0:0:1],在[2024-09-10 20:58:09],访问了[com.nowcoder.community.service.LikeService.findEntityLikeCount].
2024-09-10 20:58:09,605 INFO [http-nio-8080-exec-8] c.n.c.a.ServiceLogAspect [ServiceLogAspect.java:44] 用户[0:0:0:0:0:0:0:1],在[2024-09-10 20:58:09],访问了[com.nowcoder.community.service.UserService.findUserById].
2024-09-10 20:58:09,605 INFO [http-nio-8080-exec-8] c.n.c.a.ServiceLogAspect [ServiceLogAspect.java:44] 用户[0:0:0:0:0:0:0:1],在[2024-09-10 20:58:09],访问了[com.nowcoder.community.service.LikeService.findEntityLikeCount].
2024-09-10 20:58:09,606 INFO [http-nio-8080-exec-8] c.n.c.a.ServiceLogAspect [ServiceLogAspect.java:44] 用户[0:0:0:0:0:0:0:1],在[2024-09-10 20:58:09],访问了[com.nowcoder.community.service.UserService.findUserById].
2024-09-10 20:58:09,606 INFO [http-nio-8080-exec-8] c.n.c.a.ServiceLogAspect [ServiceLogAspect.java:44] 用户[0:0:0:0:0:0:0:1],在[2024-09-10 20:58:09],访问了[com.nowcoder.community.service.LikeService.findEntityLikeCount].
2024-09-10 20:58:09,606 INFO [http-nio-8080-exec-8] c.n.c.a.ServiceLogAspect [ServiceLogAspect.java:44] 用户[0:0:0:0:0:0:0:1],在[2024-09-10 20:58:09],访问了[com.nowcoder.community.service.UserService.findUserById].
2024-09-10 20:58:09,606 INFO [http-nio-8080-exec-8] c.n.c.a.ServiceLogAspect [ServiceLogAspect.java:44] 用户[0:0:0:0:0:0:0:1],在[2024-09-10 20:58:09],访问了[com.nowcoder.community.service.LikeService.findEntityLikeCount].
2024-09-10 20:58:09,606 INFO [http-nio-8080-exec-8] c.n.c.a.ServiceLogAspect [ServiceLogAspect.java:44] 用户[0:0:0:0:0:0:0:1],在[2024-09-10 20:58:09],访问了[com.nowcoder.community.service.UserService.findUserById].
2024-09-10 20:58:09,607 INFO [http-nio-8080-exec-8] c.n.c.a.ServiceLogAspect [ServiceLogAspect.java:44] 用户[0:0:0:0:0:0:0:1],在[2024-09-10 20:58:09],访问了[com.nowcoder.community.service.LikeService.findEntityLikeCount].
2024-09-10 20:58:09,607 INFO [http-nio-8080-exec-8] c.n.c.a.ServiceLogAspect [ServiceLogAspect.java:44] 用户[0:0:0:0:0:0:0:1],在[2024-09-10 20:58:09],访问了[com.nowcoder.community.service.UserService.findUserById].
2024-09-10 20:58:09,607 INFO [http-nio-8080-exec-8] c.n.c.a.ServiceLogAspect [ServiceLogAspect.java:44] 用户[0:0:0:0:0:0:0:1],在[2024-09-10 20:58:09],访问了[com.nowcoder.community.service.LikeService.findEntityLikeCount].
2024-09-10 20:58:09,607 INFO [http-nio-8080-exec-8] c.n.c.a.ServiceLogAspect [ServiceLogAspect.java:44] 用户[0:0:0:0:0:0:0:1],在[2024-09-10 20:58:09],访问了[com.nowcoder.community.service.UserService.findUserById].
2024-09-10 20:58:09,607 INFO [http-nio-8080-exec-8] c.n.c.a.ServiceLogAspect [ServiceLogAspect.java:44] 用户[0:0:0:0:0:0:0:1],在[2024-09-10 20:58:09],访问了[com.nowcoder.community.service.LikeService.findEntityLikeCount].
2024-09-10 20:58:09,608 INFO [http-nio-8080-exec-8] c.n.c.a.ServiceLogAspect [ServiceLogAspect.java:44] 用户[0:0:0:0:0:0:0:1],在[2024-09-10 20:58:09],访问了[com.nowcoder.community.service.UserService.findUserById].
2024-09-10 20:58:09,608 INFO [http-nio-8080-exec-8] c.n.c.a.ServiceLogAspect [ServiceLogAspect.java:44] 用户[0:0:0:0:0:0:0:1],在[2024-09-10 20:58:09],访问了[com.nowcoder.community.service.LikeService.findEntityLikeCount].
2024-09-10 20:58:09,608 INFO [http-nio-8080-exec-8] c.n.c.a.ServiceLogAspect [ServiceLogAspect.java:44] 用户[0:0:0:0:0:0:0:1],在[2024-09-10 20:58:09],访问了[com.nowcoder.community.service.UserService.findUserById].
2024-09-10 20:58:09,609 INFO [http-nio-8080-exec-8] c.n.c.a.ServiceLogAspect [ServiceLogAspect.java:44] 用户[0:0:0:0:0:0:0:1],在[2024-09-10 20:58:09],访问了[com.nowcoder.community.service.LikeService.findEntityLikeCount].
2024-09-10 20:58:09,609 INFO [http-nio-8080-exec-8] c.n.c.a.ServiceLogAspect [ServiceLogAspect.java:44] 用户[0:0:0:0:0:0:0:1],在[2024-09-10 20:58:09],访问了[com.nowcoder.community.service.MessageService.findLetterUnreadCount].
2024-09-10 20:58:09,610 INFO [http-nio-8080-exec-8] c.n.c.a.ServiceLogAspect [ServiceLogAspect.java:44] 用户[0:0:0:0:0:0:0:1],在[2024-09-10 20:58:09],访问了[com.nowcoder.community.service.MessageService.findNoticeUnreadCount].
2024-09-10 20:58:13,586 INFO [http-nio-8080-exec-4] c.n.c.a.ServiceLogAspect [ServiceLogAspect.java:44] 用户[0:0:0:0:0:0:0:1],在[2024-09-10 20:58:13],访问了[com.nowcoder.community.service.UserService.findLoginTicket].
2024-09-10 20:58:13,586 INFO [http-nio-8080-exec-4] c.n.c.a.ServiceLogAspect [ServiceLogAspect.java:44] 用户[0:0:0:0:0:0:0:1],在[2024-09-10 20:58:13],访问了[com.nowcoder.community.service.UserService.findUserById].
2024-09-10 20:58:13,587 INFO [http-nio-8080-exec-4] c.n.c.a.ServiceLogAspect [ServiceLogAspect.java:44] 用户[0:0:0:0:0:0:0:1],在[2024-09-10 20:58:13],访问了[com.nowcoder.community.service.UserService.getAuthorities].
2024-09-10 20:58:13,587 INFO [http-nio-8080-exec-4] c.n.c.a.ServiceLogAspect [ServiceLogAspect.java:44] 用户[0:0:0:0:0:0:0:1],在[2024-09-10 20:58:13],访问了[com.nowcoder.community.service.MessageService.findConversationCount].
2024-09-10 20:58:13,589 INFO [http-nio-8080-exec-4] c.n.c.a.ServiceLogAspect [ServiceLogAspect.java:44] 用户[0:0:0:0:0:0:0:1],在[2024-09-10 20:58:13],访问了[com.nowcoder.community.service.MessageService.findConversations].
2024-09-10 20:58:13,591 INFO [http-nio-8080-exec-4] c.n.c.a.ServiceLogAspect [ServiceLogAspect.java:44] 用户[0:0:0:0:0:0:0:1],在[2024-09-10 20:58:13],访问了[com.nowcoder.community.service.MessageService.findLetterCount].
2024-09-10 20:58:13,592 INFO [http-nio-8080-exec-4] c.n.c.a.ServiceLogAspect [ServiceLogAspect.java:44] 用户[0:0:0:0:0:0:0:1],在[2024-09-10 20:58:13],访问了[com.nowcoder.community.service.MessageService.findLetterUnreadCount].
2024-09-10 20:58:13,593 INFO [http-nio-8080-exec-4] c.n.c.a.ServiceLogAspect [ServiceLogAspect.java:44] 用户[0:0:0:0:0:0:0:1],在[2024-09-10 20:58:13],访问了[com.nowcoder.community.service.UserService.findUserById].
2024-09-10 20:58:13,593 INFO [http-nio-8080-exec-4] c.n.c.a.ServiceLogAspect [ServiceLogAspect.java:44] 用户[0:0:0:0:0:0:0:1],在[2024-09-10 20:58:13],访问了[com.nowcoder.community.service.MessageService.findLetterCount].
2024-09-10 20:58:13,594 INFO [http-nio-8080-exec-4] c.n.c.a.ServiceLogAspect [ServiceLogAspect.java:44] 用户[0:0:0:0:0:0:0:1],在[2024-09-10 20:58:13],访问了[com.nowcoder.community.service.MessageService.findLetterUnreadCount].
2024-09-10 20:58:13,595 INFO [http-nio-8080-exec-4] c.n.c.a.ServiceLogAspect [ServiceLogAspect.java:44] 用户[0:0:0:0:0:0:0:1],在[2024-09-10 20:58:13],访问了[com.nowcoder.community.service.UserService.findUserById].
2024-09-10 20:58:13,595 INFO [http-nio-8080-exec-4] c.n.c.a.ServiceLogAspect [ServiceLogAspect.java:44] 用户[0:0:0:0:0:0:0:1],在[2024-09-10 20:58:13],访问了[com.nowcoder.community.service.MessageService.findLetterUnreadCount].
2024-09-10 20:58:13,596 INFO [http-nio-8080-exec-4] c.n.c.a.ServiceLogAspect [ServiceLogAspect.java:44] 用户[0:0:0:0:0:0:0:1],在[2024-09-10 20:58:13],访问了[com.nowcoder.community.service.MessageService.findNoticeUnreadCount].
2024-09-10 20:58:13,597 INFO [http-nio-8080-exec-4] c.n.c.a.ServiceLogAspect [ServiceLogAspect.java:44] 用户[0:0:0:0:0:0:0:1],在[2024-09-10 20:58:13],访问了[com.nowcoder.community.service.MessageService.findLetterUnreadCount].
2024-09-10 20:58:13,598 INFO [http-nio-8080-exec-4] c.n.c.a.ServiceLogAspect [ServiceLogAspect.java:44] 用户[0:0:0:0:0:0:0:1],在[2024-09-10 20:58:13],访问了[com.nowcoder.community.service.MessageService.findNoticeUnreadCount].
2024-09-10 20:58:14,748 INFO [http-nio-8080-exec-8] c.n.c.a.ServiceLogAspect [ServiceLogAspect.java:44] 用户[0:0:0:0:0:0:0:1],在[2024-09-10 20:58:14],访问了[com.nowcoder.community.service.UserService.findLoginTicket].
2024-09-10 20:58:14,749 INFO [http-nio-8080-exec-8] c.n.c.a.ServiceLogAspect [ServiceLogAspect.java:44] 用户[0:0:0:0:0:0:0:1],在[2024-09-10 20:58:14],访问了[com.nowcoder.community.service.UserService.findUserById].
2024-09-10 20:58:14,749 INFO [http-nio-8080-exec-8] c.n.c.a.ServiceLogAspect [ServiceLogAspect.java:44] 用户[0:0:0:0:0:0:0:1],在[2024-09-10 20:58:14],访问了[com.nowcoder.community.service.UserService.getAuthorities].
2024-09-10 20:58:14,749 INFO [http-nio-8080-exec-8] c.n.c.a.ServiceLogAspect [ServiceLogAspect.java:44] 用户[0:0:0:0:0:0:0:1],在[2024-09-10 20:58:14],访问了[com.nowcoder.community.service.MessageService.findLatestNotice].
2024-09-10 20:58:14,751 INFO [http-nio-8080-exec-8] c.n.c.a.ServiceLogAspect [ServiceLogAspect.java:44] 用户[0:0:0:0:0:0:0:1],在[2024-09-10 20:58:14],访问了[com.nowcoder.community.service.UserService.findUserById].
2024-09-10 20:58:14,752 INFO [http-nio-8080-exec-8] c.n.c.a.ServiceLogAspect [ServiceLogAspect.java:44] 用户[0:0:0:0:0:0:0:1],在[2024-09-10 20:58:14],访问了[com.nowcoder.community.service.MessageService.findNoticeCount].
2024-09-10 20:58:14,753 INFO [http-nio-8080-exec-8] c.n.c.a.ServiceLogAspect [ServiceLogAspect.java:44] 用户[0:0:0:0:0:0:0:1],在[2024-09-10 20:58:14],访问了[com.nowcoder.community.service.MessageService.findNoticeUnreadCount].
2024-09-10 20:58:14,753 INFO [http-nio-8080-exec-8] c.n.c.a.ServiceLogAspect [ServiceLogAspect.java:44] 用户[0:0:0:0:0:0:0:1],在[2024-09-10 20:58:14],访问了[com.nowcoder.community.service.MessageService.findLatestNotice].
2024-09-10 20:58:14,755 INFO [http-nio-8080-exec-8] c.n.c.a.ServiceLogAspect [ServiceLogAspect.java:44] 用户[0:0:0:0:0:0:0:1],在[2024-09-10 20:58:14],访问了[com.nowcoder.community.service.UserService.findUserById].
2024-09-10 20:58:14,755 INFO [http-nio-8080-exec-8] c.n.c.a.ServiceLogAspect [ServiceLogAspect.java:44] 用户[0:0:0:0:0:0:0:1],在[2024-09-10 20:58:14],访问了[com.nowcoder.community.service.MessageService.findNoticeCount].
2024-09-10 20:58:14,756 INFO [http-nio-8080-exec-8] c.n.c.a.ServiceLogAspect [ServiceLogAspect.java:44] 用户[0:0:0:0:0:0:0:1],在[2024-09-10 20:58:14],访问了[com.nowcoder.community.service.MessageService.findNoticeUnreadCount].
2024-09-10 20:58:14,757 INFO [http-nio-8080-exec-8] c.n.c.a.ServiceLogAspect [ServiceLogAspect.java:44] 用户[0:0:0:0:0:0:0:1],在[2024-09-10 20:58:14],访问了[com.nowcoder.community.service.MessageService.findLatestNotice].
2024-09-10 20:58:14,758 INFO [http-nio-8080-exec-8] c.n.c.a.ServiceLogAspect [ServiceLogAspect.java:44] 用户[0:0:0:0:0:0:0:1],在[2024-09-10 20:58:14],访问了[com.nowcoder.community.service.UserService.findUserById].
2024-09-10 20:58:14,758 INFO [http-nio-8080-exec-8] c.n.c.a.ServiceLogAspect [ServiceLogAspect.java:44] 用户[0:0:0:0:0:0:0:1],在[2024-09-10 20:58:14],访问了[com.nowcoder.community.service.MessageService.findNoticeCount].
2024-09-10 20:58:14,759 INFO [http-nio-8080-exec-8] c.n.c.a.ServiceLogAspect [ServiceLogAspect.java:44] 用户[0:0:0:0:0:0:0:1],在[2024-09-10 20:58:14],访问了[com.nowcoder.community.service.MessageService.findNoticeUnreadCount].
2024-09-10 20:58:14,760 INFO [http-nio-8080-exec-8] c.n.c.a.ServiceLogAspect [ServiceLogAspect.java:44] 用户[0:0:0:0:0:0:0:1],在[2024-09-10 20:58:14],访问了[com.nowcoder.community.service.MessageService.findLetterUnreadCount].
2024-09-10 20:58:14,760 INFO [http-nio-8080-exec-8] c.n.c.a.ServiceLogAspect [ServiceLogAspect.java:44] 用户[0:0:0:0:0:0:0:1],在[2024-09-10 20:58:14],访问了[com.nowcoder.community.service.MessageService.findNoticeUnreadCount].
2024-09-10 20:58:14,762 INFO [http-nio-8080-exec-8] c.n.c.a.ServiceLogAspect [ServiceLogAspect.java:44] 用户[0:0:0:0:0:0:0:1],在[2024-09-10 20:58:14],访问了[com.nowcoder.community.service.MessageService.findLetterUnreadCount].
2024-09-10 20:58:14,763 INFO [http-nio-8080-exec-8] c.n.c.a.ServiceLogAspect [ServiceLogAspect.java:44] 用户[0:0:0:0:0:0:0:1],在[2024-09-10 20:58:14],访问了[com.nowcoder.community.service.MessageService.findNoticeUnreadCount].
2024-09-10 20:58:22,145 INFO [http-nio-8080-exec-9] c.n.c.a.ServiceLogAspect [ServiceLogAspect.java:44] 用户[0:0:0:0:0:0:0:1],在[2024-09-10 20:58:22],访问了[com.nowcoder.community.service.UserService.findLoginTicket].
2024-09-10 20:58:22,149 INFO [http-nio-8080-exec-9] c.n.c.a.ServiceLogAspect [ServiceLogAspect.java:44] 用户[0:0:0:0:0:0:0:1],在[2024-09-10 20:58:22],访问了[com.nowcoder.community.service.UserService.findUserById].
2024-09-10 20:58:22,151 INFO [http-nio-8080-exec-9] c.n.c.a.ServiceLogAspect [ServiceLogAspect.java:44] 用户[0:0:0:0:0:0:0:1],在[2024-09-10 20:58:22],访问了[com.nowcoder.community.service.UserService.getAuthorities].
2024-09-10 20:58:22,155 INFO [http-nio-8080-exec-9] c.n.c.a.ServiceLogAspect [ServiceLogAspect.java:44] 用户[0:0:0:0:0:0:0:1],在[2024-09-10 20:58:22],访问了[com.nowcoder.community.service.MessageService.findNoticeCount].
2024-09-10 20:58:22,158 INFO [http-nio-8080-exec-9] c.n.c.a.ServiceLogAspect [ServiceLogAspect.java:44] 用户[0:0:0:0:0:0:0:1],在[2024-09-10 20:58:22],访问了[com.nowcoder.community.service.MessageService.findNotices].
2024-09-10 20:58:22,161 INFO [http-nio-8080-exec-9] c.n.c.a.ServiceLogAspect [ServiceLogAspect.java:44] 用户[0:0:0:0:0:0:0:1],在[2024-09-10 20:58:22],访问了[com.nowcoder.community.service.UserService.findUserById].
2024-09-10 20:58:22,162 INFO [http-nio-8080-exec-9] c.n.c.a.ServiceLogAspect [ServiceLogAspect.java:44] 用户[0:0:0:0:0:0:0:1],在[2024-09-10 20:58:22],访问了[com.nowcoder.community.service.UserService.findUserById].
2024-09-10 20:58:22,165 INFO [http-nio-8080-exec-9] c.n.c.a.ServiceLogAspect [ServiceLogAspect.java:44] 用户[0:0:0:0:0:0:0:1],在[2024-09-10 20:58:22],访问了[com.nowcoder.community.service.UserService.findUserById].
2024-09-10 20:58:22,165 INFO [http-nio-8080-exec-9] c.n.c.a.ServiceLogAspect [ServiceLogAspect.java:44] 用户[0:0:0:0:0:0:0:1],在[2024-09-10 20:58:22],访问了[com.nowcoder.community.service.UserService.findUserById].
2024-09-10 20:58:22,165 INFO [http-nio-8080-exec-9] c.n.c.a.ServiceLogAspect [ServiceLogAspect.java:44] 用户[0:0:0:0:0:0:0:1],在[2024-09-10 20:58:22],访问了[com.nowcoder.community.service.UserService.findUserById].
2024-09-10 20:58:22,166 INFO [http-nio-8080-exec-9] c.n.c.a.ServiceLogAspect [ServiceLogAspect.java:44] 用户[0:0:0:0:0:0:0:1],在[2024-09-10 20:58:22],访问了[com.nowcoder.community.service.UserService.findUserById].
2024-09-10 20:58:22,166 INFO [http-nio-8080-exec-9] c.n.c.a.ServiceLogAspect [ServiceLogAspect.java:44] 用户[0:0:0:0:0:0:0:1],在[2024-09-10 20:58:22],访问了[com.nowcoder.community.service.MessageService.readMessage].
2024-09-10 20:58:22,173 INFO [http-nio-8080-exec-9] c.n.c.a.ServiceLogAspect [ServiceLogAspect.java:44] 用户[0:0:0:0:0:0:0:1],在[2024-09-10 20:58:22],访问了[com.nowcoder.community.service.MessageService.findLetterUnreadCount].
2024-09-10 20:58:22,174 INFO [http-nio-8080-exec-9] c.n.c.a.ServiceLogAspect [ServiceLogAspect.java:44] 用户[0:0:0:0:0:0:0:1],在[2024-09-10 20:58:22],访问了[com.nowcoder.community.service.MessageService.findNoticeUnreadCount].
2024-09-10 20:58:24,132 INFO [http-nio-8080-exec-1] c.n.c.a.ServiceLogAspect [ServiceLogAspect.java:44] 用户[0:0:0:0:0:0:0:1],在[2024-09-10 20:58:24],访问了[com.nowcoder.community.service.UserService.findLoginTicket].
2024-09-10 20:58:24,132 INFO [http-nio-8080-exec-1] c.n.c.a.ServiceLogAspect [ServiceLogAspect.java:44] 用户[0:0:0:0:0:0:0:1],在[2024-09-10 20:58:24],访问了[com.nowcoder.community.service.UserService.findUserById].
2024-09-10 20:58:24,133 INFO [http-nio-8080-exec-1] c.n.c.a.ServiceLogAspect [ServiceLogAspect.java:44] 用户[0:0:0:0:0:0:0:1],在[2024-09-10 20:58:24],访问了[com.nowcoder.community.service.UserService.getAuthorities].
2024-09-10 20:58:24,133 INFO [http-nio-8080-exec-1] c.n.c.a.ServiceLogAspect [ServiceLogAspect.java:44] 用户[0:0:0:0:0:0:0:1],在[2024-09-10 20:58:24],访问了[com.nowcoder.community.service.UserService.findUserById].
2024-09-10 20:58:24,133 INFO [http-nio-8080-exec-1] c.n.c.a.ServiceLogAspect [ServiceLogAspect.java:44] 用户[0:0:0:0:0:0:0:1],在[2024-09-10 20:58:24],访问了[com.nowcoder.community.service.LikeService.findUserLikeCount].
2024-09-10 20:58:24,133 INFO [http-nio-8080-exec-1] c.n.c.a.ServiceLogAspect [ServiceLogAspect.java:44] 用户[0:0:0:0:0:0:0:1],在[2024-09-10 20:58:24],访问了[com.nowcoder.community.service.FollowService.findFolloweeCount].
2024-09-10 20:58:24,133 INFO [http-nio-8080-exec-1] c.n.c.a.ServiceLogAspect [ServiceLogAspect.java:44] 用户[0:0:0:0:0:0:0:1],在[2024-09-10 20:58:24],访问了[com.nowcoder.community.service.FollowService.findFollowerCount].
2024-09-10 20:58:24,134 INFO [http-nio-8080-exec-1] c.n.c.a.ServiceLogAspect [ServiceLogAspect.java:44] 用户[0:0:0:0:0:0:0:1],在[2024-09-10 20:58:24],访问了[com.nowcoder.community.service.FollowService.hasFollowed].
2024-09-10 20:58:24,134 INFO [http-nio-8080-exec-1] c.n.c.a.ServiceLogAspect [ServiceLogAspect.java:44] 用户[0:0:0:0:0:0:0:1],在[2024-09-10 20:58:24],访问了[com.nowcoder.community.service.MessageService.findLetterUnreadCount].
2024-09-10 20:58:24,135 INFO [http-nio-8080-exec-1] c.n.c.a.ServiceLogAspect [ServiceLogAspect.java:44] 用户[0:0:0:0:0:0:0:1],在[2024-09-10 20:58:24],访问了[com.nowcoder.community.service.MessageService.findNoticeUnreadCount].
2024-09-10 20:59:30,838 INFO [org.springframework.kafka.KafkaListenerEndpointContainer#1-0-C-1] o.s.s.c.ThreadPoolTaskScheduler [ExecutorConfigurationSupport.java:208] Shutting down ExecutorService
2024-09-10 20:59:30,838 INFO [org.springframework.kafka.KafkaListenerEndpointContainer#0-0-C-1] o.s.s.c.ThreadPoolTaskScheduler [ExecutorConfigurationSupport.java:208] Shutting down ExecutorService
2024-09-10 20:59:30,839 INFO [org.springframework.kafka.KafkaListenerEndpointContainer#1-0-C-1] o.s.k.l.KafkaMessageListenerContainer$ListenerConsumer [KafkaMessageListenerContainer.java:840] Consumer stopped
2024-09-10 20:59:30,839 INFO [org.springframework.kafka.KafkaListenerEndpointContainer#0-0-C-1] o.s.k.l.KafkaMessageListenerContainer$ListenerConsumer [KafkaMessageListenerContainer.java:840] Consumer stopped
2024-09-10 20:59:30,841 INFO [Thread-8] o.s.s.c.ThreadPoolTaskExecutor [ExecutorConfigurationSupport.java:208] Shutting down ExecutorService 'applicationTaskExecutor'
2024-09-10 20:59:30,845 INFO [Thread-8] o.a.k.c.p.KafkaProducer [KafkaProducer.java:1090] [Producer clientId=producer-1] Closing the Kafka producer with timeoutMillis = 30000 ms.
2024-09-10 20:59:31,951 INFO [Thread-8] c.z.h.HikariDataSource [HikariDataSource.java:350] HikariPool-1 - Shutdown initiated...
2024-09-10 20:59:31,954 INFO [Thread-8] c.z.h.HikariDataSource [HikariDataSource.java:352] HikariPool-1 - Shutdown completed.
