2024-09-06 01:12:42,852 INFO [restartedMain] c.n.c.CommunityApplication [StartupInfoLogger.java:50] Starting CommunityApplication on aug-CVN-Z690-GAMING-PRO with PID 266240 (/home/aug/software/java/projects_work/community/target/classes started by aug in /home/aug/software/java/projects_work/community)
2024-09-06 01:12:42,856 INFO [restartedMain] c.n.c.CommunityApplication [SpringApplication.java:675] No active profile set, falling back to default profiles: default
2024-09-06 01:12:42,889 INFO [restartedMain] o.s.b.d.e.DevToolsPropertyDefaultsPostProcessor [DeferredLog.java:227] Devtools property defaults active! Set 'spring.devtools.add-properties' to 'false' to disable
2024-09-06 01:12:42,889 INFO [restartedMain] o.s.b.d.e.DevToolsPropertyDefaultsPostProcessor [DeferredLog.java:227] For additional web related logging consider setting the 'logging.level.web' property to 'DEBUG'
2024-09-06 01:12:43,302 INFO [restartedMain] o.s.d.r.c.RepositoryConfigurationDelegate [RepositoryConfigurationDelegate.java:244] Multiple Spring Data modules found, entering strict repository configuration mode!
2024-09-06 01:12:43,303 INFO [restartedMain] o.s.d.r.c.RepositoryConfigurationDelegate [RepositoryConfigurationDelegate.java:126] Bootstrapping Spring Data repositories in DEFAULT mode.
2024-09-06 01:12:43,316 INFO [restartedMain] o.s.d.r.c.RepositoryConfigurationDelegate [RepositoryConfigurationDelegate.java:182] Finished Spring Data repository scanning in 6ms. Found 0 repository interfaces.
2024-09-06 01:12:43,528 INFO [restartedMain] o.s.c.s.PostProcessorRegistrationDelegate$BeanPostProcessorChecker [PostProcessorRegistrationDelegate.java:330] Bean 'org.springframework.kafka.annotation.KafkaBootstrapConfiguration' of type [org.springframework.kafka.annotation.KafkaBootstrapConfiguration$$EnhancerBySpringCGLIB$$882ab1b6] is not eligible for getting processed by all BeanPostProcessors (for example: not eligible for auto-proxying)
2024-09-06 01:12:43,577 INFO [restartedMain] o.s.c.s.PostProcessorRegistrationDelegate$BeanPostProcessorChecker [PostProcessorRegistrationDelegate.java:330] Bean 'org.springframework.transaction.annotation.ProxyTransactionManagementConfiguration' of type [org.springframework.transaction.annotation.ProxyTransactionManagementConfiguration$$EnhancerBySpringCGLIB$$b478a033] is not eligible for getting processed by all BeanPostProcessors (for example: not eligible for auto-proxying)
2024-09-06 01:12:43,879 INFO [restartedMain] o.s.b.w.e.t.TomcatWebServer [TomcatWebServer.java:90] Tomcat initialized with port(s): 8080 (http)
2024-09-06 01:12:43,887 INFO [restartedMain] o.a.c.h.Http11NioProtocol [DirectJDKLog.java:173] Initializing ProtocolHandler ["http-nio-8080"]
2024-09-06 01:12:43,894 INFO [restartedMain] o.a.c.c.StandardService [DirectJDKLog.java:173] Starting service [Tomcat]
2024-09-06 01:12:43,894 INFO [restartedMain] o.a.c.c.StandardEngine [DirectJDKLog.java:173] Starting Servlet engine: [Apache Tomcat/9.0.19]
2024-09-06 01:12:43,945 INFO [restartedMain] o.a.c.c.C.[.[.[/community] [DirectJDKLog.java:173] Initializing Spring embedded WebApplicationContext
2024-09-06 01:12:43,945 INFO [restartedMain] o.s.w.c.ContextLoader [ServletWebServerApplicationContext.java:296] Root WebApplicationContext: initialization completed in 1056 ms
2024-09-06 01:12:44,635 INFO [restartedMain] o.s.s.c.ThreadPoolTaskExecutor [ExecutorConfigurationSupport.java:171] Initializing ExecutorService 'applicationTaskExecutor'
2024-09-06 01:12:44,723 INFO [restartedMain] o.s.b.a.w.s.WelcomePageHandlerMapping [WelcomePageHandlerMapping.java:61] Adding welcome page template: index
2024-09-06 01:12:44,922 INFO [restartedMain] o.s.b.d.a.OptionalLiveReloadServer [OptionalLiveReloadServer.java:57] LiveReload server is running on port 35729
2024-09-06 01:12:44,959 INFO [restartedMain] o.a.k.c.c.ConsumerConfig [AbstractConfig.java:279] ConsumerConfig values: 
	auto.commit.interval.ms = 3000
	auto.offset.reset = latest
	bootstrap.servers = [192.168.6.216:9092]
	check.crcs = true
	client.id = 
	connections.max.idle.ms = 540000
	default.api.timeout.ms = 60000
	enable.auto.commit = true
	exclude.internal.topics = true
	fetch.max.bytes = 52428800
	fetch.max.wait.ms = 500
	fetch.min.bytes = 1
	group.id = community-consumer-group
	heartbeat.interval.ms = 3000
	interceptor.classes = []
	internal.leave.group.on.close = true
	isolation.level = read_uncommitted
	key.deserializer = class org.apache.kafka.common.serialization.StringDeserializer
	max.partition.fetch.bytes = 1048576
	max.poll.interval.ms = 300000
	max.poll.records = 500
	metadata.max.age.ms = 300000
	metric.reporters = []
	metrics.num.samples = 2
	metrics.recording.level = INFO
	metrics.sample.window.ms = 30000
	partition.assignment.strategy = [class org.apache.kafka.clients.consumer.RangeAssignor]
	receive.buffer.bytes = 65536
	reconnect.backoff.max.ms = 1000
	reconnect.backoff.ms = 50
	request.timeout.ms = 30000
	retry.backoff.ms = 100
	sasl.client.callback.handler.class = null
	sasl.jaas.config = null
	sasl.kerberos.kinit.cmd = /usr/bin/kinit
	sasl.kerberos.min.time.before.relogin = 60000
	sasl.kerberos.service.name = null
	sasl.kerberos.ticket.renew.jitter = 0.05
	sasl.kerberos.ticket.renew.window.factor = 0.8
	sasl.login.callback.handler.class = null
	sasl.login.class = null
	sasl.login.refresh.buffer.seconds = 300
	sasl.login.refresh.min.period.seconds = 60
	sasl.login.refresh.window.factor = 0.8
	sasl.login.refresh.window.jitter = 0.05
	sasl.mechanism = GSSAPI
	security.protocol = PLAINTEXT
	send.buffer.bytes = 131072
	session.timeout.ms = 10000
	ssl.cipher.suites = null
	ssl.enabled.protocols = [TLSv1.2, TLSv1.1, TLSv1]
	ssl.endpoint.identification.algorithm = https
	ssl.key.password = null
	ssl.keymanager.algorithm = SunX509
	ssl.keystore.location = null
	ssl.keystore.password = null
	ssl.keystore.type = JKS
	ssl.protocol = TLS
	ssl.provider = null
	ssl.secure.random.implementation = null
	ssl.trustmanager.algorithm = PKIX
	ssl.truststore.location = null
	ssl.truststore.password = null
	ssl.truststore.type = JKS
	value.deserializer = class org.apache.kafka.common.serialization.StringDeserializer

2024-09-06 01:12:44,993 INFO [restartedMain] o.a.k.c.u.AppInfoParser [AppInfoParser.java:109] Kafka version : 2.0.1
2024-09-06 01:12:44,993 INFO [restartedMain] o.a.k.c.u.AppInfoParser [AppInfoParser.java:110] Kafka commitId : fa14705e51bd2ce5
2024-09-06 01:12:45,045 INFO [restartedMain] o.a.k.c.Metadata [Metadata.java:285] Cluster ID: ZVBvtguYSf6oEa_eHeuqbg
2024-09-06 01:12:45,422 INFO [restartedMain] o.a.k.c.c.ConsumerConfig [AbstractConfig.java:279] ConsumerConfig values: 
	auto.commit.interval.ms = 3000
	auto.offset.reset = latest
	bootstrap.servers = [192.168.6.216:9092]
	check.crcs = true
	client.id = 
	connections.max.idle.ms = 540000
	default.api.timeout.ms = 60000
	enable.auto.commit = true
	exclude.internal.topics = true
	fetch.max.bytes = 52428800
	fetch.max.wait.ms = 500
	fetch.min.bytes = 1
	group.id = community-consumer-group
	heartbeat.interval.ms = 3000
	interceptor.classes = []
	internal.leave.group.on.close = true
	isolation.level = read_uncommitted
	key.deserializer = class org.apache.kafka.common.serialization.StringDeserializer
	max.partition.fetch.bytes = 1048576
	max.poll.interval.ms = 300000
	max.poll.records = 500
	metadata.max.age.ms = 300000
	metric.reporters = []
	metrics.num.samples = 2
	metrics.recording.level = INFO
	metrics.sample.window.ms = 30000
	partition.assignment.strategy = [class org.apache.kafka.clients.consumer.RangeAssignor]
	receive.buffer.bytes = 65536
	reconnect.backoff.max.ms = 1000
	reconnect.backoff.ms = 50
	request.timeout.ms = 30000
	retry.backoff.ms = 100
	sasl.client.callback.handler.class = null
	sasl.jaas.config = null
	sasl.kerberos.kinit.cmd = /usr/bin/kinit
	sasl.kerberos.min.time.before.relogin = 60000
	sasl.kerberos.service.name = null
	sasl.kerberos.ticket.renew.jitter = 0.05
	sasl.kerberos.ticket.renew.window.factor = 0.8
	sasl.login.callback.handler.class = null
	sasl.login.class = null
	sasl.login.refresh.buffer.seconds = 300
	sasl.login.refresh.min.period.seconds = 60
	sasl.login.refresh.window.factor = 0.8
	sasl.login.refresh.window.jitter = 0.05
	sasl.mechanism = GSSAPI
	security.protocol = PLAINTEXT
	send.buffer.bytes = 131072
	session.timeout.ms = 10000
	ssl.cipher.suites = null
	ssl.enabled.protocols = [TLSv1.2, TLSv1.1, TLSv1]
	ssl.endpoint.identification.algorithm = https
	ssl.key.password = null
	ssl.keymanager.algorithm = SunX509
	ssl.keystore.location = null
	ssl.keystore.password = null
	ssl.keystore.type = JKS
	ssl.protocol = TLS
	ssl.provider = null
	ssl.secure.random.implementation = null
	ssl.trustmanager.algorithm = PKIX
	ssl.truststore.location = null
	ssl.truststore.password = null
	ssl.truststore.type = JKS
	value.deserializer = class org.apache.kafka.common.serialization.StringDeserializer

2024-09-06 01:12:45,426 INFO [restartedMain] o.a.k.c.u.AppInfoParser [AppInfoParser.java:109] Kafka version : 2.0.1
2024-09-06 01:12:45,427 INFO [restartedMain] o.a.k.c.u.AppInfoParser [AppInfoParser.java:110] Kafka commitId : fa14705e51bd2ce5
2024-09-06 01:12:45,428 INFO [restartedMain] o.s.s.c.ThreadPoolTaskScheduler [ExecutorConfigurationSupport.java:171] Initializing ExecutorService
2024-09-06 01:12:45,441 INFO [org.springframework.kafka.KafkaListenerEndpointContainer#0-0-C-1] o.a.k.c.Metadata [Metadata.java:285] Cluster ID: ZVBvtguYSf6oEa_eHeuqbg
2024-09-06 01:12:45,442 INFO [restartedMain] o.a.c.h.Http11NioProtocol [DirectJDKLog.java:173] Starting ProtocolHandler ["http-nio-8080"]
2024-09-06 01:12:45,442 INFO [org.springframework.kafka.KafkaListenerEndpointContainer#0-0-C-1] o.a.k.c.c.i.AbstractCoordinator [AbstractCoordinator.java:677] [Consumer clientId=consumer-2, groupId=community-consumer-group] Discovered group coordinator aug-CVN-Z690-GAMING-PRO:9092 (id: 2147483647 rack: null)
2024-09-06 01:12:45,444 INFO [org.springframework.kafka.KafkaListenerEndpointContainer#0-0-C-1] o.a.k.c.c.i.ConsumerCoordinator [ConsumerCoordinator.java:472] [Consumer clientId=consumer-2, groupId=community-consumer-group] Revoking previously assigned partitions []
2024-09-06 01:12:45,444 INFO [org.springframework.kafka.KafkaListenerEndpointContainer#0-0-C-1] o.s.k.l.KafkaMessageListenerContainer [AbstractMessageListenerContainer.java:375] partitions revoked: []
2024-09-06 01:12:45,444 INFO [org.springframework.kafka.KafkaListenerEndpointContainer#0-0-C-1] o.a.k.c.c.i.AbstractCoordinator [AbstractCoordinator.java:509] [Consumer clientId=consumer-2, groupId=community-consumer-group] (Re-)joining group
2024-09-06 01:12:45,451 INFO [org.springframework.kafka.KafkaListenerEndpointContainer#0-0-C-1] o.a.k.c.c.i.AbstractCoordinator [AbstractCoordinator.java:473] [Consumer clientId=consumer-2, groupId=community-consumer-group] Successfully joined group with generation 3
2024-09-06 01:12:45,451 INFO [org.springframework.kafka.KafkaListenerEndpointContainer#0-0-C-1] o.a.k.c.c.i.ConsumerCoordinator [ConsumerCoordinator.java:280] [Consumer clientId=consumer-2, groupId=community-consumer-group] Setting newly assigned partitions [comment-0, like-0, follow-0]
2024-09-06 01:12:45,453 INFO [restartedMain] o.s.b.w.e.t.TomcatWebServer [TomcatWebServer.java:204] Tomcat started on port(s): 8080 (http) with context path '/community'
2024-09-06 01:12:45,455 INFO [restartedMain] c.n.c.CommunityApplication [StartupInfoLogger.java:59] Started CommunityApplication in 2.876 seconds (JVM running for 3.124)
2024-09-06 01:12:45,456 INFO [org.springframework.kafka.KafkaListenerEndpointContainer#0-0-C-1] o.a.k.c.c.i.Fetcher [Fetcher.java:601] [Consumer clientId=consumer-2, groupId=community-consumer-group] Resetting offset for partition comment-0 to offset 0.
2024-09-06 01:12:45,456 INFO [org.springframework.kafka.KafkaListenerEndpointContainer#0-0-C-1] o.a.k.c.c.i.Fetcher [Fetcher.java:601] [Consumer clientId=consumer-2, groupId=community-consumer-group] Resetting offset for partition like-0 to offset 0.
2024-09-06 01:12:45,456 INFO [org.springframework.kafka.KafkaListenerEndpointContainer#0-0-C-1] o.a.k.c.c.i.Fetcher [Fetcher.java:601] [Consumer clientId=consumer-2, groupId=community-consumer-group] Resetting offset for partition follow-0 to offset 0.
2024-09-06 01:12:45,456 INFO [org.springframework.kafka.KafkaListenerEndpointContainer#0-0-C-1] o.s.k.l.KafkaMessageListenerContainer [AbstractMessageListenerContainer.java:380] partitions assigned: [comment-0, like-0, follow-0]
2024-09-06 01:14:05,320 INFO [http-nio-8080-exec-1] o.a.c.c.C.[.[.[/community] [DirectJDKLog.java:173] Initializing Spring DispatcherServlet 'dispatcherServlet'
2024-09-06 01:14:05,320 INFO [http-nio-8080-exec-1] o.s.w.s.DispatcherServlet [FrameworkServlet.java:524] Initializing Servlet 'dispatcherServlet'
2024-09-06 01:14:05,329 INFO [http-nio-8080-exec-1] o.s.w.s.DispatcherServlet [FrameworkServlet.java:546] Completed initialization in 9 ms
2024-09-06 01:14:05,341 INFO [http-nio-8080-exec-1] c.n.c.a.ServiceLogAspect [ServiceLogAspect.java:40] 用户[0:0:0:0:0:0:0:1],在[2024-09-06 01:14:05],访问了[com.nowcoder.community.service.UserService.findLoginTicket].
2024-09-06 01:14:05,405 INFO [http-nio-8080-exec-1] i.l.c.EpollProvider [EpollProvider.java:68] Starting without optional epoll library
2024-09-06 01:14:05,406 INFO [http-nio-8080-exec-1] i.l.c.KqueueProvider [KqueueProvider.java:70] Starting without optional kqueue library
2024-09-06 01:14:05,516 INFO [http-nio-8080-exec-1] c.n.c.a.ServiceLogAspect [ServiceLogAspect.java:40] 用户[0:0:0:0:0:0:0:1],在[2024-09-06 01:14:05],访问了[com.nowcoder.community.service.UserService.findUserById].
2024-09-06 01:14:05,527 INFO [http-nio-8080-exec-1] c.z.h.HikariDataSource [HikariDataSource.java:110] HikariPool-1 - Starting...
2024-09-06 01:14:05,602 INFO [http-nio-8080-exec-1] c.z.h.HikariDataSource [HikariDataSource.java:123] HikariPool-1 - Start completed.
2024-09-06 01:14:05,662 INFO [http-nio-8080-exec-2] c.n.c.a.ServiceLogAspect [ServiceLogAspect.java:40] 用户[0:0:0:0:0:0:0:1],在[2024-09-06 01:14:05],访问了[com.nowcoder.community.service.UserService.findLoginTicket].
2024-09-06 01:14:05,664 INFO [http-nio-8080-exec-2] c.n.c.a.ServiceLogAspect [ServiceLogAspect.java:40] 用户[0:0:0:0:0:0:0:1],在[2024-09-06 01:14:05],访问了[com.nowcoder.community.service.UserService.findUserById].
2024-09-06 01:14:05,669 INFO [http-nio-8080-exec-2] c.n.c.a.ServiceLogAspect [ServiceLogAspect.java:40] 用户[0:0:0:0:0:0:0:1],在[2024-09-06 01:14:05],访问了[com.nowcoder.community.service.DiscussPostService.findDiscussPostRows].
2024-09-06 01:14:05,686 INFO [http-nio-8080-exec-2] c.n.c.a.ServiceLogAspect [ServiceLogAspect.java:40] 用户[0:0:0:0:0:0:0:1],在[2024-09-06 01:14:05],访问了[com.nowcoder.community.service.DiscussPostService.findDiscussPosts].
2024-09-06 01:14:05,690 INFO [http-nio-8080-exec-2] c.n.c.a.ServiceLogAspect [ServiceLogAspect.java:40] 用户[0:0:0:0:0:0:0:1],在[2024-09-06 01:14:05],访问了[com.nowcoder.community.service.UserService.findUserById].
2024-09-06 01:14:05,695 INFO [http-nio-8080-exec-2] c.n.c.a.ServiceLogAspect [ServiceLogAspect.java:40] 用户[0:0:0:0:0:0:0:1],在[2024-09-06 01:14:05],访问了[com.nowcoder.community.service.LikeService.findEntityLikeCount].
2024-09-06 01:14:05,702 INFO [http-nio-8080-exec-2] c.n.c.a.ServiceLogAspect [ServiceLogAspect.java:40] 用户[0:0:0:0:0:0:0:1],在[2024-09-06 01:14:05],访问了[com.nowcoder.community.service.UserService.findUserById].
2024-09-06 01:14:05,706 INFO [http-nio-8080-exec-2] c.n.c.a.ServiceLogAspect [ServiceLogAspect.java:40] 用户[0:0:0:0:0:0:0:1],在[2024-09-06 01:14:05],访问了[com.nowcoder.community.service.LikeService.findEntityLikeCount].
2024-09-06 01:14:05,707 INFO [http-nio-8080-exec-2] c.n.c.a.ServiceLogAspect [ServiceLogAspect.java:40] 用户[0:0:0:0:0:0:0:1],在[2024-09-06 01:14:05],访问了[com.nowcoder.community.service.UserService.findUserById].
2024-09-06 01:14:05,707 INFO [http-nio-8080-exec-2] c.n.c.a.ServiceLogAspect [ServiceLogAspect.java:40] 用户[0:0:0:0:0:0:0:1],在[2024-09-06 01:14:05],访问了[com.nowcoder.community.service.LikeService.findEntityLikeCount].
2024-09-06 01:14:05,708 INFO [http-nio-8080-exec-2] c.n.c.a.ServiceLogAspect [ServiceLogAspect.java:40] 用户[0:0:0:0:0:0:0:1],在[2024-09-06 01:14:05],访问了[com.nowcoder.community.service.UserService.findUserById].
2024-09-06 01:14:05,709 INFO [http-nio-8080-exec-2] c.n.c.a.ServiceLogAspect [ServiceLogAspect.java:40] 用户[0:0:0:0:0:0:0:1],在[2024-09-06 01:14:05],访问了[com.nowcoder.community.service.LikeService.findEntityLikeCount].
2024-09-06 01:14:05,710 INFO [http-nio-8080-exec-2] c.n.c.a.ServiceLogAspect [ServiceLogAspect.java:40] 用户[0:0:0:0:0:0:0:1],在[2024-09-06 01:14:05],访问了[com.nowcoder.community.service.UserService.findUserById].
2024-09-06 01:14:05,714 INFO [http-nio-8080-exec-2] c.n.c.a.ServiceLogAspect [ServiceLogAspect.java:40] 用户[0:0:0:0:0:0:0:1],在[2024-09-06 01:14:05],访问了[com.nowcoder.community.service.LikeService.findEntityLikeCount].
2024-09-06 01:14:05,715 INFO [http-nio-8080-exec-2] c.n.c.a.ServiceLogAspect [ServiceLogAspect.java:40] 用户[0:0:0:0:0:0:0:1],在[2024-09-06 01:14:05],访问了[com.nowcoder.community.service.UserService.findUserById].
2024-09-06 01:14:05,715 INFO [http-nio-8080-exec-2] c.n.c.a.ServiceLogAspect [ServiceLogAspect.java:40] 用户[0:0:0:0:0:0:0:1],在[2024-09-06 01:14:05],访问了[com.nowcoder.community.service.LikeService.findEntityLikeCount].
2024-09-06 01:14:05,716 INFO [http-nio-8080-exec-2] c.n.c.a.ServiceLogAspect [ServiceLogAspect.java:40] 用户[0:0:0:0:0:0:0:1],在[2024-09-06 01:14:05],访问了[com.nowcoder.community.service.UserService.findUserById].
2024-09-06 01:14:05,717 INFO [http-nio-8080-exec-2] c.n.c.a.ServiceLogAspect [ServiceLogAspect.java:40] 用户[0:0:0:0:0:0:0:1],在[2024-09-06 01:14:05],访问了[com.nowcoder.community.service.LikeService.findEntityLikeCount].
2024-09-06 01:14:05,717 INFO [http-nio-8080-exec-2] c.n.c.a.ServiceLogAspect [ServiceLogAspect.java:40] 用户[0:0:0:0:0:0:0:1],在[2024-09-06 01:14:05],访问了[com.nowcoder.community.service.UserService.findUserById].
2024-09-06 01:14:05,721 INFO [http-nio-8080-exec-2] c.n.c.a.ServiceLogAspect [ServiceLogAspect.java:40] 用户[0:0:0:0:0:0:0:1],在[2024-09-06 01:14:05],访问了[com.nowcoder.community.service.LikeService.findEntityLikeCount].
2024-09-06 01:14:05,722 INFO [http-nio-8080-exec-2] c.n.c.a.ServiceLogAspect [ServiceLogAspect.java:40] 用户[0:0:0:0:0:0:0:1],在[2024-09-06 01:14:05],访问了[com.nowcoder.community.service.UserService.findUserById].
2024-09-06 01:14:05,726 INFO [http-nio-8080-exec-2] c.n.c.a.ServiceLogAspect [ServiceLogAspect.java:40] 用户[0:0:0:0:0:0:0:1],在[2024-09-06 01:14:05],访问了[com.nowcoder.community.service.LikeService.findEntityLikeCount].
2024-09-06 01:14:05,726 INFO [http-nio-8080-exec-2] c.n.c.a.ServiceLogAspect [ServiceLogAspect.java:40] 用户[0:0:0:0:0:0:0:1],在[2024-09-06 01:14:05],访问了[com.nowcoder.community.service.UserService.findUserById].
2024-09-06 01:14:05,730 INFO [http-nio-8080-exec-2] c.n.c.a.ServiceLogAspect [ServiceLogAspect.java:40] 用户[0:0:0:0:0:0:0:1],在[2024-09-06 01:14:05],访问了[com.nowcoder.community.service.LikeService.findEntityLikeCount].
2024-09-06 01:14:10,011 INFO [http-nio-8080-exec-7] c.n.c.a.ServiceLogAspect [ServiceLogAspect.java:40] 用户[0:0:0:0:0:0:0:1],在[2024-09-06 01:14:10],访问了[com.nowcoder.community.service.UserService.findLoginTicket].
2024-09-06 01:14:10,015 INFO [http-nio-8080-exec-7] c.n.c.a.ServiceLogAspect [ServiceLogAspect.java:40] 用户[0:0:0:0:0:0:0:1],在[2024-09-06 01:14:10],访问了[com.nowcoder.community.service.UserService.findUserById].
2024-09-06 01:14:10,026 INFO [http-nio-8080-exec-7] c.n.c.a.ServiceLogAspect [ServiceLogAspect.java:40] 用户[0:0:0:0:0:0:0:1],在[2024-09-06 01:14:10],访问了[com.nowcoder.community.service.UserService.findUserById].
2024-09-06 01:14:10,030 INFO [http-nio-8080-exec-7] c.n.c.a.ServiceLogAspect [ServiceLogAspect.java:40] 用户[0:0:0:0:0:0:0:1],在[2024-09-06 01:14:10],访问了[com.nowcoder.community.service.LikeService.findUserLikeCount].
2024-09-06 01:14:10,032 INFO [http-nio-8080-exec-7] c.n.c.a.ServiceLogAspect [ServiceLogAspect.java:40] 用户[0:0:0:0:0:0:0:1],在[2024-09-06 01:14:10],访问了[com.nowcoder.community.service.FollowService.findFolloweeCount].
2024-09-06 01:14:10,044 INFO [http-nio-8080-exec-7] c.n.c.a.ServiceLogAspect [ServiceLogAspect.java:40] 用户[0:0:0:0:0:0:0:1],在[2024-09-06 01:14:10],访问了[com.nowcoder.community.service.FollowService.findFollowerCount].
2024-09-06 01:14:10,046 INFO [http-nio-8080-exec-7] c.n.c.a.ServiceLogAspect [ServiceLogAspect.java:40] 用户[0:0:0:0:0:0:0:1],在[2024-09-06 01:14:10],访问了[com.nowcoder.community.service.FollowService.hasFollowed].
2024-09-06 01:14:13,773 INFO [http-nio-8080-exec-1] c.n.c.a.ServiceLogAspect [ServiceLogAspect.java:40] 用户[0:0:0:0:0:0:0:1],在[2024-09-06 01:14:13],访问了[com.nowcoder.community.service.UserService.findLoginTicket].
2024-09-06 01:14:13,775 INFO [http-nio-8080-exec-1] c.n.c.a.ServiceLogAspect [ServiceLogAspect.java:40] 用户[0:0:0:0:0:0:0:1],在[2024-09-06 01:14:13],访问了[com.nowcoder.community.service.UserService.findUserById].
2024-09-06 01:14:13,785 INFO [http-nio-8080-exec-1] c.n.c.a.ServiceLogAspect [ServiceLogAspect.java:40] 用户[0:0:0:0:0:0:0:1],在[2024-09-06 01:14:13],访问了[com.nowcoder.community.service.DiscussPostService.findDiscussPostById].
2024-09-06 01:14:13,795 INFO [http-nio-8080-exec-1] c.n.c.a.ServiceLogAspect [ServiceLogAspect.java:40] 用户[0:0:0:0:0:0:0:1],在[2024-09-06 01:14:13],访问了[com.nowcoder.community.service.UserService.findUserById].
2024-09-06 01:14:13,798 INFO [http-nio-8080-exec-1] c.n.c.a.ServiceLogAspect [ServiceLogAspect.java:40] 用户[0:0:0:0:0:0:0:1],在[2024-09-06 01:14:13],访问了[com.nowcoder.community.service.LikeService.findEntityLikeCount].
2024-09-06 01:14:13,799 INFO [http-nio-8080-exec-1] c.n.c.a.ServiceLogAspect [ServiceLogAspect.java:40] 用户[0:0:0:0:0:0:0:1],在[2024-09-06 01:14:13],访问了[com.nowcoder.community.service.LikeService.findEntityLikeStatus].
2024-09-06 01:14:13,801 INFO [http-nio-8080-exec-1] c.n.c.a.ServiceLogAspect [ServiceLogAspect.java:40] 用户[0:0:0:0:0:0:0:1],在[2024-09-06 01:14:13],访问了[com.nowcoder.community.service.CommentService.findCommentsByEntity].
2024-09-06 01:14:13,813 INFO [http-nio-8080-exec-1] c.n.c.a.ServiceLogAspect [ServiceLogAspect.java:40] 用户[0:0:0:0:0:0:0:1],在[2024-09-06 01:14:13],访问了[com.nowcoder.community.service.UserService.findUserById].
2024-09-06 01:14:13,820 INFO [http-nio-8080-exec-1] c.n.c.a.ServiceLogAspect [ServiceLogAspect.java:40] 用户[0:0:0:0:0:0:0:1],在[2024-09-06 01:14:13],访问了[com.nowcoder.community.service.LikeService.findEntityLikeCount].
2024-09-06 01:14:13,821 INFO [http-nio-8080-exec-1] c.n.c.a.ServiceLogAspect [ServiceLogAspect.java:40] 用户[0:0:0:0:0:0:0:1],在[2024-09-06 01:14:13],访问了[com.nowcoder.community.service.LikeService.findEntityLikeStatus].
2024-09-06 01:14:13,822 INFO [http-nio-8080-exec-1] c.n.c.a.ServiceLogAspect [ServiceLogAspect.java:40] 用户[0:0:0:0:0:0:0:1],在[2024-09-06 01:14:13],访问了[com.nowcoder.community.service.CommentService.findCommentsByEntity].
2024-09-06 01:14:13,826 INFO [http-nio-8080-exec-1] c.n.c.a.ServiceLogAspect [ServiceLogAspect.java:40] 用户[0:0:0:0:0:0:0:1],在[2024-09-06 01:14:13],访问了[com.nowcoder.community.service.UserService.findUserById].
2024-09-06 01:14:13,827 INFO [http-nio-8080-exec-1] c.n.c.a.ServiceLogAspect [ServiceLogAspect.java:40] 用户[0:0:0:0:0:0:0:1],在[2024-09-06 01:14:13],访问了[com.nowcoder.community.service.LikeService.findEntityLikeCount].
2024-09-06 01:14:13,828 INFO [http-nio-8080-exec-1] c.n.c.a.ServiceLogAspect [ServiceLogAspect.java:40] 用户[0:0:0:0:0:0:0:1],在[2024-09-06 01:14:13],访问了[com.nowcoder.community.service.LikeService.findEntityLikeStatus].
2024-09-06 01:14:13,829 INFO [http-nio-8080-exec-1] c.n.c.a.ServiceLogAspect [ServiceLogAspect.java:40] 用户[0:0:0:0:0:0:0:1],在[2024-09-06 01:14:13],访问了[com.nowcoder.community.service.UserService.findUserById].
2024-09-06 01:14:13,830 INFO [http-nio-8080-exec-1] c.n.c.a.ServiceLogAspect [ServiceLogAspect.java:40] 用户[0:0:0:0:0:0:0:1],在[2024-09-06 01:14:13],访问了[com.nowcoder.community.service.LikeService.findEntityLikeCount].
2024-09-06 01:14:13,830 INFO [http-nio-8080-exec-1] c.n.c.a.ServiceLogAspect [ServiceLogAspect.java:40] 用户[0:0:0:0:0:0:0:1],在[2024-09-06 01:14:13],访问了[com.nowcoder.community.service.LikeService.findEntityLikeStatus].
2024-09-06 01:14:13,831 INFO [http-nio-8080-exec-1] c.n.c.a.ServiceLogAspect [ServiceLogAspect.java:40] 用户[0:0:0:0:0:0:0:1],在[2024-09-06 01:14:13],访问了[com.nowcoder.community.service.UserService.findUserById].
2024-09-06 01:14:13,832 INFO [http-nio-8080-exec-1] c.n.c.a.ServiceLogAspect [ServiceLogAspect.java:40] 用户[0:0:0:0:0:0:0:1],在[2024-09-06 01:14:13],访问了[com.nowcoder.community.service.LikeService.findEntityLikeCount].
2024-09-06 01:14:13,832 INFO [http-nio-8080-exec-1] c.n.c.a.ServiceLogAspect [ServiceLogAspect.java:40] 用户[0:0:0:0:0:0:0:1],在[2024-09-06 01:14:13],访问了[com.nowcoder.community.service.LikeService.findEntityLikeStatus].
2024-09-06 01:14:13,833 INFO [http-nio-8080-exec-1] c.n.c.a.ServiceLogAspect [ServiceLogAspect.java:40] 用户[0:0:0:0:0:0:0:1],在[2024-09-06 01:14:13],访问了[com.nowcoder.community.service.UserService.findUserById].
2024-09-06 01:14:13,833 INFO [http-nio-8080-exec-1] c.n.c.a.ServiceLogAspect [ServiceLogAspect.java:40] 用户[0:0:0:0:0:0:0:1],在[2024-09-06 01:14:13],访问了[com.nowcoder.community.service.CommentService.findCommentCount].
2024-09-06 01:14:13,835 INFO [http-nio-8080-exec-1] c.n.c.a.ServiceLogAspect [ServiceLogAspect.java:40] 用户[0:0:0:0:0:0:0:1],在[2024-09-06 01:14:13],访问了[com.nowcoder.community.service.UserService.findUserById].
2024-09-06 01:14:13,836 INFO [http-nio-8080-exec-1] c.n.c.a.ServiceLogAspect [ServiceLogAspect.java:40] 用户[0:0:0:0:0:0:0:1],在[2024-09-06 01:14:13],访问了[com.nowcoder.community.service.LikeService.findEntityLikeCount].
2024-09-06 01:14:13,837 INFO [http-nio-8080-exec-1] c.n.c.a.ServiceLogAspect [ServiceLogAspect.java:40] 用户[0:0:0:0:0:0:0:1],在[2024-09-06 01:14:13],访问了[com.nowcoder.community.service.LikeService.findEntityLikeStatus].
2024-09-06 01:14:13,837 INFO [http-nio-8080-exec-1] c.n.c.a.ServiceLogAspect [ServiceLogAspect.java:40] 用户[0:0:0:0:0:0:0:1],在[2024-09-06 01:14:13],访问了[com.nowcoder.community.service.CommentService.findCommentsByEntity].
2024-09-06 01:14:13,839 INFO [http-nio-8080-exec-1] c.n.c.a.ServiceLogAspect [ServiceLogAspect.java:40] 用户[0:0:0:0:0:0:0:1],在[2024-09-06 01:14:13],访问了[com.nowcoder.community.service.CommentService.findCommentCount].
2024-09-06 01:14:13,841 INFO [http-nio-8080-exec-1] c.n.c.a.ServiceLogAspect [ServiceLogAspect.java:40] 用户[0:0:0:0:0:0:0:1],在[2024-09-06 01:14:13],访问了[com.nowcoder.community.service.UserService.findUserById].
2024-09-06 01:14:13,844 INFO [http-nio-8080-exec-1] c.n.c.a.ServiceLogAspect [ServiceLogAspect.java:40] 用户[0:0:0:0:0:0:0:1],在[2024-09-06 01:14:13],访问了[com.nowcoder.community.service.LikeService.findEntityLikeCount].
2024-09-06 01:14:13,845 INFO [http-nio-8080-exec-1] c.n.c.a.ServiceLogAspect [ServiceLogAspect.java:40] 用户[0:0:0:0:0:0:0:1],在[2024-09-06 01:14:13],访问了[com.nowcoder.community.service.LikeService.findEntityLikeStatus].
2024-09-06 01:14:13,846 INFO [http-nio-8080-exec-1] c.n.c.a.ServiceLogAspect [ServiceLogAspect.java:40] 用户[0:0:0:0:0:0:0:1],在[2024-09-06 01:14:13],访问了[com.nowcoder.community.service.CommentService.findCommentsByEntity].
2024-09-06 01:14:13,848 INFO [http-nio-8080-exec-1] c.n.c.a.ServiceLogAspect [ServiceLogAspect.java:40] 用户[0:0:0:0:0:0:0:1],在[2024-09-06 01:14:13],访问了[com.nowcoder.community.service.CommentService.findCommentCount].
2024-09-06 01:14:13,849 INFO [http-nio-8080-exec-1] c.n.c.a.ServiceLogAspect [ServiceLogAspect.java:40] 用户[0:0:0:0:0:0:0:1],在[2024-09-06 01:14:13],访问了[com.nowcoder.community.service.UserService.findUserById].
2024-09-06 01:14:13,853 INFO [http-nio-8080-exec-1] c.n.c.a.ServiceLogAspect [ServiceLogAspect.java:40] 用户[0:0:0:0:0:0:0:1],在[2024-09-06 01:14:13],访问了[com.nowcoder.community.service.LikeService.findEntityLikeCount].
2024-09-06 01:14:13,854 INFO [http-nio-8080-exec-1] c.n.c.a.ServiceLogAspect [ServiceLogAspect.java:40] 用户[0:0:0:0:0:0:0:1],在[2024-09-06 01:14:13],访问了[com.nowcoder.community.service.LikeService.findEntityLikeStatus].
2024-09-06 01:14:13,854 INFO [http-nio-8080-exec-1] c.n.c.a.ServiceLogAspect [ServiceLogAspect.java:40] 用户[0:0:0:0:0:0:0:1],在[2024-09-06 01:14:13],访问了[com.nowcoder.community.service.CommentService.findCommentsByEntity].
2024-09-06 01:14:13,855 INFO [http-nio-8080-exec-1] c.n.c.a.ServiceLogAspect [ServiceLogAspect.java:40] 用户[0:0:0:0:0:0:0:1],在[2024-09-06 01:14:13],访问了[com.nowcoder.community.service.CommentService.findCommentCount].
2024-09-06 01:14:13,857 INFO [http-nio-8080-exec-1] c.n.c.a.ServiceLogAspect [ServiceLogAspect.java:40] 用户[0:0:0:0:0:0:0:1],在[2024-09-06 01:14:13],访问了[com.nowcoder.community.service.UserService.findUserById].
2024-09-06 01:14:13,858 INFO [http-nio-8080-exec-1] c.n.c.a.ServiceLogAspect [ServiceLogAspect.java:40] 用户[0:0:0:0:0:0:0:1],在[2024-09-06 01:14:13],访问了[com.nowcoder.community.service.LikeService.findEntityLikeCount].
2024-09-06 01:14:13,858 INFO [http-nio-8080-exec-1] c.n.c.a.ServiceLogAspect [ServiceLogAspect.java:40] 用户[0:0:0:0:0:0:0:1],在[2024-09-06 01:14:13],访问了[com.nowcoder.community.service.LikeService.findEntityLikeStatus].
2024-09-06 01:14:13,859 INFO [http-nio-8080-exec-1] c.n.c.a.ServiceLogAspect [ServiceLogAspect.java:40] 用户[0:0:0:0:0:0:0:1],在[2024-09-06 01:14:13],访问了[com.nowcoder.community.service.CommentService.findCommentsByEntity].
2024-09-06 01:14:13,860 INFO [http-nio-8080-exec-1] c.n.c.a.ServiceLogAspect [ServiceLogAspect.java:40] 用户[0:0:0:0:0:0:0:1],在[2024-09-06 01:14:13],访问了[com.nowcoder.community.service.CommentService.findCommentCount].
2024-09-06 01:18:49,879 INFO [http-nio-8080-exec-9] c.n.c.a.ServiceLogAspect [ServiceLogAspect.java:40] 用户[0:0:0:0:0:0:0:1],在[2024-09-06 01:18:49],访问了[com.nowcoder.community.service.UserService.findLoginTicket].
2024-09-06 01:18:49,880 INFO [http-nio-8080-exec-9] c.n.c.a.ServiceLogAspect [ServiceLogAspect.java:40] 用户[0:0:0:0:0:0:0:1],在[2024-09-06 01:18:49],访问了[com.nowcoder.community.service.UserService.findUserById].
2024-09-06 01:18:49,890 INFO [http-nio-8080-exec-9] c.n.c.a.ServiceLogAspect [ServiceLogAspect.java:40] 用户[0:0:0:0:0:0:0:1],在[2024-09-06 01:18:49],访问了[com.nowcoder.community.service.CommentService.addComment].
2024-09-06 01:18:49,904 INFO [http-nio-8080-exec-9] c.n.c.a.ServiceLogAspect [ServiceLogAspect.java:40] 用户[0:0:0:0:0:0:0:1],在[2024-09-06 01:18:49],访问了[com.nowcoder.community.service.CommentService.findCommentById].
2024-09-06 01:18:49,944 INFO [http-nio-8080-exec-9] o.a.k.c.p.ProducerConfig [AbstractConfig.java:279] ProducerConfig values: 
	acks = 1
	batch.size = 16384
	bootstrap.servers = [192.168.6.216:9092]
	buffer.memory = 33554432
	client.id = 
	compression.type = none
	connections.max.idle.ms = 540000
	enable.idempotence = false
	interceptor.classes = []
	key.serializer = class org.apache.kafka.common.serialization.StringSerializer
	linger.ms = 0
	max.block.ms = 60000
	max.in.flight.requests.per.connection = 5
	max.request.size = 1048576
	metadata.max.age.ms = 300000
	metric.reporters = []
	metrics.num.samples = 2
	metrics.recording.level = INFO
	metrics.sample.window.ms = 30000
	partitioner.class = class org.apache.kafka.clients.producer.internals.DefaultPartitioner
	receive.buffer.bytes = 32768
	reconnect.backoff.max.ms = 1000
	reconnect.backoff.ms = 50
	request.timeout.ms = 30000
	retries = 0
	retry.backoff.ms = 100
	sasl.client.callback.handler.class = null
	sasl.jaas.config = null
	sasl.kerberos.kinit.cmd = /usr/bin/kinit
	sasl.kerberos.min.time.before.relogin = 60000
	sasl.kerberos.service.name = null
	sasl.kerberos.ticket.renew.jitter = 0.05
	sasl.kerberos.ticket.renew.window.factor = 0.8
	sasl.login.callback.handler.class = null
	sasl.login.class = null
	sasl.login.refresh.buffer.seconds = 300
	sasl.login.refresh.min.period.seconds = 60
	sasl.login.refresh.window.factor = 0.8
	sasl.login.refresh.window.jitter = 0.05
	sasl.mechanism = GSSAPI
	security.protocol = PLAINTEXT
	send.buffer.bytes = 131072
	ssl.cipher.suites = null
	ssl.enabled.protocols = [TLSv1.2, TLSv1.1, TLSv1]
	ssl.endpoint.identification.algorithm = https
	ssl.key.password = null
	ssl.keymanager.algorithm = SunX509
	ssl.keystore.location = null
	ssl.keystore.password = null
	ssl.keystore.type = JKS
	ssl.protocol = TLS
	ssl.provider = null
	ssl.secure.random.implementation = null
	ssl.trustmanager.algorithm = PKIX
	ssl.truststore.location = null
	ssl.truststore.password = null
	ssl.truststore.type = JKS
	transaction.timeout.ms = 60000
	transactional.id = null
	value.serializer = class org.apache.kafka.common.serialization.StringSerializer

2024-09-06 01:18:49,953 INFO [http-nio-8080-exec-9] o.a.k.c.u.AppInfoParser [AppInfoParser.java:109] Kafka version : 2.0.1
2024-09-06 01:18:49,953 INFO [http-nio-8080-exec-9] o.a.k.c.u.AppInfoParser [AppInfoParser.java:110] Kafka commitId : fa14705e51bd2ce5
2024-09-06 01:18:49,956 INFO [kafka-producer-network-thread | producer-1] o.a.k.c.Metadata [Metadata.java:285] Cluster ID: ZVBvtguYSf6oEa_eHeuqbg
2024-09-06 01:18:49,966 INFO [http-nio-8080-exec-10] c.n.c.a.ServiceLogAspect [ServiceLogAspect.java:40] 用户[0:0:0:0:0:0:0:1],在[2024-09-06 01:18:49],访问了[com.nowcoder.community.service.UserService.findLoginTicket].
2024-09-06 01:18:49,967 INFO [http-nio-8080-exec-10] c.n.c.a.ServiceLogAspect [ServiceLogAspect.java:40] 用户[0:0:0:0:0:0:0:1],在[2024-09-06 01:18:49],访问了[com.nowcoder.community.service.UserService.findUserById].
2024-09-06 01:18:49,968 INFO [http-nio-8080-exec-10] c.n.c.a.ServiceLogAspect [ServiceLogAspect.java:40] 用户[0:0:0:0:0:0:0:1],在[2024-09-06 01:18:49],访问了[com.nowcoder.community.service.DiscussPostService.findDiscussPostById].
2024-09-06 01:18:49,970 INFO [http-nio-8080-exec-10] c.n.c.a.ServiceLogAspect [ServiceLogAspect.java:40] 用户[0:0:0:0:0:0:0:1],在[2024-09-06 01:18:49],访问了[com.nowcoder.community.service.UserService.findUserById].
2024-09-06 01:18:49,971 INFO [http-nio-8080-exec-10] c.n.c.a.ServiceLogAspect [ServiceLogAspect.java:40] 用户[0:0:0:0:0:0:0:1],在[2024-09-06 01:18:49],访问了[com.nowcoder.community.service.LikeService.findEntityLikeCount].
2024-09-06 01:18:49,971 INFO [http-nio-8080-exec-10] c.n.c.a.ServiceLogAspect [ServiceLogAspect.java:40] 用户[0:0:0:0:0:0:0:1],在[2024-09-06 01:18:49],访问了[com.nowcoder.community.service.LikeService.findEntityLikeStatus].
2024-09-06 01:18:49,972 INFO [http-nio-8080-exec-10] c.n.c.a.ServiceLogAspect [ServiceLogAspect.java:40] 用户[0:0:0:0:0:0:0:1],在[2024-09-06 01:18:49],访问了[com.nowcoder.community.service.CommentService.findCommentsByEntity].
2024-09-06 01:18:49,974 INFO [http-nio-8080-exec-10] c.n.c.a.ServiceLogAspect [ServiceLogAspect.java:40] 用户[0:0:0:0:0:0:0:1],在[2024-09-06 01:18:49],访问了[com.nowcoder.community.service.UserService.findUserById].
2024-09-06 01:18:49,974 INFO [http-nio-8080-exec-10] c.n.c.a.ServiceLogAspect [ServiceLogAspect.java:40] 用户[0:0:0:0:0:0:0:1],在[2024-09-06 01:18:49],访问了[com.nowcoder.community.service.LikeService.findEntityLikeCount].
2024-09-06 01:18:49,975 INFO [http-nio-8080-exec-10] c.n.c.a.ServiceLogAspect [ServiceLogAspect.java:40] 用户[0:0:0:0:0:0:0:1],在[2024-09-06 01:18:49],访问了[com.nowcoder.community.service.LikeService.findEntityLikeStatus].
2024-09-06 01:18:49,976 INFO [http-nio-8080-exec-10] c.n.c.a.ServiceLogAspect [ServiceLogAspect.java:40] 用户[0:0:0:0:0:0:0:1],在[2024-09-06 01:18:49],访问了[com.nowcoder.community.service.CommentService.findCommentsByEntity].
2024-09-06 01:18:49,979 INFO [http-nio-8080-exec-10] c.n.c.a.ServiceLogAspect [ServiceLogAspect.java:40] 用户[0:0:0:0:0:0:0:1],在[2024-09-06 01:18:49],访问了[com.nowcoder.community.service.UserService.findUserById].
2024-09-06 01:18:49,979 INFO [http-nio-8080-exec-10] c.n.c.a.ServiceLogAspect [ServiceLogAspect.java:40] 用户[0:0:0:0:0:0:0:1],在[2024-09-06 01:18:49],访问了[com.nowcoder.community.service.LikeService.findEntityLikeCount].
2024-09-06 01:18:49,980 INFO [http-nio-8080-exec-10] c.n.c.a.ServiceLogAspect [ServiceLogAspect.java:40] 用户[0:0:0:0:0:0:0:1],在[2024-09-06 01:18:49],访问了[com.nowcoder.community.service.LikeService.findEntityLikeStatus].
2024-09-06 01:18:49,981 INFO [http-nio-8080-exec-10] c.n.c.a.ServiceLogAspect [ServiceLogAspect.java:40] 用户[0:0:0:0:0:0:0:1],在[2024-09-06 01:18:49],访问了[com.nowcoder.community.service.UserService.findUserById].
2024-09-06 01:18:49,982 INFO [http-nio-8080-exec-10] c.n.c.a.ServiceLogAspect [ServiceLogAspect.java:40] 用户[0:0:0:0:0:0:0:1],在[2024-09-06 01:18:49],访问了[com.nowcoder.community.service.LikeService.findEntityLikeCount].
2024-09-06 01:18:49,983 INFO [http-nio-8080-exec-10] c.n.c.a.ServiceLogAspect [ServiceLogAspect.java:40] 用户[0:0:0:0:0:0:0:1],在[2024-09-06 01:18:49],访问了[com.nowcoder.community.service.LikeService.findEntityLikeStatus].
2024-09-06 01:18:49,983 INFO [http-nio-8080-exec-10] c.n.c.a.ServiceLogAspect [ServiceLogAspect.java:40] 用户[0:0:0:0:0:0:0:1],在[2024-09-06 01:18:49],访问了[com.nowcoder.community.service.UserService.findUserById].
2024-09-06 01:18:49,984 INFO [http-nio-8080-exec-10] c.n.c.a.ServiceLogAspect [ServiceLogAspect.java:40] 用户[0:0:0:0:0:0:0:1],在[2024-09-06 01:18:49],访问了[com.nowcoder.community.service.LikeService.findEntityLikeCount].
2024-09-06 01:18:49,985 INFO [http-nio-8080-exec-10] c.n.c.a.ServiceLogAspect [ServiceLogAspect.java:40] 用户[0:0:0:0:0:0:0:1],在[2024-09-06 01:18:49],访问了[com.nowcoder.community.service.LikeService.findEntityLikeStatus].
2024-09-06 01:18:49,986 INFO [http-nio-8080-exec-10] c.n.c.a.ServiceLogAspect [ServiceLogAspect.java:40] 用户[0:0:0:0:0:0:0:1],在[2024-09-06 01:18:49],访问了[com.nowcoder.community.service.UserService.findUserById].
2024-09-06 01:18:49,987 INFO [http-nio-8080-exec-10] c.n.c.a.ServiceLogAspect [ServiceLogAspect.java:40] 用户[0:0:0:0:0:0:0:1],在[2024-09-06 01:18:49],访问了[com.nowcoder.community.service.UserService.findUserById].
2024-09-06 01:18:49,988 INFO [http-nio-8080-exec-10] c.n.c.a.ServiceLogAspect [ServiceLogAspect.java:40] 用户[0:0:0:0:0:0:0:1],在[2024-09-06 01:18:49],访问了[com.nowcoder.community.service.LikeService.findEntityLikeCount].
2024-09-06 01:18:49,989 INFO [http-nio-8080-exec-10] c.n.c.a.ServiceLogAspect [ServiceLogAspect.java:40] 用户[0:0:0:0:0:0:0:1],在[2024-09-06 01:18:49],访问了[com.nowcoder.community.service.LikeService.findEntityLikeStatus].
2024-09-06 01:18:49,990 INFO [http-nio-8080-exec-10] c.n.c.a.ServiceLogAspect [ServiceLogAspect.java:40] 用户[0:0:0:0:0:0:0:1],在[2024-09-06 01:18:49],访问了[com.nowcoder.community.service.UserService.findUserById].
2024-09-06 01:18:49,991 INFO [http-nio-8080-exec-10] c.n.c.a.ServiceLogAspect [ServiceLogAspect.java:40] 用户[0:0:0:0:0:0:0:1],在[2024-09-06 01:18:49],访问了[com.nowcoder.community.service.CommentService.findCommentCount].
2024-09-06 01:18:49,993 INFO [http-nio-8080-exec-10] c.n.c.a.ServiceLogAspect [ServiceLogAspect.java:40] 用户[0:0:0:0:0:0:0:1],在[2024-09-06 01:18:49],访问了[com.nowcoder.community.service.UserService.findUserById].
2024-09-06 01:18:49,994 INFO [http-nio-8080-exec-10] c.n.c.a.ServiceLogAspect [ServiceLogAspect.java:40] 用户[0:0:0:0:0:0:0:1],在[2024-09-06 01:18:49],访问了[com.nowcoder.community.service.LikeService.findEntityLikeCount].
2024-09-06 01:18:49,994 INFO [http-nio-8080-exec-10] c.n.c.a.ServiceLogAspect [ServiceLogAspect.java:40] 用户[0:0:0:0:0:0:0:1],在[2024-09-06 01:18:49],访问了[com.nowcoder.community.service.LikeService.findEntityLikeStatus].
2024-09-06 01:18:49,995 INFO [http-nio-8080-exec-10] c.n.c.a.ServiceLogAspect [ServiceLogAspect.java:40] 用户[0:0:0:0:0:0:0:1],在[2024-09-06 01:18:49],访问了[com.nowcoder.community.service.CommentService.findCommentsByEntity].
2024-09-06 01:18:49,997 INFO [http-nio-8080-exec-10] c.n.c.a.ServiceLogAspect [ServiceLogAspect.java:40] 用户[0:0:0:0:0:0:0:1],在[2024-09-06 01:18:49],访问了[com.nowcoder.community.service.CommentService.findCommentCount].
2024-09-06 01:18:49,999 INFO [http-nio-8080-exec-10] c.n.c.a.ServiceLogAspect [ServiceLogAspect.java:40] 用户[0:0:0:0:0:0:0:1],在[2024-09-06 01:18:49],访问了[com.nowcoder.community.service.UserService.findUserById].
2024-09-06 01:18:50,000 INFO [http-nio-8080-exec-10] c.n.c.a.ServiceLogAspect [ServiceLogAspect.java:40] 用户[0:0:0:0:0:0:0:1],在[2024-09-06 01:18:50],访问了[com.nowcoder.community.service.LikeService.findEntityLikeCount].
2024-09-06 01:18:50,001 INFO [http-nio-8080-exec-10] c.n.c.a.ServiceLogAspect [ServiceLogAspect.java:40] 用户[0:0:0:0:0:0:0:1],在[2024-09-06 01:18:50],访问了[com.nowcoder.community.service.LikeService.findEntityLikeStatus].
2024-09-06 01:18:50,001 INFO [http-nio-8080-exec-10] c.n.c.a.ServiceLogAspect [ServiceLogAspect.java:40] 用户[0:0:0:0:0:0:0:1],在[2024-09-06 01:18:50],访问了[com.nowcoder.community.service.CommentService.findCommentsByEntity].
2024-09-06 01:18:50,003 INFO [http-nio-8080-exec-10] c.n.c.a.ServiceLogAspect [ServiceLogAspect.java:40] 用户[0:0:0:0:0:0:0:1],在[2024-09-06 01:18:50],访问了[com.nowcoder.community.service.CommentService.findCommentCount].
2024-09-06 01:18:50,004 INFO [http-nio-8080-exec-10] c.n.c.a.ServiceLogAspect [ServiceLogAspect.java:40] 用户[0:0:0:0:0:0:0:1],在[2024-09-06 01:18:50],访问了[com.nowcoder.community.service.UserService.findUserById].
2024-09-06 01:18:50,005 INFO [http-nio-8080-exec-10] c.n.c.a.ServiceLogAspect [ServiceLogAspect.java:40] 用户[0:0:0:0:0:0:0:1],在[2024-09-06 01:18:50],访问了[com.nowcoder.community.service.LikeService.findEntityLikeCount].
2024-09-06 01:18:50,006 INFO [http-nio-8080-exec-10] c.n.c.a.ServiceLogAspect [ServiceLogAspect.java:40] 用户[0:0:0:0:0:0:0:1],在[2024-09-06 01:18:50],访问了[com.nowcoder.community.service.LikeService.findEntityLikeStatus].
2024-09-06 01:18:50,007 INFO [http-nio-8080-exec-10] c.n.c.a.ServiceLogAspect [ServiceLogAspect.java:40] 用户[0:0:0:0:0:0:0:1],在[2024-09-06 01:18:50],访问了[com.nowcoder.community.service.CommentService.findCommentsByEntity].
2024-09-06 01:18:50,008 INFO [http-nio-8080-exec-10] c.n.c.a.ServiceLogAspect [ServiceLogAspect.java:40] 用户[0:0:0:0:0:0:0:1],在[2024-09-06 01:18:50],访问了[com.nowcoder.community.service.CommentService.findCommentCount].
2024-09-06 01:18:50,010 INFO [http-nio-8080-exec-10] c.n.c.a.ServiceLogAspect [ServiceLogAspect.java:40] 用户[0:0:0:0:0:0:0:1],在[2024-09-06 01:18:50],访问了[com.nowcoder.community.service.UserService.findUserById].
2024-09-06 01:18:50,011 INFO [http-nio-8080-exec-10] c.n.c.a.ServiceLogAspect [ServiceLogAspect.java:40] 用户[0:0:0:0:0:0:0:1],在[2024-09-06 01:18:50],访问了[com.nowcoder.community.service.LikeService.findEntityLikeCount].
2024-09-06 01:18:50,011 INFO [http-nio-8080-exec-10] c.n.c.a.ServiceLogAspect [ServiceLogAspect.java:40] 用户[0:0:0:0:0:0:0:1],在[2024-09-06 01:18:50],访问了[com.nowcoder.community.service.LikeService.findEntityLikeStatus].
2024-09-06 01:18:50,012 INFO [http-nio-8080-exec-10] c.n.c.a.ServiceLogAspect [ServiceLogAspect.java:40] 用户[0:0:0:0:0:0:0:1],在[2024-09-06 01:18:50],访问了[com.nowcoder.community.service.CommentService.findCommentsByEntity].
2024-09-06 01:18:50,013 INFO [http-nio-8080-exec-10] c.n.c.a.ServiceLogAspect [ServiceLogAspect.java:40] 用户[0:0:0:0:0:0:0:1],在[2024-09-06 01:18:50],访问了[com.nowcoder.community.service.CommentService.findCommentCount].
2024-09-06 01:20:59,685 INFO [http-nio-8080-exec-8] c.n.c.a.ServiceLogAspect [ServiceLogAspect.java:40] 用户[0:0:0:0:0:0:0:1],在[2024-09-06 01:20:59],访问了[com.nowcoder.community.service.UserService.findLoginTicket].
2024-09-06 01:20:59,685 INFO [http-nio-8080-exec-8] c.n.c.a.ServiceLogAspect [ServiceLogAspect.java:40] 用户[0:0:0:0:0:0:0:1],在[2024-09-06 01:20:59],访问了[com.nowcoder.community.service.UserService.findUserById].
2024-09-06 01:20:59,687 INFO [http-nio-8080-exec-8] c.n.c.a.ServiceLogAspect [ServiceLogAspect.java:40] 用户[0:0:0:0:0:0:0:1],在[2024-09-06 01:20:59],访问了[com.nowcoder.community.service.LikeService.like].
2024-09-06 01:20:59,713 INFO [http-nio-8080-exec-8] c.n.c.a.ServiceLogAspect [ServiceLogAspect.java:40] 用户[0:0:0:0:0:0:0:1],在[2024-09-06 01:20:59],访问了[com.nowcoder.community.service.LikeService.findEntityLikeCount].
2024-09-06 01:20:59,714 INFO [http-nio-8080-exec-8] c.n.c.a.ServiceLogAspect [ServiceLogAspect.java:40] 用户[0:0:0:0:0:0:0:1],在[2024-09-06 01:20:59],访问了[com.nowcoder.community.service.LikeService.findEntityLikeStatus].
2024-09-06 01:21:42,462 INFO [http-nio-8080-exec-7] c.n.c.a.ServiceLogAspect [ServiceLogAspect.java:40] 用户[0:0:0:0:0:0:0:1],在[2024-09-06 01:21:42],访问了[com.nowcoder.community.service.UserService.findLoginTicket].
2024-09-06 01:21:42,464 INFO [http-nio-8080-exec-7] c.n.c.a.ServiceLogAspect [ServiceLogAspect.java:40] 用户[0:0:0:0:0:0:0:1],在[2024-09-06 01:21:42],访问了[com.nowcoder.community.service.UserService.findUserById].
2024-09-06 01:21:42,468 INFO [http-nio-8080-exec-7] c.n.c.a.ServiceLogAspect [ServiceLogAspect.java:40] 用户[0:0:0:0:0:0:0:1],在[2024-09-06 01:21:42],访问了[com.nowcoder.community.service.UserService.findUserById].
2024-09-06 01:21:42,470 INFO [http-nio-8080-exec-7] c.n.c.a.ServiceLogAspect [ServiceLogAspect.java:40] 用户[0:0:0:0:0:0:0:1],在[2024-09-06 01:21:42],访问了[com.nowcoder.community.service.LikeService.findUserLikeCount].
2024-09-06 01:21:42,472 INFO [http-nio-8080-exec-7] c.n.c.a.ServiceLogAspect [ServiceLogAspect.java:40] 用户[0:0:0:0:0:0:0:1],在[2024-09-06 01:21:42],访问了[com.nowcoder.community.service.FollowService.findFolloweeCount].
2024-09-06 01:21:42,473 INFO [http-nio-8080-exec-7] c.n.c.a.ServiceLogAspect [ServiceLogAspect.java:40] 用户[0:0:0:0:0:0:0:1],在[2024-09-06 01:21:42],访问了[com.nowcoder.community.service.FollowService.findFollowerCount].
2024-09-06 01:21:42,480 INFO [http-nio-8080-exec-7] c.n.c.a.ServiceLogAspect [ServiceLogAspect.java:40] 用户[0:0:0:0:0:0:0:1],在[2024-09-06 01:21:42],访问了[com.nowcoder.community.service.FollowService.hasFollowed].
2024-09-06 01:21:44,954 INFO [http-nio-8080-exec-2] c.n.c.a.ServiceLogAspect [ServiceLogAspect.java:40] 用户[0:0:0:0:0:0:0:1],在[2024-09-06 01:21:44],访问了[com.nowcoder.community.service.UserService.findLoginTicket].
2024-09-06 01:21:44,957 INFO [http-nio-8080-exec-2] c.n.c.a.ServiceLogAspect [ServiceLogAspect.java:40] 用户[0:0:0:0:0:0:0:1],在[2024-09-06 01:21:44],访问了[com.nowcoder.community.service.UserService.findUserById].
2024-09-06 01:21:44,961 INFO [http-nio-8080-exec-2] c.n.c.a.ServiceLogAspect [ServiceLogAspect.java:40] 用户[0:0:0:0:0:0:0:1],在[2024-09-06 01:21:44],访问了[com.nowcoder.community.service.FollowService.follow].
2024-09-06 01:21:44,998 INFO [http-nio-8080-exec-3] c.n.c.a.ServiceLogAspect [ServiceLogAspect.java:40] 用户[0:0:0:0:0:0:0:1],在[2024-09-06 01:21:44],访问了[com.nowcoder.community.service.UserService.findLoginTicket].
2024-09-06 01:21:44,999 INFO [http-nio-8080-exec-3] c.n.c.a.ServiceLogAspect [ServiceLogAspect.java:40] 用户[0:0:0:0:0:0:0:1],在[2024-09-06 01:21:44],访问了[com.nowcoder.community.service.UserService.findUserById].
2024-09-06 01:21:45,000 INFO [http-nio-8080-exec-3] c.n.c.a.ServiceLogAspect [ServiceLogAspect.java:40] 用户[0:0:0:0:0:0:0:1],在[2024-09-06 01:21:45],访问了[com.nowcoder.community.service.UserService.findUserById].
2024-09-06 01:21:45,001 INFO [http-nio-8080-exec-3] c.n.c.a.ServiceLogAspect [ServiceLogAspect.java:40] 用户[0:0:0:0:0:0:0:1],在[2024-09-06 01:21:45],访问了[com.nowcoder.community.service.LikeService.findUserLikeCount].
2024-09-06 01:21:45,002 INFO [http-nio-8080-exec-3] c.n.c.a.ServiceLogAspect [ServiceLogAspect.java:40] 用户[0:0:0:0:0:0:0:1],在[2024-09-06 01:21:45],访问了[com.nowcoder.community.service.FollowService.findFolloweeCount].
2024-09-06 01:21:45,003 INFO [http-nio-8080-exec-3] c.n.c.a.ServiceLogAspect [ServiceLogAspect.java:40] 用户[0:0:0:0:0:0:0:1],在[2024-09-06 01:21:45],访问了[com.nowcoder.community.service.FollowService.findFollowerCount].
2024-09-06 01:21:45,004 INFO [http-nio-8080-exec-3] c.n.c.a.ServiceLogAspect [ServiceLogAspect.java:40] 用户[0:0:0:0:0:0:0:1],在[2024-09-06 01:21:45],访问了[com.nowcoder.community.service.FollowService.hasFollowed].
2024-09-06 01:21:47,802 INFO [http-nio-8080-exec-8] c.n.c.a.ServiceLogAspect [ServiceLogAspect.java:40] 用户[0:0:0:0:0:0:0:1],在[2024-09-06 01:21:47],访问了[com.nowcoder.community.service.UserService.findLoginTicket].
2024-09-06 01:21:47,805 INFO [http-nio-8080-exec-8] c.n.c.a.ServiceLogAspect [ServiceLogAspect.java:40] 用户[0:0:0:0:0:0:0:1],在[2024-09-06 01:21:47],访问了[com.nowcoder.community.service.UserService.findUserById].
2024-09-06 01:21:47,808 INFO [http-nio-8080-exec-8] c.n.c.a.ServiceLogAspect [ServiceLogAspect.java:40] 用户[0:0:0:0:0:0:0:1],在[2024-09-06 01:21:47],访问了[com.nowcoder.community.service.UserService.findUserById].
2024-09-06 01:21:47,810 INFO [http-nio-8080-exec-8] c.n.c.a.ServiceLogAspect [ServiceLogAspect.java:40] 用户[0:0:0:0:0:0:0:1],在[2024-09-06 01:21:47],访问了[com.nowcoder.community.service.LikeService.findUserLikeCount].
2024-09-06 01:21:47,812 INFO [http-nio-8080-exec-8] c.n.c.a.ServiceLogAspect [ServiceLogAspect.java:40] 用户[0:0:0:0:0:0:0:1],在[2024-09-06 01:21:47],访问了[com.nowcoder.community.service.FollowService.findFolloweeCount].
2024-09-06 01:21:47,814 INFO [http-nio-8080-exec-8] c.n.c.a.ServiceLogAspect [ServiceLogAspect.java:40] 用户[0:0:0:0:0:0:0:1],在[2024-09-06 01:21:47],访问了[com.nowcoder.community.service.FollowService.findFollowerCount].
2024-09-06 01:21:47,815 INFO [http-nio-8080-exec-8] c.n.c.a.ServiceLogAspect [ServiceLogAspect.java:40] 用户[0:0:0:0:0:0:0:1],在[2024-09-06 01:21:47],访问了[com.nowcoder.community.service.FollowService.hasFollowed].
2024-09-06 01:21:50,289 INFO [http-nio-8080-exec-1] c.n.c.a.ServiceLogAspect [ServiceLogAspect.java:40] 用户[0:0:0:0:0:0:0:1],在[2024-09-06 01:21:50],访问了[com.nowcoder.community.service.UserService.findLoginTicket].
2024-09-06 01:21:50,292 INFO [http-nio-8080-exec-1] c.n.c.a.ServiceLogAspect [ServiceLogAspect.java:40] 用户[0:0:0:0:0:0:0:1],在[2024-09-06 01:21:50],访问了[com.nowcoder.community.service.UserService.findUserById].
2024-09-06 01:21:50,294 INFO [http-nio-8080-exec-1] c.n.c.a.ServiceLogAspect [ServiceLogAspect.java:40] 用户[0:0:0:0:0:0:0:1],在[2024-09-06 01:21:50],访问了[com.nowcoder.community.service.UserService.findUserById].
2024-09-06 01:21:50,295 INFO [http-nio-8080-exec-1] c.n.c.a.ServiceLogAspect [ServiceLogAspect.java:40] 用户[0:0:0:0:0:0:0:1],在[2024-09-06 01:21:50],访问了[com.nowcoder.community.service.FollowService.findFolloweeCount].
2024-09-06 01:21:50,296 INFO [http-nio-8080-exec-1] c.n.c.a.ServiceLogAspect [ServiceLogAspect.java:40] 用户[0:0:0:0:0:0:0:1],在[2024-09-06 01:21:50],访问了[com.nowcoder.community.service.FollowService.findFollowees].
2024-09-06 01:21:50,299 INFO [http-nio-8080-exec-1] c.n.c.a.ServiceLogAspect [ServiceLogAspect.java:40] 用户[0:0:0:0:0:0:0:1],在[2024-09-06 01:21:50],访问了[com.nowcoder.community.service.UserService.findUserById].
2024-09-06 01:21:50,300 INFO [http-nio-8080-exec-1] c.n.c.a.ServiceLogAspect [ServiceLogAspect.java:40] 用户[0:0:0:0:0:0:0:1],在[2024-09-06 01:21:50],访问了[com.nowcoder.community.service.UserService.findUserById].
2024-09-06 01:21:50,300 INFO [http-nio-8080-exec-1] c.n.c.a.ServiceLogAspect [ServiceLogAspect.java:40] 用户[0:0:0:0:0:0:0:1],在[2024-09-06 01:21:50],访问了[com.nowcoder.community.service.UserService.findUserById].
2024-09-06 01:21:50,302 INFO [http-nio-8080-exec-1] c.n.c.a.ServiceLogAspect [ServiceLogAspect.java:40] 用户[0:0:0:0:0:0:0:1],在[2024-09-06 01:21:50],访问了[com.nowcoder.community.service.FollowService.hasFollowed].
2024-09-06 01:21:50,303 INFO [http-nio-8080-exec-1] c.n.c.a.ServiceLogAspect [ServiceLogAspect.java:40] 用户[0:0:0:0:0:0:0:1],在[2024-09-06 01:21:50],访问了[com.nowcoder.community.service.FollowService.hasFollowed].
2024-09-06 01:21:50,304 INFO [http-nio-8080-exec-1] c.n.c.a.ServiceLogAspect [ServiceLogAspect.java:40] 用户[0:0:0:0:0:0:0:1],在[2024-09-06 01:21:50],访问了[com.nowcoder.community.service.FollowService.hasFollowed].
2024-09-06 01:24:35,769 INFO [org.springframework.kafka.KafkaListenerEndpointContainer#0-0-C-1] o.s.s.c.ThreadPoolTaskScheduler [ExecutorConfigurationSupport.java:208] Shutting down ExecutorService
2024-09-06 01:24:35,772 INFO [org.springframework.kafka.KafkaListenerEndpointContainer#0-0-C-1] o.s.k.l.KafkaMessageListenerContainer$ListenerConsumer [KafkaMessageListenerContainer.java:840] Consumer stopped
2024-09-06 01:24:35,774 INFO [Thread-8] o.s.s.c.ThreadPoolTaskExecutor [ExecutorConfigurationSupport.java:208] Shutting down ExecutorService 'applicationTaskExecutor'
2024-09-06 01:24:35,775 INFO [Thread-8] o.a.k.c.p.KafkaProducer [KafkaProducer.java:1090] [Producer clientId=producer-1] Closing the Kafka producer with timeoutMillis = 30000 ms.
2024-09-06 01:24:36,887 INFO [Thread-8] c.z.h.HikariDataSource [HikariDataSource.java:350] HikariPool-1 - Shutdown initiated...
2024-09-06 01:24:36,891 INFO [Thread-8] c.z.h.HikariDataSource [HikariDataSource.java:352] HikariPool-1 - Shutdown completed.
2024-09-06 01:24:38,627 INFO [restartedMain] c.n.c.CommunityApplication [StartupInfoLogger.java:50] Starting CommunityApplication on aug-CVN-Z690-GAMING-PRO with PID 300004 (/home/aug/software/java/projects_work/community/target/classes started by aug in /home/aug/software/java/projects_work/community)
2024-09-06 01:24:38,629 INFO [restartedMain] c.n.c.CommunityApplication [SpringApplication.java:675] No active profile set, falling back to default profiles: default
2024-09-06 01:24:38,654 INFO [restartedMain] o.s.b.d.e.DevToolsPropertyDefaultsPostProcessor [DeferredLog.java:227] Devtools property defaults active! Set 'spring.devtools.add-properties' to 'false' to disable
2024-09-06 01:24:38,655 INFO [restartedMain] o.s.b.d.e.DevToolsPropertyDefaultsPostProcessor [DeferredLog.java:227] For additional web related logging consider setting the 'logging.level.web' property to 'DEBUG'
2024-09-06 01:24:39,078 INFO [restartedMain] o.s.d.r.c.RepositoryConfigurationDelegate [RepositoryConfigurationDelegate.java:244] Multiple Spring Data modules found, entering strict repository configuration mode!
2024-09-06 01:24:39,079 INFO [restartedMain] o.s.d.r.c.RepositoryConfigurationDelegate [RepositoryConfigurationDelegate.java:126] Bootstrapping Spring Data repositories in DEFAULT mode.
2024-09-06 01:24:39,091 INFO [restartedMain] o.s.d.r.c.RepositoryConfigurationDelegate [RepositoryConfigurationDelegate.java:182] Finished Spring Data repository scanning in 6ms. Found 0 repository interfaces.
2024-09-06 01:24:39,295 INFO [restartedMain] o.s.c.s.PostProcessorRegistrationDelegate$BeanPostProcessorChecker [PostProcessorRegistrationDelegate.java:330] Bean 'org.springframework.kafka.annotation.KafkaBootstrapConfiguration' of type [org.springframework.kafka.annotation.KafkaBootstrapConfiguration$$EnhancerBySpringCGLIB$$47514b01] is not eligible for getting processed by all BeanPostProcessors (for example: not eligible for auto-proxying)
2024-09-06 01:24:39,331 INFO [restartedMain] o.s.c.s.PostProcessorRegistrationDelegate$BeanPostProcessorChecker [PostProcessorRegistrationDelegate.java:330] Bean 'org.springframework.transaction.annotation.ProxyTransactionManagementConfiguration' of type [org.springframework.transaction.annotation.ProxyTransactionManagementConfiguration$$EnhancerBySpringCGLIB$$739f397e] is not eligible for getting processed by all BeanPostProcessors (for example: not eligible for auto-proxying)
2024-09-06 01:24:39,620 INFO [restartedMain] o.s.b.w.e.t.TomcatWebServer [TomcatWebServer.java:90] Tomcat initialized with port(s): 8080 (http)
2024-09-06 01:24:39,628 INFO [restartedMain] o.a.c.h.Http11NioProtocol [DirectJDKLog.java:173] Initializing ProtocolHandler ["http-nio-8080"]
2024-09-06 01:24:39,639 INFO [restartedMain] o.a.c.c.StandardService [DirectJDKLog.java:173] Starting service [Tomcat]
2024-09-06 01:24:39,639 INFO [restartedMain] o.a.c.c.StandardEngine [DirectJDKLog.java:173] Starting Servlet engine: [Apache Tomcat/9.0.19]
2024-09-06 01:24:39,690 INFO [restartedMain] o.a.c.c.C.[.[.[/community] [DirectJDKLog.java:173] Initializing Spring embedded WebApplicationContext
2024-09-06 01:24:39,690 INFO [restartedMain] o.s.w.c.ContextLoader [ServletWebServerApplicationContext.java:296] Root WebApplicationContext: initialization completed in 1035 ms
2024-09-06 01:24:40,450 INFO [restartedMain] o.s.s.c.ThreadPoolTaskExecutor [ExecutorConfigurationSupport.java:171] Initializing ExecutorService 'applicationTaskExecutor'
2024-09-06 01:24:40,544 INFO [restartedMain] o.s.b.a.w.s.WelcomePageHandlerMapping [WelcomePageHandlerMapping.java:61] Adding welcome page template: index
2024-09-06 01:24:40,739 INFO [restartedMain] o.s.b.d.a.OptionalLiveReloadServer [OptionalLiveReloadServer.java:57] LiveReload server is running on port 35729
2024-09-06 01:24:40,782 INFO [restartedMain] o.a.k.c.c.ConsumerConfig [AbstractConfig.java:279] ConsumerConfig values: 
	auto.commit.interval.ms = 3000
	auto.offset.reset = latest
	bootstrap.servers = [192.168.6.216:9092]
	check.crcs = true
	client.id = 
	connections.max.idle.ms = 540000
	default.api.timeout.ms = 60000
	enable.auto.commit = true
	exclude.internal.topics = true
	fetch.max.bytes = 52428800
	fetch.max.wait.ms = 500
	fetch.min.bytes = 1
	group.id = community-consumer-group
	heartbeat.interval.ms = 3000
	interceptor.classes = []
	internal.leave.group.on.close = true
	isolation.level = read_uncommitted
	key.deserializer = class org.apache.kafka.common.serialization.StringDeserializer
	max.partition.fetch.bytes = 1048576
	max.poll.interval.ms = 300000
	max.poll.records = 500
	metadata.max.age.ms = 300000
	metric.reporters = []
	metrics.num.samples = 2
	metrics.recording.level = INFO
	metrics.sample.window.ms = 30000
	partition.assignment.strategy = [class org.apache.kafka.clients.consumer.RangeAssignor]
	receive.buffer.bytes = 65536
	reconnect.backoff.max.ms = 1000
	reconnect.backoff.ms = 50
	request.timeout.ms = 30000
	retry.backoff.ms = 100
	sasl.client.callback.handler.class = null
	sasl.jaas.config = null
	sasl.kerberos.kinit.cmd = /usr/bin/kinit
	sasl.kerberos.min.time.before.relogin = 60000
	sasl.kerberos.service.name = null
	sasl.kerberos.ticket.renew.jitter = 0.05
	sasl.kerberos.ticket.renew.window.factor = 0.8
	sasl.login.callback.handler.class = null
	sasl.login.class = null
	sasl.login.refresh.buffer.seconds = 300
	sasl.login.refresh.min.period.seconds = 60
	sasl.login.refresh.window.factor = 0.8
	sasl.login.refresh.window.jitter = 0.05
	sasl.mechanism = GSSAPI
	security.protocol = PLAINTEXT
	send.buffer.bytes = 131072
	session.timeout.ms = 10000
	ssl.cipher.suites = null
	ssl.enabled.protocols = [TLSv1.2, TLSv1.1, TLSv1]
	ssl.endpoint.identification.algorithm = https
	ssl.key.password = null
	ssl.keymanager.algorithm = SunX509
	ssl.keystore.location = null
	ssl.keystore.password = null
	ssl.keystore.type = JKS
	ssl.protocol = TLS
	ssl.provider = null
	ssl.secure.random.implementation = null
	ssl.trustmanager.algorithm = PKIX
	ssl.truststore.location = null
	ssl.truststore.password = null
	ssl.truststore.type = JKS
	value.deserializer = class org.apache.kafka.common.serialization.StringDeserializer

2024-09-06 01:24:40,814 INFO [restartedMain] o.a.k.c.u.AppInfoParser [AppInfoParser.java:109] Kafka version : 2.0.1
2024-09-06 01:24:40,814 INFO [restartedMain] o.a.k.c.u.AppInfoParser [AppInfoParser.java:110] Kafka commitId : fa14705e51bd2ce5
2024-09-06 01:24:40,878 INFO [restartedMain] o.a.k.c.Metadata [Metadata.java:285] Cluster ID: ZVBvtguYSf6oEa_eHeuqbg
2024-09-06 01:24:40,888 INFO [restartedMain] o.a.k.c.c.ConsumerConfig [AbstractConfig.java:279] ConsumerConfig values: 
	auto.commit.interval.ms = 3000
	auto.offset.reset = latest
	bootstrap.servers = [192.168.6.216:9092]
	check.crcs = true
	client.id = 
	connections.max.idle.ms = 540000
	default.api.timeout.ms = 60000
	enable.auto.commit = true
	exclude.internal.topics = true
	fetch.max.bytes = 52428800
	fetch.max.wait.ms = 500
	fetch.min.bytes = 1
	group.id = community-consumer-group
	heartbeat.interval.ms = 3000
	interceptor.classes = []
	internal.leave.group.on.close = true
	isolation.level = read_uncommitted
	key.deserializer = class org.apache.kafka.common.serialization.StringDeserializer
	max.partition.fetch.bytes = 1048576
	max.poll.interval.ms = 300000
	max.poll.records = 500
	metadata.max.age.ms = 300000
	metric.reporters = []
	metrics.num.samples = 2
	metrics.recording.level = INFO
	metrics.sample.window.ms = 30000
	partition.assignment.strategy = [class org.apache.kafka.clients.consumer.RangeAssignor]
	receive.buffer.bytes = 65536
	reconnect.backoff.max.ms = 1000
	reconnect.backoff.ms = 50
	request.timeout.ms = 30000
	retry.backoff.ms = 100
	sasl.client.callback.handler.class = null
	sasl.jaas.config = null
	sasl.kerberos.kinit.cmd = /usr/bin/kinit
	sasl.kerberos.min.time.before.relogin = 60000
	sasl.kerberos.service.name = null
	sasl.kerberos.ticket.renew.jitter = 0.05
	sasl.kerberos.ticket.renew.window.factor = 0.8
	sasl.login.callback.handler.class = null
	sasl.login.class = null
	sasl.login.refresh.buffer.seconds = 300
	sasl.login.refresh.min.period.seconds = 60
	sasl.login.refresh.window.factor = 0.8
	sasl.login.refresh.window.jitter = 0.05
	sasl.mechanism = GSSAPI
	security.protocol = PLAINTEXT
	send.buffer.bytes = 131072
	session.timeout.ms = 10000
	ssl.cipher.suites = null
	ssl.enabled.protocols = [TLSv1.2, TLSv1.1, TLSv1]
	ssl.endpoint.identification.algorithm = https
	ssl.key.password = null
	ssl.keymanager.algorithm = SunX509
	ssl.keystore.location = null
	ssl.keystore.password = null
	ssl.keystore.type = JKS
	ssl.protocol = TLS
	ssl.provider = null
	ssl.secure.random.implementation = null
	ssl.trustmanager.algorithm = PKIX
	ssl.truststore.location = null
	ssl.truststore.password = null
	ssl.truststore.type = JKS
	value.deserializer = class org.apache.kafka.common.serialization.StringDeserializer

2024-09-06 01:24:40,892 INFO [restartedMain] o.a.k.c.u.AppInfoParser [AppInfoParser.java:109] Kafka version : 2.0.1
2024-09-06 01:24:40,892 INFO [restartedMain] o.a.k.c.u.AppInfoParser [AppInfoParser.java:110] Kafka commitId : fa14705e51bd2ce5
2024-09-06 01:24:40,894 INFO [restartedMain] o.s.s.c.ThreadPoolTaskScheduler [ExecutorConfigurationSupport.java:171] Initializing ExecutorService
2024-09-06 01:24:40,900 INFO [org.springframework.kafka.KafkaListenerEndpointContainer#0-0-C-1] o.a.k.c.Metadata [Metadata.java:285] Cluster ID: ZVBvtguYSf6oEa_eHeuqbg
2024-09-06 01:24:40,901 INFO [org.springframework.kafka.KafkaListenerEndpointContainer#0-0-C-1] o.a.k.c.c.i.AbstractCoordinator [AbstractCoordinator.java:677] [Consumer clientId=consumer-2, groupId=community-consumer-group] Discovered group coordinator aug-CVN-Z690-GAMING-PRO:9092 (id: 2147483647 rack: null)
2024-09-06 01:24:40,903 INFO [org.springframework.kafka.KafkaListenerEndpointContainer#0-0-C-1] o.a.k.c.c.i.ConsumerCoordinator [ConsumerCoordinator.java:472] [Consumer clientId=consumer-2, groupId=community-consumer-group] Revoking previously assigned partitions []
2024-09-06 01:24:40,904 INFO [org.springframework.kafka.KafkaListenerEndpointContainer#0-0-C-1] o.s.k.l.KafkaMessageListenerContainer [AbstractMessageListenerContainer.java:375] partitions revoked: []
2024-09-06 01:24:40,904 INFO [org.springframework.kafka.KafkaListenerEndpointContainer#0-0-C-1] o.a.k.c.c.i.AbstractCoordinator [AbstractCoordinator.java:509] [Consumer clientId=consumer-2, groupId=community-consumer-group] (Re-)joining group
2024-09-06 01:24:40,904 INFO [restartedMain] o.a.c.h.Http11NioProtocol [DirectJDKLog.java:173] Starting ProtocolHandler ["http-nio-8080"]
2024-09-06 01:24:40,911 INFO [org.springframework.kafka.KafkaListenerEndpointContainer#0-0-C-1] o.a.k.c.c.i.AbstractCoordinator [AbstractCoordinator.java:473] [Consumer clientId=consumer-2, groupId=community-consumer-group] Successfully joined group with generation 5
2024-09-06 01:24:40,912 INFO [org.springframework.kafka.KafkaListenerEndpointContainer#0-0-C-1] o.a.k.c.c.i.ConsumerCoordinator [ConsumerCoordinator.java:280] [Consumer clientId=consumer-2, groupId=community-consumer-group] Setting newly assigned partitions [comment-0, like-0, follow-0]
2024-09-06 01:24:40,914 INFO [restartedMain] o.s.b.w.e.t.TomcatWebServer [TomcatWebServer.java:204] Tomcat started on port(s): 8080 (http) with context path '/community'
2024-09-06 01:24:40,914 INFO [org.springframework.kafka.KafkaListenerEndpointContainer#0-0-C-1] o.s.k.l.KafkaMessageListenerContainer [AbstractMessageListenerContainer.java:380] partitions assigned: [comment-0, like-0, follow-0]
2024-09-06 01:24:40,915 INFO [restartedMain] c.n.c.CommunityApplication [StartupInfoLogger.java:59] Started CommunityApplication in 2.553 seconds (JVM running for 2.809)
2024-09-06 01:24:45,630 INFO [http-nio-8080-exec-1] o.a.c.c.C.[.[.[/community] [DirectJDKLog.java:173] Initializing Spring DispatcherServlet 'dispatcherServlet'
2024-09-06 01:24:45,630 INFO [http-nio-8080-exec-1] o.s.w.s.DispatcherServlet [FrameworkServlet.java:524] Initializing Servlet 'dispatcherServlet'
2024-09-06 01:24:45,637 INFO [http-nio-8080-exec-1] o.s.w.s.DispatcherServlet [FrameworkServlet.java:546] Completed initialization in 7 ms
2024-09-06 01:24:45,648 INFO [http-nio-8080-exec-1] c.n.c.a.ServiceLogAspect [ServiceLogAspect.java:40] 用户[0:0:0:0:0:0:0:1],在[2024-09-06 01:24:45],访问了[com.nowcoder.community.service.UserService.findLoginTicket].
2024-09-06 01:24:45,708 INFO [http-nio-8080-exec-1] i.l.c.EpollProvider [EpollProvider.java:68] Starting without optional epoll library
2024-09-06 01:24:45,709 INFO [http-nio-8080-exec-1] i.l.c.KqueueProvider [KqueueProvider.java:70] Starting without optional kqueue library
2024-09-06 01:24:45,823 INFO [http-nio-8080-exec-1] c.n.c.a.ServiceLogAspect [ServiceLogAspect.java:40] 用户[0:0:0:0:0:0:0:1],在[2024-09-06 01:24:45],访问了[com.nowcoder.community.service.UserService.findUserById].
2024-09-06 01:24:45,835 INFO [http-nio-8080-exec-1] c.n.c.a.ServiceLogAspect [ServiceLogAspect.java:40] 用户[0:0:0:0:0:0:0:1],在[2024-09-06 01:24:45],访问了[com.nowcoder.community.service.DiscussPostService.findDiscussPostRows].
2024-09-06 01:24:45,856 INFO [http-nio-8080-exec-1] c.z.h.HikariDataSource [HikariDataSource.java:110] HikariPool-1 - Starting...
2024-09-06 01:24:45,926 INFO [http-nio-8080-exec-1] c.z.h.HikariDataSource [HikariDataSource.java:123] HikariPool-1 - Start completed.
2024-09-06 01:24:45,962 INFO [http-nio-8080-exec-1] c.n.c.a.ServiceLogAspect [ServiceLogAspect.java:40] 用户[0:0:0:0:0:0:0:1],在[2024-09-06 01:24:45],访问了[com.nowcoder.community.service.DiscussPostService.findDiscussPosts].
2024-09-06 01:24:45,969 INFO [http-nio-8080-exec-1] c.n.c.a.ServiceLogAspect [ServiceLogAspect.java:40] 用户[0:0:0:0:0:0:0:1],在[2024-09-06 01:24:45],访问了[com.nowcoder.community.service.UserService.findUserById].
2024-09-06 01:24:45,970 INFO [http-nio-8080-exec-1] c.n.c.a.ServiceLogAspect [ServiceLogAspect.java:40] 用户[0:0:0:0:0:0:0:1],在[2024-09-06 01:24:45],访问了[com.nowcoder.community.service.LikeService.findEntityLikeCount].
2024-09-06 01:24:45,980 INFO [http-nio-8080-exec-1] c.n.c.a.ServiceLogAspect [ServiceLogAspect.java:40] 用户[0:0:0:0:0:0:0:1],在[2024-09-06 01:24:45],访问了[com.nowcoder.community.service.UserService.findUserById].
2024-09-06 01:24:45,981 INFO [http-nio-8080-exec-1] c.n.c.a.ServiceLogAspect [ServiceLogAspect.java:40] 用户[0:0:0:0:0:0:0:1],在[2024-09-06 01:24:45],访问了[com.nowcoder.community.service.LikeService.findEntityLikeCount].
2024-09-06 01:24:45,982 INFO [http-nio-8080-exec-1] c.n.c.a.ServiceLogAspect [ServiceLogAspect.java:40] 用户[0:0:0:0:0:0:0:1],在[2024-09-06 01:24:45],访问了[com.nowcoder.community.service.UserService.findUserById].
2024-09-06 01:24:45,983 INFO [http-nio-8080-exec-1] c.n.c.a.ServiceLogAspect [ServiceLogAspect.java:40] 用户[0:0:0:0:0:0:0:1],在[2024-09-06 01:24:45],访问了[com.nowcoder.community.service.LikeService.findEntityLikeCount].
2024-09-06 01:24:45,984 INFO [http-nio-8080-exec-1] c.n.c.a.ServiceLogAspect [ServiceLogAspect.java:40] 用户[0:0:0:0:0:0:0:1],在[2024-09-06 01:24:45],访问了[com.nowcoder.community.service.UserService.findUserById].
2024-09-06 01:24:45,984 INFO [http-nio-8080-exec-1] c.n.c.a.ServiceLogAspect [ServiceLogAspect.java:40] 用户[0:0:0:0:0:0:0:1],在[2024-09-06 01:24:45],访问了[com.nowcoder.community.service.LikeService.findEntityLikeCount].
2024-09-06 01:24:45,985 INFO [http-nio-8080-exec-1] c.n.c.a.ServiceLogAspect [ServiceLogAspect.java:40] 用户[0:0:0:0:0:0:0:1],在[2024-09-06 01:24:45],访问了[com.nowcoder.community.service.UserService.findUserById].
2024-09-06 01:24:45,986 INFO [http-nio-8080-exec-1] c.n.c.a.ServiceLogAspect [ServiceLogAspect.java:40] 用户[0:0:0:0:0:0:0:1],在[2024-09-06 01:24:45],访问了[com.nowcoder.community.service.LikeService.findEntityLikeCount].
2024-09-06 01:24:45,987 INFO [http-nio-8080-exec-1] c.n.c.a.ServiceLogAspect [ServiceLogAspect.java:40] 用户[0:0:0:0:0:0:0:1],在[2024-09-06 01:24:45],访问了[com.nowcoder.community.service.UserService.findUserById].
2024-09-06 01:24:45,987 INFO [http-nio-8080-exec-1] c.n.c.a.ServiceLogAspect [ServiceLogAspect.java:40] 用户[0:0:0:0:0:0:0:1],在[2024-09-06 01:24:45],访问了[com.nowcoder.community.service.LikeService.findEntityLikeCount].
2024-09-06 01:24:45,988 INFO [http-nio-8080-exec-1] c.n.c.a.ServiceLogAspect [ServiceLogAspect.java:40] 用户[0:0:0:0:0:0:0:1],在[2024-09-06 01:24:45],访问了[com.nowcoder.community.service.UserService.findUserById].
2024-09-06 01:24:45,989 INFO [http-nio-8080-exec-1] c.n.c.a.ServiceLogAspect [ServiceLogAspect.java:40] 用户[0:0:0:0:0:0:0:1],在[2024-09-06 01:24:45],访问了[com.nowcoder.community.service.LikeService.findEntityLikeCount].
2024-09-06 01:24:45,989 INFO [http-nio-8080-exec-1] c.n.c.a.ServiceLogAspect [ServiceLogAspect.java:40] 用户[0:0:0:0:0:0:0:1],在[2024-09-06 01:24:45],访问了[com.nowcoder.community.service.UserService.findUserById].
2024-09-06 01:24:45,990 INFO [http-nio-8080-exec-1] c.n.c.a.ServiceLogAspect [ServiceLogAspect.java:40] 用户[0:0:0:0:0:0:0:1],在[2024-09-06 01:24:45],访问了[com.nowcoder.community.service.LikeService.findEntityLikeCount].
2024-09-06 01:24:45,991 INFO [http-nio-8080-exec-1] c.n.c.a.ServiceLogAspect [ServiceLogAspect.java:40] 用户[0:0:0:0:0:0:0:1],在[2024-09-06 01:24:45],访问了[com.nowcoder.community.service.UserService.findUserById].
2024-09-06 01:24:45,991 INFO [http-nio-8080-exec-1] c.n.c.a.ServiceLogAspect [ServiceLogAspect.java:40] 用户[0:0:0:0:0:0:0:1],在[2024-09-06 01:24:45],访问了[com.nowcoder.community.service.LikeService.findEntityLikeCount].
2024-09-06 01:24:45,992 INFO [http-nio-8080-exec-1] c.n.c.a.ServiceLogAspect [ServiceLogAspect.java:40] 用户[0:0:0:0:0:0:0:1],在[2024-09-06 01:24:45],访问了[com.nowcoder.community.service.UserService.findUserById].
2024-09-06 01:24:45,993 INFO [http-nio-8080-exec-1] c.n.c.a.ServiceLogAspect [ServiceLogAspect.java:40] 用户[0:0:0:0:0:0:0:1],在[2024-09-06 01:24:45],访问了[com.nowcoder.community.service.LikeService.findEntityLikeCount].
2024-09-06 01:24:48,055 INFO [http-nio-8080-exec-6] c.n.c.a.ServiceLogAspect [ServiceLogAspect.java:40] 用户[0:0:0:0:0:0:0:1],在[2024-09-06 01:24:48],访问了[com.nowcoder.community.service.UserService.findLoginTicket].
2024-09-06 01:24:48,056 INFO [http-nio-8080-exec-6] c.n.c.a.ServiceLogAspect [ServiceLogAspect.java:40] 用户[0:0:0:0:0:0:0:1],在[2024-09-06 01:24:48],访问了[com.nowcoder.community.service.UserService.findUserById].
2024-09-06 01:24:48,061 INFO [http-nio-8080-exec-6] c.n.c.a.ServiceLogAspect [ServiceLogAspect.java:40] 用户[0:0:0:0:0:0:0:1],在[2024-09-06 01:24:48],访问了[com.nowcoder.community.service.DiscussPostService.findDiscussPostById].
2024-09-06 01:24:48,064 INFO [http-nio-8080-exec-6] c.n.c.a.ServiceLogAspect [ServiceLogAspect.java:40] 用户[0:0:0:0:0:0:0:1],在[2024-09-06 01:24:48],访问了[com.nowcoder.community.service.UserService.findUserById].
2024-09-06 01:24:48,065 INFO [http-nio-8080-exec-6] c.n.c.a.ServiceLogAspect [ServiceLogAspect.java:40] 用户[0:0:0:0:0:0:0:1],在[2024-09-06 01:24:48],访问了[com.nowcoder.community.service.LikeService.findEntityLikeCount].
2024-09-06 01:24:48,066 INFO [http-nio-8080-exec-6] c.n.c.a.ServiceLogAspect [ServiceLogAspect.java:40] 用户[0:0:0:0:0:0:0:1],在[2024-09-06 01:24:48],访问了[com.nowcoder.community.service.LikeService.findEntityLikeStatus].
2024-09-06 01:24:48,072 INFO [http-nio-8080-exec-6] c.n.c.a.ServiceLogAspect [ServiceLogAspect.java:40] 用户[0:0:0:0:0:0:0:1],在[2024-09-06 01:24:48],访问了[com.nowcoder.community.service.CommentService.findCommentsByEntity].
2024-09-06 01:24:48,081 INFO [http-nio-8080-exec-6] c.n.c.a.ServiceLogAspect [ServiceLogAspect.java:40] 用户[0:0:0:0:0:0:0:1],在[2024-09-06 01:24:48],访问了[com.nowcoder.community.service.UserService.findUserById].
2024-09-06 01:24:48,082 INFO [http-nio-8080-exec-6] c.n.c.a.ServiceLogAspect [ServiceLogAspect.java:40] 用户[0:0:0:0:0:0:0:1],在[2024-09-06 01:24:48],访问了[com.nowcoder.community.service.LikeService.findEntityLikeCount].
2024-09-06 01:24:48,083 INFO [http-nio-8080-exec-6] c.n.c.a.ServiceLogAspect [ServiceLogAspect.java:40] 用户[0:0:0:0:0:0:0:1],在[2024-09-06 01:24:48],访问了[com.nowcoder.community.service.LikeService.findEntityLikeStatus].
2024-09-06 01:24:48,084 INFO [http-nio-8080-exec-6] c.n.c.a.ServiceLogAspect [ServiceLogAspect.java:40] 用户[0:0:0:0:0:0:0:1],在[2024-09-06 01:24:48],访问了[com.nowcoder.community.service.CommentService.findCommentsByEntity].
2024-09-06 01:24:48,086 INFO [http-nio-8080-exec-6] c.n.c.a.ServiceLogAspect [ServiceLogAspect.java:40] 用户[0:0:0:0:0:0:0:1],在[2024-09-06 01:24:48],访问了[com.nowcoder.community.service.UserService.findUserById].
2024-09-06 01:24:48,087 INFO [http-nio-8080-exec-6] c.n.c.a.ServiceLogAspect [ServiceLogAspect.java:40] 用户[0:0:0:0:0:0:0:1],在[2024-09-06 01:24:48],访问了[com.nowcoder.community.service.LikeService.findEntityLikeCount].
2024-09-06 01:24:48,088 INFO [http-nio-8080-exec-6] c.n.c.a.ServiceLogAspect [ServiceLogAspect.java:40] 用户[0:0:0:0:0:0:0:1],在[2024-09-06 01:24:48],访问了[com.nowcoder.community.service.LikeService.findEntityLikeStatus].
2024-09-06 01:24:48,089 INFO [http-nio-8080-exec-6] c.n.c.a.ServiceLogAspect [ServiceLogAspect.java:40] 用户[0:0:0:0:0:0:0:1],在[2024-09-06 01:24:48],访问了[com.nowcoder.community.service.UserService.findUserById].
2024-09-06 01:24:48,091 INFO [http-nio-8080-exec-6] c.n.c.a.ServiceLogAspect [ServiceLogAspect.java:40] 用户[0:0:0:0:0:0:0:1],在[2024-09-06 01:24:48],访问了[com.nowcoder.community.service.LikeService.findEntityLikeCount].
2024-09-06 01:24:48,091 INFO [http-nio-8080-exec-6] c.n.c.a.ServiceLogAspect [ServiceLogAspect.java:40] 用户[0:0:0:0:0:0:0:1],在[2024-09-06 01:24:48],访问了[com.nowcoder.community.service.LikeService.findEntityLikeStatus].
2024-09-06 01:24:48,092 INFO [http-nio-8080-exec-6] c.n.c.a.ServiceLogAspect [ServiceLogAspect.java:40] 用户[0:0:0:0:0:0:0:1],在[2024-09-06 01:24:48],访问了[com.nowcoder.community.service.UserService.findUserById].
2024-09-06 01:24:48,092 INFO [http-nio-8080-exec-6] c.n.c.a.ServiceLogAspect [ServiceLogAspect.java:40] 用户[0:0:0:0:0:0:0:1],在[2024-09-06 01:24:48],访问了[com.nowcoder.community.service.LikeService.findEntityLikeCount].
2024-09-06 01:24:48,093 INFO [http-nio-8080-exec-6] c.n.c.a.ServiceLogAspect [ServiceLogAspect.java:40] 用户[0:0:0:0:0:0:0:1],在[2024-09-06 01:24:48],访问了[com.nowcoder.community.service.LikeService.findEntityLikeStatus].
2024-09-06 01:24:48,094 INFO [http-nio-8080-exec-6] c.n.c.a.ServiceLogAspect [ServiceLogAspect.java:40] 用户[0:0:0:0:0:0:0:1],在[2024-09-06 01:24:48],访问了[com.nowcoder.community.service.UserService.findUserById].
2024-09-06 01:24:48,094 INFO [http-nio-8080-exec-6] c.n.c.a.ServiceLogAspect [ServiceLogAspect.java:40] 用户[0:0:0:0:0:0:0:1],在[2024-09-06 01:24:48],访问了[com.nowcoder.community.service.UserService.findUserById].
2024-09-06 01:24:48,095 INFO [http-nio-8080-exec-6] c.n.c.a.ServiceLogAspect [ServiceLogAspect.java:40] 用户[0:0:0:0:0:0:0:1],在[2024-09-06 01:24:48],访问了[com.nowcoder.community.service.LikeService.findEntityLikeCount].
2024-09-06 01:24:48,096 INFO [http-nio-8080-exec-6] c.n.c.a.ServiceLogAspect [ServiceLogAspect.java:40] 用户[0:0:0:0:0:0:0:1],在[2024-09-06 01:24:48],访问了[com.nowcoder.community.service.LikeService.findEntityLikeStatus].
2024-09-06 01:24:48,096 INFO [http-nio-8080-exec-6] c.n.c.a.ServiceLogAspect [ServiceLogAspect.java:40] 用户[0:0:0:0:0:0:0:1],在[2024-09-06 01:24:48],访问了[com.nowcoder.community.service.UserService.findUserById].
2024-09-06 01:24:48,097 INFO [http-nio-8080-exec-6] c.n.c.a.ServiceLogAspect [ServiceLogAspect.java:40] 用户[0:0:0:0:0:0:0:1],在[2024-09-06 01:24:48],访问了[com.nowcoder.community.service.CommentService.findCommentCount].
2024-09-06 01:24:48,099 INFO [http-nio-8080-exec-6] c.n.c.a.ServiceLogAspect [ServiceLogAspect.java:40] 用户[0:0:0:0:0:0:0:1],在[2024-09-06 01:24:48],访问了[com.nowcoder.community.service.UserService.findUserById].
2024-09-06 01:24:48,099 INFO [http-nio-8080-exec-6] c.n.c.a.ServiceLogAspect [ServiceLogAspect.java:40] 用户[0:0:0:0:0:0:0:1],在[2024-09-06 01:24:48],访问了[com.nowcoder.community.service.LikeService.findEntityLikeCount].
2024-09-06 01:24:48,100 INFO [http-nio-8080-exec-6] c.n.c.a.ServiceLogAspect [ServiceLogAspect.java:40] 用户[0:0:0:0:0:0:0:1],在[2024-09-06 01:24:48],访问了[com.nowcoder.community.service.LikeService.findEntityLikeStatus].
2024-09-06 01:24:48,101 INFO [http-nio-8080-exec-6] c.n.c.a.ServiceLogAspect [ServiceLogAspect.java:40] 用户[0:0:0:0:0:0:0:1],在[2024-09-06 01:24:48],访问了[com.nowcoder.community.service.CommentService.findCommentsByEntity].
2024-09-06 01:24:48,102 INFO [http-nio-8080-exec-6] c.n.c.a.ServiceLogAspect [ServiceLogAspect.java:40] 用户[0:0:0:0:0:0:0:1],在[2024-09-06 01:24:48],访问了[com.nowcoder.community.service.CommentService.findCommentCount].
2024-09-06 01:24:48,103 INFO [http-nio-8080-exec-6] c.n.c.a.ServiceLogAspect [ServiceLogAspect.java:40] 用户[0:0:0:0:0:0:0:1],在[2024-09-06 01:24:48],访问了[com.nowcoder.community.service.UserService.findUserById].
2024-09-06 01:24:48,104 INFO [http-nio-8080-exec-6] c.n.c.a.ServiceLogAspect [ServiceLogAspect.java:40] 用户[0:0:0:0:0:0:0:1],在[2024-09-06 01:24:48],访问了[com.nowcoder.community.service.LikeService.findEntityLikeCount].
2024-09-06 01:24:48,104 INFO [http-nio-8080-exec-6] c.n.c.a.ServiceLogAspect [ServiceLogAspect.java:40] 用户[0:0:0:0:0:0:0:1],在[2024-09-06 01:24:48],访问了[com.nowcoder.community.service.LikeService.findEntityLikeStatus].
2024-09-06 01:24:48,105 INFO [http-nio-8080-exec-6] c.n.c.a.ServiceLogAspect [ServiceLogAspect.java:40] 用户[0:0:0:0:0:0:0:1],在[2024-09-06 01:24:48],访问了[com.nowcoder.community.service.CommentService.findCommentsByEntity].
2024-09-06 01:24:48,106 INFO [http-nio-8080-exec-6] c.n.c.a.ServiceLogAspect [ServiceLogAspect.java:40] 用户[0:0:0:0:0:0:0:1],在[2024-09-06 01:24:48],访问了[com.nowcoder.community.service.CommentService.findCommentCount].
2024-09-06 01:24:48,107 INFO [http-nio-8080-exec-6] c.n.c.a.ServiceLogAspect [ServiceLogAspect.java:40] 用户[0:0:0:0:0:0:0:1],在[2024-09-06 01:24:48],访问了[com.nowcoder.community.service.UserService.findUserById].
2024-09-06 01:24:48,108 INFO [http-nio-8080-exec-6] c.n.c.a.ServiceLogAspect [ServiceLogAspect.java:40] 用户[0:0:0:0:0:0:0:1],在[2024-09-06 01:24:48],访问了[com.nowcoder.community.service.LikeService.findEntityLikeCount].
2024-09-06 01:24:48,109 INFO [http-nio-8080-exec-6] c.n.c.a.ServiceLogAspect [ServiceLogAspect.java:40] 用户[0:0:0:0:0:0:0:1],在[2024-09-06 01:24:48],访问了[com.nowcoder.community.service.LikeService.findEntityLikeStatus].
2024-09-06 01:24:48,110 INFO [http-nio-8080-exec-6] c.n.c.a.ServiceLogAspect [ServiceLogAspect.java:40] 用户[0:0:0:0:0:0:0:1],在[2024-09-06 01:24:48],访问了[com.nowcoder.community.service.CommentService.findCommentsByEntity].
2024-09-06 01:24:48,113 INFO [http-nio-8080-exec-6] c.n.c.a.ServiceLogAspect [ServiceLogAspect.java:40] 用户[0:0:0:0:0:0:0:1],在[2024-09-06 01:24:48],访问了[com.nowcoder.community.service.CommentService.findCommentCount].
2024-09-06 01:24:48,114 INFO [http-nio-8080-exec-6] c.n.c.a.ServiceLogAspect [ServiceLogAspect.java:40] 用户[0:0:0:0:0:0:0:1],在[2024-09-06 01:24:48],访问了[com.nowcoder.community.service.UserService.findUserById].
2024-09-06 01:24:48,115 INFO [http-nio-8080-exec-6] c.n.c.a.ServiceLogAspect [ServiceLogAspect.java:40] 用户[0:0:0:0:0:0:0:1],在[2024-09-06 01:24:48],访问了[com.nowcoder.community.service.LikeService.findEntityLikeCount].
2024-09-06 01:24:48,116 INFO [http-nio-8080-exec-6] c.n.c.a.ServiceLogAspect [ServiceLogAspect.java:40] 用户[0:0:0:0:0:0:0:1],在[2024-09-06 01:24:48],访问了[com.nowcoder.community.service.LikeService.findEntityLikeStatus].
2024-09-06 01:24:48,116 INFO [http-nio-8080-exec-6] c.n.c.a.ServiceLogAspect [ServiceLogAspect.java:40] 用户[0:0:0:0:0:0:0:1],在[2024-09-06 01:24:48],访问了[com.nowcoder.community.service.CommentService.findCommentsByEntity].
2024-09-06 01:24:48,118 INFO [http-nio-8080-exec-6] c.n.c.a.ServiceLogAspect [ServiceLogAspect.java:40] 用户[0:0:0:0:0:0:0:1],在[2024-09-06 01:24:48],访问了[com.nowcoder.community.service.CommentService.findCommentCount].
2024-09-06 01:25:04,869 INFO [http-nio-8080-exec-1] c.n.c.a.ServiceLogAspect [ServiceLogAspect.java:40] 用户[0:0:0:0:0:0:0:1],在[2024-09-06 01:25:04],访问了[com.nowcoder.community.service.UserService.findLoginTicket].
2024-09-06 01:25:04,870 INFO [http-nio-8080-exec-1] c.n.c.a.ServiceLogAspect [ServiceLogAspect.java:40] 用户[0:0:0:0:0:0:0:1],在[2024-09-06 01:25:04],访问了[com.nowcoder.community.service.UserService.findUserById].
2024-09-06 01:25:04,877 INFO [http-nio-8080-exec-1] c.n.c.a.ServiceLogAspect [ServiceLogAspect.java:40] 用户[0:0:0:0:0:0:0:1],在[2024-09-06 01:25:04],访问了[com.nowcoder.community.service.CommentService.addComment].
2024-09-06 01:25:04,889 INFO [http-nio-8080-exec-1] c.n.c.a.ServiceLogAspect [ServiceLogAspect.java:40] 用户[0:0:0:0:0:0:0:1],在[2024-09-06 01:25:04],访问了[com.nowcoder.community.service.DiscussPostService.updateCommentCount].
2024-09-06 01:25:04,896 INFO [http-nio-8080-exec-1] c.n.c.a.ServiceLogAspect [ServiceLogAspect.java:40] 用户[0:0:0:0:0:0:0:1],在[2024-09-06 01:25:04],访问了[com.nowcoder.community.service.DiscussPostService.findDiscussPostById].
2024-09-06 01:25:04,937 INFO [http-nio-8080-exec-1] o.a.k.c.p.ProducerConfig [AbstractConfig.java:279] ProducerConfig values: 
	acks = 1
	batch.size = 16384
	bootstrap.servers = [192.168.6.216:9092]
	buffer.memory = 33554432
	client.id = 
	compression.type = none
	connections.max.idle.ms = 540000
	enable.idempotence = false
	interceptor.classes = []
	key.serializer = class org.apache.kafka.common.serialization.StringSerializer
	linger.ms = 0
	max.block.ms = 60000
	max.in.flight.requests.per.connection = 5
	max.request.size = 1048576
	metadata.max.age.ms = 300000
	metric.reporters = []
	metrics.num.samples = 2
	metrics.recording.level = INFO
	metrics.sample.window.ms = 30000
	partitioner.class = class org.apache.kafka.clients.producer.internals.DefaultPartitioner
	receive.buffer.bytes = 32768
	reconnect.backoff.max.ms = 1000
	reconnect.backoff.ms = 50
	request.timeout.ms = 30000
	retries = 0
	retry.backoff.ms = 100
	sasl.client.callback.handler.class = null
	sasl.jaas.config = null
	sasl.kerberos.kinit.cmd = /usr/bin/kinit
	sasl.kerberos.min.time.before.relogin = 60000
	sasl.kerberos.service.name = null
	sasl.kerberos.ticket.renew.jitter = 0.05
	sasl.kerberos.ticket.renew.window.factor = 0.8
	sasl.login.callback.handler.class = null
	sasl.login.class = null
	sasl.login.refresh.buffer.seconds = 300
	sasl.login.refresh.min.period.seconds = 60
	sasl.login.refresh.window.factor = 0.8
	sasl.login.refresh.window.jitter = 0.05
	sasl.mechanism = GSSAPI
	security.protocol = PLAINTEXT
	send.buffer.bytes = 131072
	ssl.cipher.suites = null
	ssl.enabled.protocols = [TLSv1.2, TLSv1.1, TLSv1]
	ssl.endpoint.identification.algorithm = https
	ssl.key.password = null
	ssl.keymanager.algorithm = SunX509
	ssl.keystore.location = null
	ssl.keystore.password = null
	ssl.keystore.type = JKS
	ssl.protocol = TLS
	ssl.provider = null
	ssl.secure.random.implementation = null
	ssl.trustmanager.algorithm = PKIX
	ssl.truststore.location = null
	ssl.truststore.password = null
	ssl.truststore.type = JKS
	transaction.timeout.ms = 60000
	transactional.id = null
	value.serializer = class org.apache.kafka.common.serialization.StringSerializer

2024-09-06 01:25:04,945 INFO [http-nio-8080-exec-1] o.a.k.c.u.AppInfoParser [AppInfoParser.java:109] Kafka version : 2.0.1
2024-09-06 01:25:04,945 INFO [http-nio-8080-exec-1] o.a.k.c.u.AppInfoParser [AppInfoParser.java:110] Kafka commitId : fa14705e51bd2ce5
2024-09-06 01:25:04,948 INFO [kafka-producer-network-thread | producer-1] o.a.k.c.Metadata [Metadata.java:285] Cluster ID: ZVBvtguYSf6oEa_eHeuqbg
2024-09-06 01:25:04,961 INFO [http-nio-8080-exec-3] c.n.c.a.ServiceLogAspect [ServiceLogAspect.java:40] 用户[0:0:0:0:0:0:0:1],在[2024-09-06 01:25:04],访问了[com.nowcoder.community.service.UserService.findLoginTicket].
2024-09-06 01:25:04,962 INFO [http-nio-8080-exec-3] c.n.c.a.ServiceLogAspect [ServiceLogAspect.java:40] 用户[0:0:0:0:0:0:0:1],在[2024-09-06 01:25:04],访问了[com.nowcoder.community.service.UserService.findUserById].
2024-09-06 01:25:04,963 INFO [http-nio-8080-exec-3] c.n.c.a.ServiceLogAspect [ServiceLogAspect.java:40] 用户[0:0:0:0:0:0:0:1],在[2024-09-06 01:25:04],访问了[com.nowcoder.community.service.DiscussPostService.findDiscussPostById].
2024-09-06 01:25:04,964 INFO [http-nio-8080-exec-3] c.n.c.a.ServiceLogAspect [ServiceLogAspect.java:40] 用户[0:0:0:0:0:0:0:1],在[2024-09-06 01:25:04],访问了[com.nowcoder.community.service.UserService.findUserById].
2024-09-06 01:25:04,965 INFO [http-nio-8080-exec-3] c.n.c.a.ServiceLogAspect [ServiceLogAspect.java:40] 用户[0:0:0:0:0:0:0:1],在[2024-09-06 01:25:04],访问了[com.nowcoder.community.service.LikeService.findEntityLikeCount].
2024-09-06 01:25:04,966 INFO [http-nio-8080-exec-3] c.n.c.a.ServiceLogAspect [ServiceLogAspect.java:40] 用户[0:0:0:0:0:0:0:1],在[2024-09-06 01:25:04],访问了[com.nowcoder.community.service.LikeService.findEntityLikeStatus].
2024-09-06 01:25:04,966 INFO [http-nio-8080-exec-3] c.n.c.a.ServiceLogAspect [ServiceLogAspect.java:40] 用户[0:0:0:0:0:0:0:1],在[2024-09-06 01:25:04],访问了[com.nowcoder.community.service.CommentService.findCommentsByEntity].
2024-09-06 01:25:04,969 INFO [http-nio-8080-exec-3] c.n.c.a.ServiceLogAspect [ServiceLogAspect.java:40] 用户[0:0:0:0:0:0:0:1],在[2024-09-06 01:25:04],访问了[com.nowcoder.community.service.UserService.findUserById].
2024-09-06 01:25:04,970 INFO [http-nio-8080-exec-3] c.n.c.a.ServiceLogAspect [ServiceLogAspect.java:40] 用户[0:0:0:0:0:0:0:1],在[2024-09-06 01:25:04],访问了[com.nowcoder.community.service.LikeService.findEntityLikeCount].
2024-09-06 01:25:04,970 INFO [http-nio-8080-exec-3] c.n.c.a.ServiceLogAspect [ServiceLogAspect.java:40] 用户[0:0:0:0:0:0:0:1],在[2024-09-06 01:25:04],访问了[com.nowcoder.community.service.LikeService.findEntityLikeStatus].
2024-09-06 01:25:04,970 INFO [http-nio-8080-exec-3] c.n.c.a.ServiceLogAspect [ServiceLogAspect.java:40] 用户[0:0:0:0:0:0:0:1],在[2024-09-06 01:25:04],访问了[com.nowcoder.community.service.CommentService.findCommentsByEntity].
2024-09-06 01:25:04,973 INFO [http-nio-8080-exec-3] c.n.c.a.ServiceLogAspect [ServiceLogAspect.java:40] 用户[0:0:0:0:0:0:0:1],在[2024-09-06 01:25:04],访问了[com.nowcoder.community.service.UserService.findUserById].
2024-09-06 01:25:04,974 INFO [http-nio-8080-exec-3] c.n.c.a.ServiceLogAspect [ServiceLogAspect.java:40] 用户[0:0:0:0:0:0:0:1],在[2024-09-06 01:25:04],访问了[com.nowcoder.community.service.LikeService.findEntityLikeCount].
2024-09-06 01:25:04,974 INFO [http-nio-8080-exec-3] c.n.c.a.ServiceLogAspect [ServiceLogAspect.java:40] 用户[0:0:0:0:0:0:0:1],在[2024-09-06 01:25:04],访问了[com.nowcoder.community.service.LikeService.findEntityLikeStatus].
2024-09-06 01:25:04,975 INFO [http-nio-8080-exec-3] c.n.c.a.ServiceLogAspect [ServiceLogAspect.java:40] 用户[0:0:0:0:0:0:0:1],在[2024-09-06 01:25:04],访问了[com.nowcoder.community.service.UserService.findUserById].
2024-09-06 01:25:04,975 INFO [http-nio-8080-exec-3] c.n.c.a.ServiceLogAspect [ServiceLogAspect.java:40] 用户[0:0:0:0:0:0:0:1],在[2024-09-06 01:25:04],访问了[com.nowcoder.community.service.LikeService.findEntityLikeCount].
2024-09-06 01:25:04,976 INFO [http-nio-8080-exec-3] c.n.c.a.ServiceLogAspect [ServiceLogAspect.java:40] 用户[0:0:0:0:0:0:0:1],在[2024-09-06 01:25:04],访问了[com.nowcoder.community.service.LikeService.findEntityLikeStatus].
2024-09-06 01:25:04,976 INFO [http-nio-8080-exec-3] c.n.c.a.ServiceLogAspect [ServiceLogAspect.java:40] 用户[0:0:0:0:0:0:0:1],在[2024-09-06 01:25:04],访问了[com.nowcoder.community.service.UserService.findUserById].
2024-09-06 01:25:04,977 INFO [http-nio-8080-exec-3] c.n.c.a.ServiceLogAspect [ServiceLogAspect.java:40] 用户[0:0:0:0:0:0:0:1],在[2024-09-06 01:25:04],访问了[com.nowcoder.community.service.LikeService.findEntityLikeCount].
2024-09-06 01:25:04,977 INFO [http-nio-8080-exec-3] c.n.c.a.ServiceLogAspect [ServiceLogAspect.java:40] 用户[0:0:0:0:0:0:0:1],在[2024-09-06 01:25:04],访问了[com.nowcoder.community.service.LikeService.findEntityLikeStatus].
2024-09-06 01:25:04,977 INFO [http-nio-8080-exec-3] c.n.c.a.ServiceLogAspect [ServiceLogAspect.java:40] 用户[0:0:0:0:0:0:0:1],在[2024-09-06 01:25:04],访问了[com.nowcoder.community.service.UserService.findUserById].
2024-09-06 01:25:04,978 INFO [http-nio-8080-exec-3] c.n.c.a.ServiceLogAspect [ServiceLogAspect.java:40] 用户[0:0:0:0:0:0:0:1],在[2024-09-06 01:25:04],访问了[com.nowcoder.community.service.UserService.findUserById].
2024-09-06 01:25:04,979 INFO [http-nio-8080-exec-3] c.n.c.a.ServiceLogAspect [ServiceLogAspect.java:40] 用户[0:0:0:0:0:0:0:1],在[2024-09-06 01:25:04],访问了[com.nowcoder.community.service.LikeService.findEntityLikeCount].
2024-09-06 01:25:04,979 INFO [http-nio-8080-exec-3] c.n.c.a.ServiceLogAspect [ServiceLogAspect.java:40] 用户[0:0:0:0:0:0:0:1],在[2024-09-06 01:25:04],访问了[com.nowcoder.community.service.LikeService.findEntityLikeStatus].
2024-09-06 01:25:04,980 INFO [http-nio-8080-exec-3] c.n.c.a.ServiceLogAspect [ServiceLogAspect.java:40] 用户[0:0:0:0:0:0:0:1],在[2024-09-06 01:25:04],访问了[com.nowcoder.community.service.UserService.findUserById].
2024-09-06 01:25:04,980 INFO [http-nio-8080-exec-3] c.n.c.a.ServiceLogAspect [ServiceLogAspect.java:40] 用户[0:0:0:0:0:0:0:1],在[2024-09-06 01:25:04],访问了[com.nowcoder.community.service.CommentService.findCommentCount].
2024-09-06 01:25:04,982 INFO [http-nio-8080-exec-3] c.n.c.a.ServiceLogAspect [ServiceLogAspect.java:40] 用户[0:0:0:0:0:0:0:1],在[2024-09-06 01:25:04],访问了[com.nowcoder.community.service.UserService.findUserById].
2024-09-06 01:25:04,983 INFO [http-nio-8080-exec-3] c.n.c.a.ServiceLogAspect [ServiceLogAspect.java:40] 用户[0:0:0:0:0:0:0:1],在[2024-09-06 01:25:04],访问了[com.nowcoder.community.service.LikeService.findEntityLikeCount].
2024-09-06 01:25:04,984 INFO [http-nio-8080-exec-3] c.n.c.a.ServiceLogAspect [ServiceLogAspect.java:40] 用户[0:0:0:0:0:0:0:1],在[2024-09-06 01:25:04],访问了[com.nowcoder.community.service.LikeService.findEntityLikeStatus].
2024-09-06 01:25:04,984 INFO [http-nio-8080-exec-3] c.n.c.a.ServiceLogAspect [ServiceLogAspect.java:40] 用户[0:0:0:0:0:0:0:1],在[2024-09-06 01:25:04],访问了[com.nowcoder.community.service.CommentService.findCommentsByEntity].
2024-09-06 01:25:04,985 INFO [http-nio-8080-exec-3] c.n.c.a.ServiceLogAspect [ServiceLogAspect.java:40] 用户[0:0:0:0:0:0:0:1],在[2024-09-06 01:25:04],访问了[com.nowcoder.community.service.CommentService.findCommentCount].
2024-09-06 01:25:04,986 INFO [http-nio-8080-exec-3] c.n.c.a.ServiceLogAspect [ServiceLogAspect.java:40] 用户[0:0:0:0:0:0:0:1],在[2024-09-06 01:25:04],访问了[com.nowcoder.community.service.UserService.findUserById].
2024-09-06 01:25:04,987 INFO [http-nio-8080-exec-3] c.n.c.a.ServiceLogAspect [ServiceLogAspect.java:40] 用户[0:0:0:0:0:0:0:1],在[2024-09-06 01:25:04],访问了[com.nowcoder.community.service.LikeService.findEntityLikeCount].
2024-09-06 01:25:04,987 INFO [http-nio-8080-exec-3] c.n.c.a.ServiceLogAspect [ServiceLogAspect.java:40] 用户[0:0:0:0:0:0:0:1],在[2024-09-06 01:25:04],访问了[com.nowcoder.community.service.LikeService.findEntityLikeStatus].
2024-09-06 01:25:04,988 INFO [http-nio-8080-exec-3] c.n.c.a.ServiceLogAspect [ServiceLogAspect.java:40] 用户[0:0:0:0:0:0:0:1],在[2024-09-06 01:25:04],访问了[com.nowcoder.community.service.CommentService.findCommentsByEntity].
2024-09-06 01:25:04,989 INFO [http-nio-8080-exec-3] c.n.c.a.ServiceLogAspect [ServiceLogAspect.java:40] 用户[0:0:0:0:0:0:0:1],在[2024-09-06 01:25:04],访问了[com.nowcoder.community.service.CommentService.findCommentCount].
2024-09-06 01:25:04,990 INFO [http-nio-8080-exec-3] c.n.c.a.ServiceLogAspect [ServiceLogAspect.java:40] 用户[0:0:0:0:0:0:0:1],在[2024-09-06 01:25:04],访问了[com.nowcoder.community.service.UserService.findUserById].
2024-09-06 01:25:04,990 INFO [http-nio-8080-exec-3] c.n.c.a.ServiceLogAspect [ServiceLogAspect.java:40] 用户[0:0:0:0:0:0:0:1],在[2024-09-06 01:25:04],访问了[com.nowcoder.community.service.LikeService.findEntityLikeCount].
2024-09-06 01:25:04,991 INFO [http-nio-8080-exec-3] c.n.c.a.ServiceLogAspect [ServiceLogAspect.java:40] 用户[0:0:0:0:0:0:0:1],在[2024-09-06 01:25:04],访问了[com.nowcoder.community.service.LikeService.findEntityLikeStatus].
2024-09-06 01:25:04,991 INFO [http-nio-8080-exec-3] c.n.c.a.ServiceLogAspect [ServiceLogAspect.java:40] 用户[0:0:0:0:0:0:0:1],在[2024-09-06 01:25:04],访问了[com.nowcoder.community.service.CommentService.findCommentsByEntity].
2024-09-06 01:25:04,992 INFO [http-nio-8080-exec-3] c.n.c.a.ServiceLogAspect [ServiceLogAspect.java:40] 用户[0:0:0:0:0:0:0:1],在[2024-09-06 01:25:04],访问了[com.nowcoder.community.service.CommentService.findCommentCount].
2024-09-06 01:25:04,993 INFO [http-nio-8080-exec-3] c.n.c.a.ServiceLogAspect [ServiceLogAspect.java:40] 用户[0:0:0:0:0:0:0:1],在[2024-09-06 01:25:04],访问了[com.nowcoder.community.service.UserService.findUserById].
2024-09-06 01:25:04,994 INFO [http-nio-8080-exec-3] c.n.c.a.ServiceLogAspect [ServiceLogAspect.java:40] 用户[0:0:0:0:0:0:0:1],在[2024-09-06 01:25:04],访问了[com.nowcoder.community.service.LikeService.findEntityLikeCount].
2024-09-06 01:25:04,994 INFO [http-nio-8080-exec-3] c.n.c.a.ServiceLogAspect [ServiceLogAspect.java:40] 用户[0:0:0:0:0:0:0:1],在[2024-09-06 01:25:04],访问了[com.nowcoder.community.service.LikeService.findEntityLikeStatus].
2024-09-06 01:25:04,995 INFO [http-nio-8080-exec-3] c.n.c.a.ServiceLogAspect [ServiceLogAspect.java:40] 用户[0:0:0:0:0:0:0:1],在[2024-09-06 01:25:04],访问了[com.nowcoder.community.service.CommentService.findCommentsByEntity].
2024-09-06 01:25:04,996 INFO [http-nio-8080-exec-3] c.n.c.a.ServiceLogAspect [ServiceLogAspect.java:40] 用户[0:0:0:0:0:0:0:1],在[2024-09-06 01:25:04],访问了[com.nowcoder.community.service.CommentService.findCommentCount].
2024-09-06 01:28:28,568 INFO [org.springframework.kafka.KafkaListenerEndpointContainer#0-0-C-1] o.s.s.c.ThreadPoolTaskScheduler [ExecutorConfigurationSupport.java:208] Shutting down ExecutorService
2024-09-06 01:28:28,571 INFO [org.springframework.kafka.KafkaListenerEndpointContainer#0-0-C-1] o.s.k.l.KafkaMessageListenerContainer$ListenerConsumer [KafkaMessageListenerContainer.java:840] Consumer stopped
2024-09-06 01:28:28,573 INFO [Thread-8] o.s.s.c.ThreadPoolTaskExecutor [ExecutorConfigurationSupport.java:208] Shutting down ExecutorService 'applicationTaskExecutor'
2024-09-06 01:28:28,573 INFO [Thread-8] o.a.k.c.p.KafkaProducer [KafkaProducer.java:1090] [Producer clientId=producer-1] Closing the Kafka producer with timeoutMillis = 30000 ms.
2024-09-06 01:28:29,698 INFO [Thread-8] c.z.h.HikariDataSource [HikariDataSource.java:350] HikariPool-1 - Shutdown initiated...
2024-09-06 01:28:29,711 INFO [Thread-8] c.z.h.HikariDataSource [HikariDataSource.java:352] HikariPool-1 - Shutdown completed.
